2025-12-10 14:17:59.308 | INFO | Training RandomForestClassifier...
2025-12-10 14:18:01.091 | INFO | RandomForest validation accuracy: 81.56%
2025-12-10 14:18:01.091 | INFO | Validation report:
                 precision    recall  f1-score   support

Did Not Survive     0.8130    0.9091    0.8584       110
       Survived     0.8214    0.6667    0.7360        69

       accuracy                         0.8156       179
      macro avg     0.8172    0.7879    0.7972       179
   weighted avg     0.8163    0.8156    0.8112       179

2025-12-10 14:18:01.222 | INFO | Confusion matrix saved to E:\Henry\Github\Titanic-Machine-Learning-from-Disaster\output\esemble_ES_seed2025_randomforest_cm_2025-12-10.png
2025-12-10 14:18:01.447 | INFO | RandomForest submission saved to E:\Henry\Github\Titanic-Machine-Learning-from-Disaster\output\esemble_ES_seed2025_randomforest_submission.csv
2025-12-10 14:18:01.579 | INFO | RandomForest model serialized to E:\Henry\Github\Titanic-Machine-Learning-from-Disaster\output\esemble_ES_seed2025_randomforest_random_forest_2025-12-10.pth
2025-12-10 14:18:01.580 | INFO | Running GridSearchCV for GradientBoostingClassifier...
2025-12-10 14:19:40.994 | INFO | Best GradientBoosting params: {'learning_rate': 0.02, 'max_depth': 3, 'min_samples_leaf': 1, 'min_samples_split': 4, 'n_estimators': 300, 'subsample': 0.9} (cv accuracy 0.8455)
2025-12-10 14:19:41.004 | INFO | GradientBoosting validation accuracy: 82.68%
2025-12-10 14:19:41.005 | INFO | Validation report:
                 precision    recall  f1-score   support

Did Not Survive     0.8376    0.8909    0.8634       110
       Survived     0.8065    0.7246    0.7634        69

       accuracy                         0.8268       179
      macro avg     0.8220    0.8078    0.8134       179
   weighted avg     0.8256    0.8268    0.8249       179

2025-12-10 14:19:41.195 | INFO | Confusion matrix saved to E:\Henry\Github\Titanic-Machine-Learning-from-Disaster\output\esemble_ES_seed2025_gradientboosting_cm_2025-12-10.png
2025-12-10 14:19:41.200 | INFO | GradientBoosting submission saved to E:\Henry\Github\Titanic-Machine-Learning-from-Disaster\output\esemble_ES_seed2025_gradientboosting_submission.csv
2025-12-10 14:19:41.229 | INFO | GradientBoosting model serialized to E:\Henry\Github\Titanic-Machine-Learning-from-Disaster\output\esemble_ES_seed2025_gradientboosting_gradient_boosting_2025-12-10.pth
2025-12-10 14:19:41.232 | INFO | Training LogisticRegression...
2025-12-10 14:19:41.247 | INFO | LogisticRegression validation accuracy: 77.65%
2025-12-10 14:19:41.247 | INFO | Validation report:
                 precision    recall  f1-score   support

Did Not Survive     0.8302    0.8000    0.8148       110
       Survived     0.6986    0.7391    0.7183        69

       accuracy                         0.7765       179
      macro avg     0.7644    0.7696    0.7666       179
   weighted avg     0.7795    0.7765    0.7776       179

2025-12-10 14:19:41.430 | INFO | Confusion matrix saved to E:\Henry\Github\Titanic-Machine-Learning-from-Disaster\output\esemble_ES_seed2025_logisticregression_cm_2025-12-10.png
2025-12-10 14:19:41.433 | INFO | LogisticRegression submission saved to E:\Henry\Github\Titanic-Machine-Learning-from-Disaster\output\esemble_ES_seed2025_logisticregression_submission.csv
2025-12-10 14:19:41.434 | INFO | LogisticRegression model serialized to E:\Henry\Github\Titanic-Machine-Learning-from-Disaster\output\esemble_ES_seed2025_logisticregression_logistic_regression_2025-12-10.pth
2025-12-10 14:19:41.436 | INFO | Running GridSearchCV for SVM (RBF kernel) with scaling...
2025-12-10 14:19:41.795 | INFO | Best SVM params: {'svc__C': 2.0, 'svc__gamma': 0.05} (cv accuracy 0.8203)
2025-12-10 14:19:41.810 | INFO | SVM validation accuracy: 83.24%
2025-12-10 14:19:41.811 | INFO | Validation report:
                 precision    recall  f1-score   support

Did Not Survive     0.8571    0.8727    0.8649       110
       Survived     0.7910    0.7681    0.7794        69

       accuracy                         0.8324       179
      macro avg     0.8241    0.8204    0.8221       179
   weighted avg     0.8317    0.8324    0.8319       179

2025-12-10 14:19:42.002 | INFO | Confusion matrix saved to E:\Henry\Github\Titanic-Machine-Learning-from-Disaster\output\esemble_ES_seed2025_svm_cm_2025-12-10.png
2025-12-10 14:19:42.019 | INFO | SVM submission saved to E:\Henry\Github\Titanic-Machine-Learning-from-Disaster\output\esemble_ES_seed2025_svm_submission.csv
2025-12-10 14:19:42.021 | INFO | SVM model serialized to E:\Henry\Github\Titanic-Machine-Learning-from-Disaster\output\esemble_ES_seed2025_svm_svm_2025-12-10.pth
2025-12-10 14:19:42.023 | INFO | Running GridSearchCV for KNeighborsClassifier with scaling...
2025-12-10 14:19:42.297 | INFO | Best KNN params: {'knn__n_neighbors': 15, 'knn__p': 1, 'knn__weights': 'uniform'} (cv accuracy 0.8231)
2025-12-10 14:19:42.344 | INFO | KNN validation accuracy: 81.01%
2025-12-10 14:19:42.344 | INFO | Validation report:
                 precision    recall  f1-score   support

Did Not Survive     0.8065    0.9091    0.8547       110
       Survived     0.8182    0.6522    0.7258        69

       accuracy                         0.8101       179
      macro avg     0.8123    0.7806    0.7903       179
   weighted avg     0.8110    0.8101    0.8050       179

2025-12-10 14:19:42.548 | INFO | Confusion matrix saved to E:\Henry\Github\Titanic-Machine-Learning-from-Disaster\output\esemble_ES_seed2025_knn_cm_2025-12-10.png
2025-12-10 14:19:42.605 | INFO | KNN submission saved to E:\Henry\Github\Titanic-Machine-Learning-from-Disaster\output\esemble_ES_seed2025_knn_submission.csv
2025-12-10 14:19:42.608 | INFO | KNN model serialized to E:\Henry\Github\Titanic-Machine-Learning-from-Disaster\output\esemble_ES_seed2025_knn_knn_2025-12-10.pth
2025-12-10 14:19:42.610 | INFO | Training XGBoostClassifier...
2025-12-10 14:19:42.826 | INFO | XGBoost validation accuracy: 81.56%
2025-12-10 14:19:42.827 | INFO | Validation report:
                 precision    recall  f1-score   support

Did Not Survive     0.8182    0.9000    0.8571       110
       Survived     0.8103    0.6812    0.7402        69

       accuracy                         0.8156       179
      macro avg     0.8143    0.7906    0.7987       179
   weighted avg     0.8152    0.8156    0.8120       179

2025-12-10 14:19:42.981 | INFO | Confusion matrix saved to E:\Henry\Github\Titanic-Machine-Learning-from-Disaster\output\esemble_ES_seed2025_xgboost_cm_2025-12-10.png
2025-12-10 14:19:42.985 | INFO | XGBoost submission saved to E:\Henry\Github\Titanic-Machine-Learning-from-Disaster\output\esemble_ES_seed2025_xgboost_submission.csv
2025-12-10 14:19:42.990 | INFO | XGBoost model serialized to E:\Henry\Github\Titanic-Machine-Learning-from-Disaster\output\esemble_ES_seed2025_xgboost_xgboost_2025-12-10.pth
2025-12-10 14:19:42.990 | INFO | Top-3 models for ensemble (val acc): svm=83.24%, gradientboosting=82.68%, randomforest=81.56%
2025-12-10 14:19:43.237 | INFO | Ensemble submission saved to E:\Henry\Github\Titanic-Machine-Learning-from-Disaster\output\esemble_ES_seed2025_ensemble_submission.csv
2025-12-10 14:19:43.243 | INFO | Submission accuracy vs corrected ground truth: 0.7871 (329/418)
