2025-12-10 14:16:15.469 | INFO | Using device: cuda
2025-12-10 14:16:19.555 | INFO | Loaded 891 training samples with 9 features
2025-12-10 14:16:19.564 | INFO | Training RandomForestClassifier...
2025-12-10 14:16:21.263 | INFO | RandomForest validation accuracy: 84.36%
2025-12-10 14:16:21.263 | INFO | Validation report:
                 precision    recall  f1-score   support

Did Not Survive     0.8475    0.9091    0.8772       110
       Survived     0.8361    0.7391    0.7846        69

       accuracy                         0.8436       179
      macro avg     0.8418    0.8241    0.8309       179
   weighted avg     0.8431    0.8436    0.8415       179

2025-12-10 14:16:21.429 | INFO | Confusion matrix saved to E:\Henry\Github\Titanic-Machine-Learning-from-Disaster\output\esemble_ES_seed45_randomforest_cm_2025-12-10.png
2025-12-10 14:16:21.744 | INFO | RandomForest submission saved to E:\Henry\Github\Titanic-Machine-Learning-from-Disaster\output\esemble_ES_seed45_randomforest_submission.csv
2025-12-10 14:16:21.865 | INFO | RandomForest model serialized to E:\Henry\Github\Titanic-Machine-Learning-from-Disaster\output\esemble_ES_seed45_randomforest_random_forest_2025-12-10.pth
2025-12-10 14:16:21.867 | INFO | Running GridSearchCV for GradientBoostingClassifier...
2025-12-10 14:17:57.375 | INFO | Best GradientBoosting params: {'learning_rate': 0.01, 'max_depth': 5, 'min_samples_leaf': 1, 'min_samples_split': 4, 'n_estimators': 300, 'subsample': 0.9} (cv accuracy 0.8399)
2025-12-10 14:17:57.382 | INFO | GradientBoosting validation accuracy: 82.68%
2025-12-10 14:17:57.383 | INFO | Validation report:
                 precision    recall  f1-score   support

Did Not Survive     0.8435    0.8818    0.8622       110
       Survived     0.7969    0.7391    0.7669        69

       accuracy                         0.8268       179
      macro avg     0.8202    0.8105    0.8146       179
   weighted avg     0.8255    0.8268    0.8255       179

2025-12-10 14:17:57.507 | INFO | Confusion matrix saved to E:\Henry\Github\Titanic-Machine-Learning-from-Disaster\output\esemble_ES_seed45_gradientboosting_cm_2025-12-10.png
2025-12-10 14:17:57.511 | INFO | GradientBoosting submission saved to E:\Henry\Github\Titanic-Machine-Learning-from-Disaster\output\esemble_ES_seed45_gradientboosting_submission.csv
2025-12-10 14:17:57.534 | INFO | GradientBoosting model serialized to E:\Henry\Github\Titanic-Machine-Learning-from-Disaster\output\esemble_ES_seed45_gradientboosting_gradient_boosting_2025-12-10.pth
2025-12-10 14:17:57.536 | INFO | Training LogisticRegression...
2025-12-10 14:17:57.549 | INFO | LogisticRegression validation accuracy: 77.65%
2025-12-10 14:17:57.549 | INFO | Validation report:
                 precision    recall  f1-score   support

Did Not Survive     0.7966    0.8545    0.8246       110
       Survived     0.7377    0.6522    0.6923        69

       accuracy                         0.7765       179
      macro avg     0.7672    0.7534    0.7584       179
   weighted avg     0.7739    0.7765    0.7736       179

2025-12-10 14:17:57.675 | INFO | Confusion matrix saved to E:\Henry\Github\Titanic-Machine-Learning-from-Disaster\output\esemble_ES_seed45_logisticregression_cm_2025-12-10.png
2025-12-10 14:17:57.679 | INFO | LogisticRegression submission saved to E:\Henry\Github\Titanic-Machine-Learning-from-Disaster\output\esemble_ES_seed45_logisticregression_submission.csv
2025-12-10 14:17:57.680 | INFO | LogisticRegression model serialized to E:\Henry\Github\Titanic-Machine-Learning-from-Disaster\output\esemble_ES_seed45_logisticregression_logistic_regression_2025-12-10.pth
2025-12-10 14:17:57.682 | INFO | Running GridSearchCV for SVM (RBF kernel) with scaling...
2025-12-10 14:17:57.970 | INFO | Best SVM params: {'svc__C': 5.0, 'svc__gamma': 0.05} (cv accuracy 0.8161)
2025-12-10 14:17:57.980 | INFO | SVM validation accuracy: 83.80%
2025-12-10 14:17:57.981 | INFO | Validation report:
                 precision    recall  f1-score   support

Did Not Survive     0.8716    0.8636    0.8676       110
       Survived     0.7857    0.7971    0.7914        69

       accuracy                         0.8380       179
      macro avg     0.8286    0.8304    0.8295       179
   weighted avg     0.8385    0.8380    0.8382       179

2025-12-10 14:17:58.109 | INFO | Confusion matrix saved to E:\Henry\Github\Titanic-Machine-Learning-from-Disaster\output\esemble_ES_seed45_svm_cm_2025-12-10.png
2025-12-10 14:17:58.119 | INFO | SVM submission saved to E:\Henry\Github\Titanic-Machine-Learning-from-Disaster\output\esemble_ES_seed45_svm_submission.csv
2025-12-10 14:17:58.121 | INFO | SVM model serialized to E:\Henry\Github\Titanic-Machine-Learning-from-Disaster\output\esemble_ES_seed45_svm_svm_2025-12-10.pth
2025-12-10 14:17:58.122 | INFO | Running GridSearchCV for KNeighborsClassifier with scaling...
2025-12-10 14:17:58.337 | INFO | Best KNN params: {'knn__n_neighbors': 11, 'knn__p': 1, 'knn__weights': 'distance'} (cv accuracy 0.8147)
2025-12-10 14:17:58.374 | INFO | KNN validation accuracy: 78.21%
2025-12-10 14:17:58.374 | INFO | Validation report:
                 precision    recall  f1-score   support

Did Not Survive     0.8034    0.8545    0.8282       110
       Survived     0.7419    0.6667    0.7023        69

       accuracy                         0.7821       179
      macro avg     0.7727    0.7606    0.7652       179
   weighted avg     0.7797    0.7821    0.7797       179

2025-12-10 14:17:58.510 | INFO | Confusion matrix saved to E:\Henry\Github\Titanic-Machine-Learning-from-Disaster\output\esemble_ES_seed45_knn_cm_2025-12-10.png
2025-12-10 14:17:58.623 | INFO | KNN submission saved to E:\Henry\Github\Titanic-Machine-Learning-from-Disaster\output\esemble_ES_seed45_knn_submission.csv
2025-12-10 14:17:58.624 | INFO | KNN model serialized to E:\Henry\Github\Titanic-Machine-Learning-from-Disaster\output\esemble_ES_seed45_knn_knn_2025-12-10.pth
2025-12-10 14:17:58.626 | INFO | Training XGBoostClassifier...
2025-12-10 14:17:58.909 | INFO | XGBoost validation accuracy: 83.80%
2025-12-10 14:17:58.909 | INFO | Validation report:
                 precision    recall  f1-score   support

Did Not Survive     0.8462    0.9000    0.8722       110
       Survived     0.8226    0.7391    0.7786        69

       accuracy                         0.8380       179
      macro avg     0.8344    0.8196    0.8254       179
   weighted avg     0.8371    0.8380    0.8362       179

2025-12-10 14:17:59.043 | INFO | Confusion matrix saved to E:\Henry\Github\Titanic-Machine-Learning-from-Disaster\output\esemble_ES_seed45_xgboost_cm_2025-12-10.png
2025-12-10 14:17:59.046 | INFO | XGBoost submission saved to E:\Henry\Github\Titanic-Machine-Learning-from-Disaster\output\esemble_ES_seed45_xgboost_submission.csv
2025-12-10 14:17:59.051 | INFO | XGBoost model serialized to E:\Henry\Github\Titanic-Machine-Learning-from-Disaster\output\esemble_ES_seed45_xgboost_xgboost_2025-12-10.pth
2025-12-10 14:17:59.052 | INFO | Top-3 models for ensemble (val acc): randomforest=84.36%, svm=83.80%, xgboost=83.80%
2025-12-10 14:17:59.297 | INFO | Ensemble submission saved to E:\Henry\Github\Titanic-Machine-Learning-from-Disaster\output\esemble_ES_seed45_ensemble_submission.csv
2025-12-10 14:17:59.302 | INFO | Submission accuracy vs corrected ground truth: 0.7703 (322/418)
2025-12-10 14:17:59.308 | INFO | Training RandomForestClassifier...
2025-12-10 14:18:01.091 | INFO | RandomForest validation accuracy: 81.56%
2025-12-10 14:18:01.091 | INFO | Validation report:
                 precision    recall  f1-score   support

Did Not Survive     0.8130    0.9091    0.8584       110
       Survived     0.8214    0.6667    0.7360        69

       accuracy                         0.8156       179
      macro avg     0.8172    0.7879    0.7972       179
   weighted avg     0.8163    0.8156    0.8112       179

2025-12-10 14:18:01.222 | INFO | Confusion matrix saved to E:\Henry\Github\Titanic-Machine-Learning-from-Disaster\output\esemble_ES_seed2025_randomforest_cm_2025-12-10.png
2025-12-10 14:18:01.447 | INFO | RandomForest submission saved to E:\Henry\Github\Titanic-Machine-Learning-from-Disaster\output\esemble_ES_seed2025_randomforest_submission.csv
2025-12-10 14:18:01.579 | INFO | RandomForest model serialized to E:\Henry\Github\Titanic-Machine-Learning-from-Disaster\output\esemble_ES_seed2025_randomforest_random_forest_2025-12-10.pth
2025-12-10 14:18:01.580 | INFO | Running GridSearchCV for GradientBoostingClassifier...
2025-12-10 14:19:40.994 | INFO | Best GradientBoosting params: {'learning_rate': 0.02, 'max_depth': 3, 'min_samples_leaf': 1, 'min_samples_split': 4, 'n_estimators': 300, 'subsample': 0.9} (cv accuracy 0.8455)
2025-12-10 14:19:41.004 | INFO | GradientBoosting validation accuracy: 82.68%
2025-12-10 14:19:41.005 | INFO | Validation report:
                 precision    recall  f1-score   support

Did Not Survive     0.8376    0.8909    0.8634       110
       Survived     0.8065    0.7246    0.7634        69

       accuracy                         0.8268       179
      macro avg     0.8220    0.8078    0.8134       179
   weighted avg     0.8256    0.8268    0.8249       179

2025-12-10 14:19:41.195 | INFO | Confusion matrix saved to E:\Henry\Github\Titanic-Machine-Learning-from-Disaster\output\esemble_ES_seed2025_gradientboosting_cm_2025-12-10.png
2025-12-10 14:19:41.200 | INFO | GradientBoosting submission saved to E:\Henry\Github\Titanic-Machine-Learning-from-Disaster\output\esemble_ES_seed2025_gradientboosting_submission.csv
2025-12-10 14:19:41.229 | INFO | GradientBoosting model serialized to E:\Henry\Github\Titanic-Machine-Learning-from-Disaster\output\esemble_ES_seed2025_gradientboosting_gradient_boosting_2025-12-10.pth
2025-12-10 14:19:41.232 | INFO | Training LogisticRegression...
2025-12-10 14:19:41.247 | INFO | LogisticRegression validation accuracy: 77.65%
2025-12-10 14:19:41.247 | INFO | Validation report:
                 precision    recall  f1-score   support

Did Not Survive     0.8302    0.8000    0.8148       110
       Survived     0.6986    0.7391    0.7183        69

       accuracy                         0.7765       179
      macro avg     0.7644    0.7696    0.7666       179
   weighted avg     0.7795    0.7765    0.7776       179

2025-12-10 14:19:41.430 | INFO | Confusion matrix saved to E:\Henry\Github\Titanic-Machine-Learning-from-Disaster\output\esemble_ES_seed2025_logisticregression_cm_2025-12-10.png
2025-12-10 14:19:41.433 | INFO | LogisticRegression submission saved to E:\Henry\Github\Titanic-Machine-Learning-from-Disaster\output\esemble_ES_seed2025_logisticregression_submission.csv
2025-12-10 14:19:41.434 | INFO | LogisticRegression model serialized to E:\Henry\Github\Titanic-Machine-Learning-from-Disaster\output\esemble_ES_seed2025_logisticregression_logistic_regression_2025-12-10.pth
2025-12-10 14:19:41.436 | INFO | Running GridSearchCV for SVM (RBF kernel) with scaling...
2025-12-10 14:19:41.795 | INFO | Best SVM params: {'svc__C': 2.0, 'svc__gamma': 0.05} (cv accuracy 0.8203)
2025-12-10 14:19:41.810 | INFO | SVM validation accuracy: 83.24%
2025-12-10 14:19:41.811 | INFO | Validation report:
                 precision    recall  f1-score   support

Did Not Survive     0.8571    0.8727    0.8649       110
       Survived     0.7910    0.7681    0.7794        69

       accuracy                         0.8324       179
      macro avg     0.8241    0.8204    0.8221       179
   weighted avg     0.8317    0.8324    0.8319       179

2025-12-10 14:19:42.002 | INFO | Confusion matrix saved to E:\Henry\Github\Titanic-Machine-Learning-from-Disaster\output\esemble_ES_seed2025_svm_cm_2025-12-10.png
2025-12-10 14:19:42.019 | INFO | SVM submission saved to E:\Henry\Github\Titanic-Machine-Learning-from-Disaster\output\esemble_ES_seed2025_svm_submission.csv
2025-12-10 14:19:42.021 | INFO | SVM model serialized to E:\Henry\Github\Titanic-Machine-Learning-from-Disaster\output\esemble_ES_seed2025_svm_svm_2025-12-10.pth
2025-12-10 14:19:42.023 | INFO | Running GridSearchCV for KNeighborsClassifier with scaling...
2025-12-10 14:19:42.297 | INFO | Best KNN params: {'knn__n_neighbors': 15, 'knn__p': 1, 'knn__weights': 'uniform'} (cv accuracy 0.8231)
2025-12-10 14:19:42.344 | INFO | KNN validation accuracy: 81.01%
2025-12-10 14:19:42.344 | INFO | Validation report:
                 precision    recall  f1-score   support

Did Not Survive     0.8065    0.9091    0.8547       110
       Survived     0.8182    0.6522    0.7258        69

       accuracy                         0.8101       179
      macro avg     0.8123    0.7806    0.7903       179
   weighted avg     0.8110    0.8101    0.8050       179

2025-12-10 14:19:42.548 | INFO | Confusion matrix saved to E:\Henry\Github\Titanic-Machine-Learning-from-Disaster\output\esemble_ES_seed2025_knn_cm_2025-12-10.png
2025-12-10 14:19:42.605 | INFO | KNN submission saved to E:\Henry\Github\Titanic-Machine-Learning-from-Disaster\output\esemble_ES_seed2025_knn_submission.csv
2025-12-10 14:19:42.608 | INFO | KNN model serialized to E:\Henry\Github\Titanic-Machine-Learning-from-Disaster\output\esemble_ES_seed2025_knn_knn_2025-12-10.pth
2025-12-10 14:19:42.610 | INFO | Training XGBoostClassifier...
2025-12-10 14:19:42.826 | INFO | XGBoost validation accuracy: 81.56%
2025-12-10 14:19:42.827 | INFO | Validation report:
                 precision    recall  f1-score   support

Did Not Survive     0.8182    0.9000    0.8571       110
       Survived     0.8103    0.6812    0.7402        69

       accuracy                         0.8156       179
      macro avg     0.8143    0.7906    0.7987       179
   weighted avg     0.8152    0.8156    0.8120       179

2025-12-10 14:19:42.981 | INFO | Confusion matrix saved to E:\Henry\Github\Titanic-Machine-Learning-from-Disaster\output\esemble_ES_seed2025_xgboost_cm_2025-12-10.png
2025-12-10 14:19:42.985 | INFO | XGBoost submission saved to E:\Henry\Github\Titanic-Machine-Learning-from-Disaster\output\esemble_ES_seed2025_xgboost_submission.csv
2025-12-10 14:19:42.990 | INFO | XGBoost model serialized to E:\Henry\Github\Titanic-Machine-Learning-from-Disaster\output\esemble_ES_seed2025_xgboost_xgboost_2025-12-10.pth
2025-12-10 14:19:42.990 | INFO | Top-3 models for ensemble (val acc): svm=83.24%, gradientboosting=82.68%, randomforest=81.56%
2025-12-10 14:19:43.237 | INFO | Ensemble submission saved to E:\Henry\Github\Titanic-Machine-Learning-from-Disaster\output\esemble_ES_seed2025_ensemble_submission.csv
2025-12-10 14:19:43.243 | INFO | Submission accuracy vs corrected ground truth: 0.7871 (329/418)
2025-12-10 14:19:43.247 | INFO | Training RandomForestClassifier...
2025-12-10 14:19:45.124 | INFO | RandomForest validation accuracy: 85.47%
2025-12-10 14:19:45.124 | INFO | Validation report:
                 precision    recall  f1-score   support

Did Not Survive     0.8559    0.9182    0.8860       110
       Survived     0.8525    0.7536    0.8000        69

       accuracy                         0.8547       179
      macro avg     0.8542    0.8359    0.8430       179
   weighted avg     0.8546    0.8547    0.8528       179

2025-12-10 14:19:45.238 | INFO | Confusion matrix saved to E:\Henry\Github\Titanic-Machine-Learning-from-Disaster\output\esemble_ES_seed777_randomforest_cm_2025-12-10.png
2025-12-10 14:19:45.462 | INFO | RandomForest submission saved to E:\Henry\Github\Titanic-Machine-Learning-from-Disaster\output\esemble_ES_seed777_randomforest_submission.csv
2025-12-10 14:19:45.597 | INFO | RandomForest model serialized to E:\Henry\Github\Titanic-Machine-Learning-from-Disaster\output\esemble_ES_seed777_randomforest_random_forest_2025-12-10.pth
2025-12-10 14:19:45.599 | INFO | Running GridSearchCV for GradientBoostingClassifier...
2025-12-10 14:21:27.014 | INFO | Best GradientBoosting params: {'learning_rate': 0.01, 'max_depth': 3, 'min_samples_leaf': 2, 'min_samples_split': 2, 'n_estimators': 800, 'subsample': 0.85} (cv accuracy 0.8426)
2025-12-10 14:21:27.022 | INFO | GradientBoosting validation accuracy: 86.59%
2025-12-10 14:21:27.022 | INFO | Validation report:
                 precision    recall  f1-score   support

Did Not Survive     0.8707    0.9182    0.8938       110
       Survived     0.8571    0.7826    0.8182        69

       accuracy                         0.8659       179
      macro avg     0.8639    0.8504    0.8560       179
   weighted avg     0.8655    0.8659    0.8647       179

2025-12-10 14:21:27.134 | INFO | Confusion matrix saved to E:\Henry\Github\Titanic-Machine-Learning-from-Disaster\output\esemble_ES_seed777_gradientboosting_cm_2025-12-10.png
2025-12-10 14:21:27.139 | INFO | GradientBoosting submission saved to E:\Henry\Github\Titanic-Machine-Learning-from-Disaster\output\esemble_ES_seed777_gradientboosting_submission.csv
2025-12-10 14:21:27.199 | INFO | GradientBoosting model serialized to E:\Henry\Github\Titanic-Machine-Learning-from-Disaster\output\esemble_ES_seed777_gradientboosting_gradient_boosting_2025-12-10.pth
2025-12-10 14:21:27.201 | INFO | Training LogisticRegression...
2025-12-10 14:21:27.210 | INFO | LogisticRegression validation accuracy: 82.68%
2025-12-10 14:21:27.210 | INFO | Validation report:
                 precision    recall  f1-score   support

Did Not Survive     0.8624    0.8545    0.8584       110
       Survived     0.7714    0.7826    0.7770        69

       accuracy                         0.8268       179
      macro avg     0.8169    0.8186    0.8177       179
   weighted avg     0.8273    0.8268    0.8270       179

2025-12-10 14:21:27.338 | INFO | Confusion matrix saved to E:\Henry\Github\Titanic-Machine-Learning-from-Disaster\output\esemble_ES_seed777_logisticregression_cm_2025-12-10.png
2025-12-10 14:21:27.341 | INFO | LogisticRegression submission saved to E:\Henry\Github\Titanic-Machine-Learning-from-Disaster\output\esemble_ES_seed777_logisticregression_submission.csv
2025-12-10 14:21:27.342 | INFO | LogisticRegression model serialized to E:\Henry\Github\Titanic-Machine-Learning-from-Disaster\output\esemble_ES_seed777_logisticregression_logistic_regression_2025-12-10.pth
2025-12-10 14:21:27.343 | INFO | Running GridSearchCV for SVM (RBF kernel) with scaling...
2025-12-10 14:21:27.615 | INFO | Best SVM params: {'svc__C': 5.0, 'svc__gamma': 0.05} (cv accuracy 0.8174)
2025-12-10 14:21:27.625 | INFO | SVM validation accuracy: 86.03%
2025-12-10 14:21:27.625 | INFO | Validation report:
                 precision    recall  f1-score   support

Did Not Survive     0.8761    0.9000    0.8879       110
       Survived     0.8333    0.7971    0.8148        69

       accuracy                         0.8603       179
      macro avg     0.8547    0.8486    0.8514       179
   weighted avg     0.8596    0.8603    0.8597       179

2025-12-10 14:21:27.747 | INFO | Confusion matrix saved to E:\Henry\Github\Titanic-Machine-Learning-from-Disaster\output\esemble_ES_seed777_svm_cm_2025-12-10.png
2025-12-10 14:21:27.760 | INFO | SVM submission saved to E:\Henry\Github\Titanic-Machine-Learning-from-Disaster\output\esemble_ES_seed777_svm_submission.csv
2025-12-10 14:21:27.763 | INFO | SVM model serialized to E:\Henry\Github\Titanic-Machine-Learning-from-Disaster\output\esemble_ES_seed777_svm_svm_2025-12-10.pth
2025-12-10 14:21:27.765 | INFO | Running GridSearchCV for KNeighborsClassifier with scaling...
2025-12-10 14:21:27.979 | INFO | Best KNN params: {'knn__n_neighbors': 15, 'knn__p': 1, 'knn__weights': 'uniform'} (cv accuracy 0.8160)
2025-12-10 14:21:28.028 | INFO | KNN validation accuracy: 84.36%
2025-12-10 14:21:28.029 | INFO | Validation report:
                 precision    recall  f1-score   support

Did Not Survive     0.8361    0.9273    0.8793       110
       Survived     0.8596    0.7101    0.7778        69

       accuracy                         0.8436       179
      macro avg     0.8479    0.8187    0.8285       179
   weighted avg     0.8452    0.8436    0.8402       179

2025-12-10 14:21:28.142 | INFO | Confusion matrix saved to E:\Henry\Github\Titanic-Machine-Learning-from-Disaster\output\esemble_ES_seed777_knn_cm_2025-12-10.png
2025-12-10 14:21:28.188 | INFO | KNN submission saved to E:\Henry\Github\Titanic-Machine-Learning-from-Disaster\output\esemble_ES_seed777_knn_submission.csv
2025-12-10 14:21:28.190 | INFO | KNN model serialized to E:\Henry\Github\Titanic-Machine-Learning-from-Disaster\output\esemble_ES_seed777_knn_knn_2025-12-10.pth
2025-12-10 14:21:28.192 | INFO | Training XGBoostClassifier...
2025-12-10 14:21:28.449 | INFO | XGBoost validation accuracy: 86.59%
2025-12-10 14:21:28.449 | INFO | Validation report:
                 precision    recall  f1-score   support

Did Not Survive     0.8644    0.9273    0.8947       110
       Survived     0.8689    0.7681    0.8154        69

       accuracy                         0.8659       179
      macro avg     0.8666    0.8477    0.8551       179
   weighted avg     0.8661    0.8659    0.8641       179

2025-12-10 14:21:28.571 | INFO | Confusion matrix saved to E:\Henry\Github\Titanic-Machine-Learning-from-Disaster\output\esemble_ES_seed777_xgboost_cm_2025-12-10.png
2025-12-10 14:21:28.574 | INFO | XGBoost submission saved to E:\Henry\Github\Titanic-Machine-Learning-from-Disaster\output\esemble_ES_seed777_xgboost_submission.csv
2025-12-10 14:21:28.579 | INFO | XGBoost model serialized to E:\Henry\Github\Titanic-Machine-Learning-from-Disaster\output\esemble_ES_seed777_xgboost_xgboost_2025-12-10.pth
2025-12-10 14:21:28.580 | INFO | Top-3 models for ensemble (val acc): gradientboosting=86.59%, xgboost=86.59%, svm=86.03%
2025-12-10 14:21:28.595 | INFO | Ensemble submission saved to E:\Henry\Github\Titanic-Machine-Learning-from-Disaster\output\esemble_ES_seed777_ensemble_submission.csv
2025-12-10 14:21:28.601 | INFO | Submission accuracy vs corrected ground truth: 0.7775 (325/418)
2025-12-10 14:21:28.602 | INFO | Best seed 777 achieved validation accuracy 86.41% with submission E:\Henry\Github\Titanic-Machine-Learning-from-Disaster\output\esemble_ES_seed777_ensemble_submission.csv
