2025-12-09 15:03:16.394 | INFO | Training GradientBoostingClassifier...
2025-12-09 15:03:19.523 | INFO | GradientBoosting validation accuracy: 81.56%
2025-12-09 15:03:19.524 | INFO | Validation report:
                 precision    recall  f1-score   support

Did Not Survive     0.8130    0.9091    0.8584       110
       Survived     0.8214    0.6667    0.7360        69

       accuracy                         0.8156       179
      macro avg     0.8172    0.7879    0.7972       179
   weighted avg     0.8163    0.8156    0.8112       179

2025-12-09 15:03:19.731 | INFO | Confusion matrix saved to /workspace/output/gradientboosting_ES_seed2025_cm_2025-12-09.png
2025-12-09 15:03:19.750 | INFO | GradientBoosting submission saved to /workspace/output/gradientboosting_ES_seed2025_submission.csv
2025-12-09 15:03:19.894 | INFO | GradientBoosting model serialized to /workspace/output/gradientboosting_ES_seed2025_gradient_boosting_2025-12-09.pth
2025-12-09 15:11:45.246 | INFO | Training GradientBoostingClassifier...
2025-12-09 15:11:46.041 | INFO | GradientBoosting validation accuracy: 82.12%
2025-12-09 15:11:46.042 | INFO | Validation report:
                 precision    recall  f1-score   support

Did Not Survive     0.8250    0.9000    0.8609       110
       Survived     0.8136    0.6957    0.7500        69

       accuracy                         0.8212       179
      macro avg     0.8193    0.7978    0.8054       179
   weighted avg     0.8206    0.8212    0.8181       179

2025-12-09 15:11:46.263 | INFO | Confusion matrix saved to /workspace/output/gradientboosting_ES_seed2025_cm_2025-12-09.png
2025-12-09 15:11:46.271 | INFO | GradientBoosting submission saved to /workspace/output/gradientboosting_ES_seed2025_submission.csv
2025-12-09 15:11:46.311 | INFO | GradientBoosting model serialized to /workspace/output/gradientboosting_ES_seed2025_gradient_boosting_2025-12-09.pth
2025-12-09 15:50:57.189 | INFO | Training GradientBoostingClassifier...
2025-12-09 15:50:58.328 | INFO | GradientBoosting validation accuracy: 81.01%
2025-12-09 15:50:58.328 | INFO | Validation report:
                 precision    recall  f1-score   support

Did Not Survive     0.8220    0.8818    0.8509       110
       Survived     0.7869    0.6957    0.7385        69

       accuracy                         0.8101       179
      macro avg     0.8045    0.7887    0.7947       179
   weighted avg     0.8085    0.8101    0.8075       179

2025-12-09 15:50:58.537 | INFO | Confusion matrix saved to /workspace/output/gradientboosting_ES_seed2025_cm_2025-12-09.png
2025-12-09 15:50:58.545 | INFO | GradientBoosting submission saved to /workspace/output/gradientboosting_ES_seed2025_submission.csv
2025-12-09 15:50:58.600 | INFO | GradientBoosting model serialized to /workspace/output/gradientboosting_ES_seed2025_gradient_boosting_2025-12-09.pth
2025-12-09 15:50:58.603 | INFO | Submission accuracy vs corrected ground truth: 0.7727 (323/418)
2025-12-09 15:52:12.921 | INFO | Training GradientBoostingClassifier...
2025-12-09 15:52:13.631 | INFO | GradientBoosting validation accuracy: 82.12%
2025-12-09 15:52:13.631 | INFO | Validation report:
                 precision    recall  f1-score   support

Did Not Survive     0.8250    0.9000    0.8609       110
       Survived     0.8136    0.6957    0.7500        69

       accuracy                         0.8212       179
      macro avg     0.8193    0.7978    0.8054       179
   weighted avg     0.8206    0.8212    0.8181       179

2025-12-09 15:52:13.822 | INFO | Confusion matrix saved to /workspace/output/gradientboosting_ES_seed2025_cm_2025-12-09.png
2025-12-09 15:52:13.828 | INFO | GradientBoosting submission saved to /workspace/output/gradientboosting_ES_seed2025_submission.csv
2025-12-09 15:52:13.863 | INFO | GradientBoosting model serialized to /workspace/output/gradientboosting_ES_seed2025_gradient_boosting_2025-12-09.pth
2025-12-09 15:52:13.866 | INFO | Submission accuracy vs corrected ground truth: 0.7608 (318/418)
2025-12-09 16:05:44.009 | INFO | Running GridSearchCV for GradientBoostingClassifier...
2025-12-09 16:05:57.725 | INFO | Best GradientBoosting params: {'learning_rate': 0.02, 'max_depth': 3, 'min_samples_leaf': 2, 'min_samples_split': 2, 'n_estimators': 200, 'subsample': 1.0} (cv accuracy 0.8455)
2025-12-09 16:05:57.736 | INFO | GradientBoosting validation accuracy: 84.36%
2025-12-09 16:05:57.736 | INFO | Validation report:
                 precision    recall  f1-score   support

Did Not Survive     0.8534    0.9000    0.8761       110
       Survived     0.8254    0.7536    0.7879        69

       accuracy                         0.8436       179
      macro avg     0.8394    0.8268    0.8320       179
   weighted avg     0.8426    0.8436    0.8421       179

2025-12-09 16:05:57.919 | INFO | Confusion matrix saved to /workspace/output/gradientboosting_ES_seed2025_cm_2025-12-09.png
2025-12-09 16:05:57.924 | INFO | GradientBoosting submission saved to /workspace/output/gradientboosting_ES_seed2025_submission.csv
2025-12-09 16:05:57.941 | INFO | GradientBoosting model serialized to /workspace/output/gradientboosting_ES_seed2025_gradient_boosting_2025-12-09.pth
2025-12-09 16:05:57.943 | INFO | Submission accuracy vs corrected ground truth: 0.7751 (324/418)
2025-12-09 16:07:48.548 | INFO | Running GridSearchCV for GradientBoostingClassifier...
2025-12-09 16:08:02.212 | INFO | Best GradientBoosting params: {'learning_rate': 0.02, 'max_depth': 3, 'min_samples_leaf': 2, 'min_samples_split': 2, 'n_estimators': 200, 'subsample': 1.0} (cv accuracy 0.8455)
2025-12-09 16:08:02.223 | INFO | GradientBoosting validation accuracy: 84.36%
2025-12-09 16:08:02.223 | INFO | Validation report:
                 precision    recall  f1-score   support

Did Not Survive     0.8534    0.9000    0.8761       110
       Survived     0.8254    0.7536    0.7879        69

       accuracy                         0.8436       179
      macro avg     0.8394    0.8268    0.8320       179
   weighted avg     0.8426    0.8436    0.8421       179

2025-12-09 16:08:02.416 | INFO | Confusion matrix saved to /workspace/output/gradientboosting_ES_seed2025_cm_2025-12-09.png
2025-12-09 16:08:02.420 | INFO | GradientBoosting submission saved to /workspace/output/gradientboosting_ES_seed2025_submission.csv
2025-12-09 16:08:02.438 | INFO | GradientBoosting model serialized to /workspace/output/gradientboosting_ES_seed2025_gradient_boosting_2025-12-09.pth
2025-12-09 16:08:02.441 | INFO | Submission accuracy vs corrected ground truth: 0.7751 (324/418)
2025-12-09 16:08:58.631 | INFO | Running GridSearchCV for GradientBoostingClassifier...
2025-12-09 16:09:12.333 | INFO | Best GradientBoosting params: {'learning_rate': 0.02, 'max_depth': 3, 'min_samples_leaf': 2, 'min_samples_split': 2, 'n_estimators': 200, 'subsample': 1.0} (cv accuracy 0.8455)
2025-12-09 16:09:12.342 | INFO | GradientBoosting validation accuracy: 84.36%
2025-12-09 16:09:12.343 | INFO | Validation report:
                 precision    recall  f1-score   support

Did Not Survive     0.8534    0.9000    0.8761       110
       Survived     0.8254    0.7536    0.7879        69

       accuracy                         0.8436       179
      macro avg     0.8394    0.8268    0.8320       179
   weighted avg     0.8426    0.8436    0.8421       179

2025-12-09 16:09:12.522 | INFO | Confusion matrix saved to /workspace/output/gradientboosting_ES_seed2025_cm_2025-12-09.png
2025-12-09 16:09:12.526 | INFO | GradientBoosting submission saved to /workspace/output/gradientboosting_ES_seed2025_submission.csv
2025-12-09 16:09:12.543 | INFO | GradientBoosting model serialized to /workspace/output/gradientboosting_ES_seed2025_gradient_boosting_2025-12-09.pth
2025-12-09 16:09:12.546 | INFO | Submission accuracy vs corrected ground truth: 0.7751 (324/418)
