2025-12-10 13:53:25.359 | INFO | Running GridSearchCV for KNeighborsClassifier with scaling...
2025-12-10 13:53:25.563 | INFO | Best KNN params: {'knn__n_neighbors': 15, 'knn__p': 1, 'knn__weights': 'uniform'} (cv accuracy 0.8231)
2025-12-10 13:53:25.615 | INFO | KNN validation accuracy: 81.01%
2025-12-10 13:53:25.615 | INFO | Validation report:
                 precision    recall  f1-score   support

Did Not Survive     0.8065    0.9091    0.8547       110
       Survived     0.8182    0.6522    0.7258        69

       accuracy                         0.8101       179
      macro avg     0.8123    0.7806    0.7903       179
   weighted avg     0.8110    0.8101    0.8050       179

2025-12-10 13:53:25.756 | INFO | Confusion matrix saved to E:\Henry\Github\Titanic-Machine-Learning-from-Disaster\output\knn_ES_seed2025_cm_2025-12-10.png
2025-12-10 13:53:25.801 | INFO | KNN submission saved to E:\Henry\Github\Titanic-Machine-Learning-from-Disaster\output\knn_ES_seed2025_submission.csv
2025-12-10 13:53:25.803 | INFO | KNN model serialized to E:\Henry\Github\Titanic-Machine-Learning-from-Disaster\output\knn_ES_seed2025_knn_2025-12-10.pth
2025-12-10 13:53:25.805 | INFO | Submission accuracy vs corrected ground truth: 0.7799 (326/418)
2025-12-10 13:54:13.200 | INFO | Running GridSearchCV for KNeighborsClassifier with scaling...
2025-12-10 13:54:13.406 | INFO | Best KNN params: {'knn__n_neighbors': 21, 'knn__p': 1, 'knn__weights': 'distance'} (cv accuracy 0.8161)
2025-12-10 13:54:13.442 | INFO | KNN validation accuracy: 77.09%
2025-12-10 13:54:13.443 | INFO | Validation report:
                 precision    recall  f1-score   support

Did Not Survive     0.8000    0.8364    0.8178       110
       Survived     0.7188    0.6667    0.6917        69

       accuracy                         0.7709       179
      macro avg     0.7594    0.7515    0.7548       179
   weighted avg     0.7687    0.7709    0.7692       179

2025-12-10 13:54:13.573 | INFO | Confusion matrix saved to E:\Henry\Github\Titanic-Machine-Learning-from-Disaster\output\knn_ES_seed2025_cm_2025-12-10.png
2025-12-10 13:54:13.612 | INFO | KNN submission saved to E:\Henry\Github\Titanic-Machine-Learning-from-Disaster\output\knn_ES_seed2025_submission.csv
2025-12-10 13:54:13.614 | INFO | KNN model serialized to E:\Henry\Github\Titanic-Machine-Learning-from-Disaster\output\knn_ES_seed2025_knn_2025-12-10.pth
2025-12-10 13:54:13.616 | INFO | Submission accuracy vs corrected ground truth: 0.7488 (313/418)
