2025-12-10 13:53:17.291 | INFO | Running GridSearchCV for KNeighborsClassifier with scaling...
2025-12-10 13:53:25.036 | INFO | Best KNN params: {'knn__n_neighbors': 11, 'knn__p': 1, 'knn__weights': 'distance'} (cv accuracy 0.8147)
2025-12-10 13:53:25.073 | INFO | KNN validation accuracy: 78.21%
2025-12-10 13:53:25.074 | INFO | Validation report:
                 precision    recall  f1-score   support

Did Not Survive     0.8034    0.8545    0.8282       110
       Survived     0.7419    0.6667    0.7023        69

       accuracy                         0.7821       179
      macro avg     0.7727    0.7606    0.7652       179
   weighted avg     0.7797    0.7821    0.7797       179

2025-12-10 13:53:25.305 | INFO | Confusion matrix saved to E:\Henry\Github\Titanic-Machine-Learning-from-Disaster\output\knn_ES_seed45_cm_2025-12-10.png
2025-12-10 13:53:25.344 | INFO | KNN submission saved to E:\Henry\Github\Titanic-Machine-Learning-from-Disaster\output\knn_ES_seed45_submission.csv
2025-12-10 13:53:25.350 | INFO | KNN model serialized to E:\Henry\Github\Titanic-Machine-Learning-from-Disaster\output\knn_ES_seed45_knn_2025-12-10.pth
2025-12-10 13:53:25.354 | INFO | Submission accuracy vs corrected ground truth: 0.7464 (312/418)
2025-12-10 13:54:05.109 | INFO | Running GridSearchCV for KNeighborsClassifier with scaling...
2025-12-10 13:54:12.937 | INFO | Best KNN params: {'knn__n_neighbors': 15, 'knn__p': 1, 'knn__weights': 'distance'} (cv accuracy 0.7977)
2025-12-10 13:54:12.989 | INFO | KNN validation accuracy: 79.33%
2025-12-10 13:54:12.990 | INFO | Validation report:
                 precision    recall  f1-score   support

Did Not Survive     0.8174    0.8545    0.8356       110
       Survived     0.7500    0.6957    0.7218        69

       accuracy                         0.7933       179
      macro avg     0.7837    0.7751    0.7787       179
   weighted avg     0.7914    0.7933    0.7917       179

2025-12-10 13:54:13.163 | INFO | Confusion matrix saved to E:\Henry\Github\Titanic-Machine-Learning-from-Disaster\output\knn_ES_seed45_cm_2025-12-10.png
2025-12-10 13:54:13.189 | INFO | KNN submission saved to E:\Henry\Github\Titanic-Machine-Learning-from-Disaster\output\knn_ES_seed45_submission.csv
2025-12-10 13:54:13.194 | INFO | KNN model serialized to E:\Henry\Github\Titanic-Machine-Learning-from-Disaster\output\knn_ES_seed45_knn_2025-12-10.pth
2025-12-10 13:54:13.197 | INFO | Submission accuracy vs corrected ground truth: 0.7344 (307/418)
