2025-12-09 21:28:33.261 | INFO | Training KNeighborsClassifier...
2025-12-09 21:28:33.294 | INFO | KNN validation accuracy: 69.83%
2025-12-09 21:28:33.295 | INFO | Validation report:
                 precision    recall  f1-score   support

Did Not Survive     0.7295    0.8091    0.7672       110
       Survived     0.6316    0.5217    0.5714        69

       accuracy                         0.6983       179
      macro avg     0.6805    0.6654    0.6693       179
   weighted avg     0.6918    0.6983    0.6918       179

2025-12-09 21:28:33.420 | INFO | Confusion matrix saved to E:\Henry\Github\Titanic-Machine-Learning-from-Disaster\output\knn_ES_seed2025_cm_2025-12-09.png
2025-12-09 21:28:33.447 | INFO | KNN submission saved to E:\Henry\Github\Titanic-Machine-Learning-from-Disaster\output\knn_ES_seed2025_submission.csv
2025-12-09 21:28:33.449 | INFO | KNN model serialized to E:\Henry\Github\Titanic-Machine-Learning-from-Disaster\output\knn_ES_seed2025_knn_2025-12-09.pth
2025-12-09 21:28:33.452 | INFO | Submission accuracy vs corrected ground truth: 0.6364 (266/418)
2025-12-09 23:21:58.327 | INFO | Training KNeighborsClassifier...
2025-12-09 23:21:58.376 | INFO | KNN validation accuracy: 74.30%
2025-12-09 23:21:58.376 | INFO | Validation report:
                 precision    recall  f1-score   support

Did Not Survive     0.7581    0.8545    0.8034       110
       Survived     0.7091    0.5652    0.6290        69

       accuracy                         0.7430       179
      macro avg     0.7336    0.7099    0.7162       179
   weighted avg     0.7392    0.7430    0.7362       179

2025-12-09 23:21:58.505 | INFO | Confusion matrix saved to E:\Henry\Github\Titanic-Machine-Learning-from-Disaster\output\knn_ES_seed2025_cm_2025-12-09.png
2025-12-09 23:21:58.543 | INFO | KNN submission saved to E:\Henry\Github\Titanic-Machine-Learning-from-Disaster\output\knn_ES_seed2025_submission.csv
2025-12-09 23:21:58.545 | INFO | KNN model serialized to E:\Henry\Github\Titanic-Machine-Learning-from-Disaster\output\knn_ES_seed2025_knn_2025-12-09.pth
2025-12-09 23:21:58.548 | INFO | Submission accuracy vs corrected ground truth: 0.6459 (270/418)
