2025-12-09 14:28:05.182 | INFO | Training LogisticRegression...
2025-12-09 14:28:05.198 | INFO | LogisticRegression validation accuracy: 82.68%
2025-12-09 14:28:05.198 | INFO | Validation report:
                 precision    recall  f1-score   support

Did Not Survive     0.8835    0.8273    0.8545       110
       Survived     0.7500    0.8261    0.7862        69

       accuracy                         0.8268       179
      macro avg     0.8167    0.8267    0.8203       179
   weighted avg     0.8320    0.8268    0.8282       179

2025-12-09 14:28:05.399 | INFO | Confusion matrix saved to /workspace/output/logisticregression_ES_seed8_cm_2025-12-09.png
2025-12-09 14:28:05.402 | INFO | LogisticRegression submission saved to /workspace/output/logisticregression_ES_seed8_submission.csv
2025-12-09 14:28:05.403 | INFO | LogisticRegression model serialized to /workspace/output/logisticregression_ES_seed8_logistic_regression_2025-12-09.pth
2025-12-09 14:28:55.514 | INFO | Training LogisticRegression...
2025-12-09 14:28:55.528 | INFO | LogisticRegression validation accuracy: 82.68%
2025-12-09 14:28:55.528 | INFO | Validation report:
                 precision    recall  f1-score   support

Did Not Survive     0.8835    0.8273    0.8545       110
       Survived     0.7500    0.8261    0.7862        69

       accuracy                         0.8268       179
      macro avg     0.8167    0.8267    0.8203       179
   weighted avg     0.8320    0.8268    0.8282       179

2025-12-09 14:28:55.716 | INFO | Confusion matrix saved to /workspace/output/logisticregression_ES_seed8_cm_2025-12-09.png
2025-12-09 14:28:55.719 | INFO | LogisticRegression submission saved to /workspace/output/logisticregression_ES_seed8_submission.csv
2025-12-09 14:28:55.720 | INFO | LogisticRegression model serialized to /workspace/output/logisticregression_ES_seed8_logistic_regression_2025-12-09.pth
