2025-12-09 14:28:06.323 | INFO | Training LogisticRegression...
2025-12-09 14:28:06.338 | INFO | LogisticRegression validation accuracy: 79.89%
2025-12-09 14:28:06.338 | INFO | Validation report:
                 precision    recall  f1-score   support

Did Not Survive     0.8246    0.8545    0.8393       110
       Survived     0.7538    0.7101    0.7313        69

       accuracy                         0.7989       179
      macro avg     0.7892    0.7823    0.7853       179
   weighted avg     0.7973    0.7989    0.7977       179

2025-12-09 14:28:06.542 | INFO | Confusion matrix saved to /workspace/output/logisticregression_ES_seed1213_cm_2025-12-09.png
2025-12-09 14:28:06.544 | INFO | LogisticRegression submission saved to /workspace/output/logisticregression_ES_seed1213_submission.csv
2025-12-09 14:28:06.545 | INFO | LogisticRegression model serialized to /workspace/output/logisticregression_ES_seed1213_logistic_regression_2025-12-09.pth
2025-12-09 14:28:56.671 | INFO | Training LogisticRegression...
2025-12-09 14:28:56.685 | INFO | LogisticRegression validation accuracy: 79.89%
2025-12-09 14:28:56.685 | INFO | Validation report:
                 precision    recall  f1-score   support

Did Not Survive     0.8246    0.8545    0.8393       110
       Survived     0.7538    0.7101    0.7313        69

       accuracy                         0.7989       179
      macro avg     0.7892    0.7823    0.7853       179
   weighted avg     0.7973    0.7989    0.7977       179

2025-12-09 14:28:56.881 | INFO | Confusion matrix saved to /workspace/output/logisticregression_ES_seed1213_cm_2025-12-09.png
2025-12-09 14:28:56.883 | INFO | LogisticRegression submission saved to /workspace/output/logisticregression_ES_seed1213_submission.csv
2025-12-09 14:28:56.884 | INFO | LogisticRegression model serialized to /workspace/output/logisticregression_ES_seed1213_logistic_regression_2025-12-09.pth
