2025-12-09 14:28:04.511 | INFO | Training LogisticRegression...
2025-12-09 14:28:04.525 | INFO | LogisticRegression validation accuracy: 78.77%
2025-12-09 14:28:04.525 | INFO | Validation report:
                 precision    recall  f1-score   support

Did Not Survive     0.8273    0.8273    0.8273       110
       Survived     0.7246    0.7246    0.7246        69

       accuracy                         0.7877       179
      macro avg     0.7760    0.7760    0.7760       179
   weighted avg     0.7877    0.7877    0.7877       179

2025-12-09 14:28:04.720 | INFO | Confusion matrix saved to /workspace/output/logisticregression_ES_seed5_cm_2025-12-09.png
2025-12-09 14:28:04.722 | INFO | LogisticRegression submission saved to /workspace/output/logisticregression_ES_seed5_submission.csv
2025-12-09 14:28:04.723 | INFO | LogisticRegression model serialized to /workspace/output/logisticregression_ES_seed5_logistic_regression_2025-12-09.pth
2025-12-09 14:28:54.844 | INFO | Training LogisticRegression...
2025-12-09 14:28:54.858 | INFO | LogisticRegression validation accuracy: 78.77%
2025-12-09 14:28:54.858 | INFO | Validation report:
                 precision    recall  f1-score   support

Did Not Survive     0.8273    0.8273    0.8273       110
       Survived     0.7246    0.7246    0.7246        69

       accuracy                         0.7877       179
      macro avg     0.7760    0.7760    0.7760       179
   weighted avg     0.7877    0.7877    0.7877       179

2025-12-09 14:28:55.056 | INFO | Confusion matrix saved to /workspace/output/logisticregression_ES_seed5_cm_2025-12-09.png
2025-12-09 14:28:55.059 | INFO | LogisticRegression submission saved to /workspace/output/logisticregression_ES_seed5_submission.csv
2025-12-09 14:28:55.061 | INFO | LogisticRegression model serialized to /workspace/output/logisticregression_ES_seed5_logistic_regression_2025-12-09.pth
