2025-12-09 14:28:05.412 | INFO | Training LogisticRegression...
2025-12-09 14:28:05.426 | INFO | LogisticRegression validation accuracy: 78.21%
2025-12-09 14:28:05.426 | INFO | Validation report:
                 precision    recall  f1-score   support

Did Not Survive     0.8142    0.8364    0.8251       110
       Survived     0.7273    0.6957    0.7111        69

       accuracy                         0.7821       179
      macro avg     0.7707    0.7660    0.7681       179
   weighted avg     0.7807    0.7821    0.7812       179

2025-12-09 14:28:05.629 | INFO | Confusion matrix saved to /workspace/output/logisticregression_ES_seed9_cm_2025-12-09.png
2025-12-09 14:28:05.631 | INFO | LogisticRegression submission saved to /workspace/output/logisticregression_ES_seed9_submission.csv
2025-12-09 14:28:05.632 | INFO | LogisticRegression model serialized to /workspace/output/logisticregression_ES_seed9_logistic_regression_2025-12-09.pth
2025-12-09 14:28:55.729 | INFO | Training LogisticRegression...
2025-12-09 14:28:55.743 | INFO | LogisticRegression validation accuracy: 78.21%
2025-12-09 14:28:55.743 | INFO | Validation report:
                 precision    recall  f1-score   support

Did Not Survive     0.8142    0.8364    0.8251       110
       Survived     0.7273    0.6957    0.7111        69

       accuracy                         0.7821       179
      macro avg     0.7707    0.7660    0.7681       179
   weighted avg     0.7807    0.7821    0.7812       179

2025-12-09 14:28:55.952 | INFO | Confusion matrix saved to /workspace/output/logisticregression_ES_seed9_cm_2025-12-09.png
2025-12-09 14:28:55.955 | INFO | LogisticRegression submission saved to /workspace/output/logisticregression_ES_seed9_submission.csv
2025-12-09 14:28:55.956 | INFO | LogisticRegression model serialized to /workspace/output/logisticregression_ES_seed9_logistic_regression_2025-12-09.pth
