2025-12-09 14:28:03.629 | INFO | Training LogisticRegression...
2025-12-09 14:28:03.644 | INFO | LogisticRegression validation accuracy: 77.65%
2025-12-09 14:28:03.644 | INFO | Validation report:
                 precision    recall  f1-score   support

Did Not Survive     0.8182    0.8182    0.8182       110
       Survived     0.7101    0.7101    0.7101        69

       accuracy                         0.7765       179
      macro avg     0.7642    0.7642    0.7642       179
   weighted avg     0.7765    0.7765    0.7765       179

2025-12-09 14:28:03.837 | INFO | Confusion matrix saved to /workspace/output/logisticregression_ES_seed1_cm_2025-12-09.png
2025-12-09 14:28:03.840 | INFO | LogisticRegression submission saved to /workspace/output/logisticregression_ES_seed1_submission.csv
2025-12-09 14:28:03.841 | INFO | LogisticRegression model serialized to /workspace/output/logisticregression_ES_seed1_logistic_regression_2025-12-09.pth
2025-12-09 14:28:53.914 | INFO | Training LogisticRegression...
2025-12-09 14:28:53.929 | INFO | LogisticRegression validation accuracy: 77.65%
2025-12-09 14:28:53.929 | INFO | Validation report:
                 precision    recall  f1-score   support

Did Not Survive     0.8182    0.8182    0.8182       110
       Survived     0.7101    0.7101    0.7101        69

       accuracy                         0.7765       179
      macro avg     0.7642    0.7642    0.7642       179
   weighted avg     0.7765    0.7765    0.7765       179

2025-12-09 14:28:54.141 | INFO | Confusion matrix saved to /workspace/output/logisticregression_ES_seed1_cm_2025-12-09.png
2025-12-09 14:28:54.144 | INFO | LogisticRegression submission saved to /workspace/output/logisticregression_ES_seed1_submission.csv
2025-12-09 14:28:54.145 | INFO | LogisticRegression model serialized to /workspace/output/logisticregression_ES_seed1_logistic_regression_2025-12-09.pth
