2025-12-09 14:28:04.959 | INFO | Training LogisticRegression...
2025-12-09 14:28:04.973 | INFO | LogisticRegression validation accuracy: 75.98%
2025-12-09 14:28:04.974 | INFO | Validation report:
                 precision    recall  f1-score   support

Did Not Survive     0.8131    0.7909    0.8018       110
       Survived     0.6806    0.7101    0.6950        69

       accuracy                         0.7598       179
      macro avg     0.7468    0.7505    0.7484       179
   weighted avg     0.7620    0.7598    0.7607       179

2025-12-09 14:28:05.169 | INFO | Confusion matrix saved to /workspace/output/logisticregression_ES_seed7_cm_2025-12-09.png
2025-12-09 14:28:05.171 | INFO | LogisticRegression submission saved to /workspace/output/logisticregression_ES_seed7_submission.csv
2025-12-09 14:28:05.172 | INFO | LogisticRegression model serialized to /workspace/output/logisticregression_ES_seed7_logistic_regression_2025-12-09.pth
2025-12-09 14:28:55.298 | INFO | Training LogisticRegression...
2025-12-09 14:28:55.311 | INFO | LogisticRegression validation accuracy: 75.98%
2025-12-09 14:28:55.311 | INFO | Validation report:
                 precision    recall  f1-score   support

Did Not Survive     0.8131    0.7909    0.8018       110
       Survived     0.6806    0.7101    0.6950        69

       accuracy                         0.7598       179
      macro avg     0.7468    0.7505    0.7484       179
   weighted avg     0.7620    0.7598    0.7607       179

2025-12-09 14:28:55.501 | INFO | Confusion matrix saved to /workspace/output/logisticregression_ES_seed7_cm_2025-12-09.png
2025-12-09 14:28:55.504 | INFO | LogisticRegression submission saved to /workspace/output/logisticregression_ES_seed7_submission.csv
2025-12-09 14:28:55.505 | INFO | LogisticRegression model serialized to /workspace/output/logisticregression_ES_seed7_logistic_regression_2025-12-09.pth
