2025-12-09 14:28:06.098 | INFO | Training LogisticRegression...
2025-12-09 14:28:06.112 | INFO | LogisticRegression validation accuracy: 78.77%
2025-12-09 14:28:06.112 | INFO | Validation report:
                 precision    recall  f1-score   support

Did Not Survive     0.8103    0.8545    0.8319       110
       Survived     0.7460    0.6812    0.7121        69

       accuracy                         0.7877       179
      macro avg     0.7782    0.7679    0.7720       179
   weighted avg     0.7856    0.7877    0.7857       179

2025-12-09 14:28:06.310 | INFO | Confusion matrix saved to /workspace/output/logisticregression_ES_seed1121_cm_2025-12-09.png
2025-12-09 14:28:06.313 | INFO | LogisticRegression submission saved to /workspace/output/logisticregression_ES_seed1121_submission.csv
2025-12-09 14:28:06.314 | INFO | LogisticRegression model serialized to /workspace/output/logisticregression_ES_seed1121_logistic_regression_2025-12-09.pth
2025-12-09 14:28:56.442 | INFO | Training LogisticRegression...
2025-12-09 14:28:56.459 | INFO | LogisticRegression validation accuracy: 78.77%
2025-12-09 14:28:56.459 | INFO | Validation report:
                 precision    recall  f1-score   support

Did Not Survive     0.8103    0.8545    0.8319       110
       Survived     0.7460    0.6812    0.7121        69

       accuracy                         0.7877       179
      macro avg     0.7782    0.7679    0.7720       179
   weighted avg     0.7856    0.7877    0.7857       179

2025-12-09 14:28:56.657 | INFO | Confusion matrix saved to /workspace/output/logisticregression_ES_seed1121_cm_2025-12-09.png
2025-12-09 14:28:56.660 | INFO | LogisticRegression submission saved to /workspace/output/logisticregression_ES_seed1121_submission.csv
2025-12-09 14:28:56.662 | INFO | LogisticRegression model serialized to /workspace/output/logisticregression_ES_seed1121_logistic_regression_2025-12-09.pth
