2025-12-09 14:28:03.851 | INFO | Training LogisticRegression...
2025-12-09 14:28:03.865 | INFO | LogisticRegression validation accuracy: 76.54%
2025-12-09 14:28:03.865 | INFO | Validation report:
                 precision    recall  f1-score   support

Did Not Survive     0.8333    0.7727    0.8019       110
       Survived     0.6753    0.7536    0.7123        69

       accuracy                         0.7654       179
      macro avg     0.7543    0.7632    0.7571       179
   weighted avg     0.7724    0.7654    0.7674       179

2025-12-09 14:28:04.056 | INFO | Confusion matrix saved to /workspace/output/logisticregression_ES_seed2_cm_2025-12-09.png
2025-12-09 14:28:04.058 | INFO | LogisticRegression submission saved to /workspace/output/logisticregression_ES_seed2_submission.csv
2025-12-09 14:28:04.059 | INFO | LogisticRegression model serialized to /workspace/output/logisticregression_ES_seed2_logistic_regression_2025-12-09.pth
2025-12-09 14:28:54.156 | INFO | Training LogisticRegression...
2025-12-09 14:28:54.171 | INFO | LogisticRegression validation accuracy: 76.54%
2025-12-09 14:28:54.171 | INFO | Validation report:
                 precision    recall  f1-score   support

Did Not Survive     0.8333    0.7727    0.8019       110
       Survived     0.6753    0.7536    0.7123        69

       accuracy                         0.7654       179
      macro avg     0.7543    0.7632    0.7571       179
   weighted avg     0.7724    0.7654    0.7674       179

2025-12-09 14:28:54.367 | INFO | Confusion matrix saved to /workspace/output/logisticregression_ES_seed2_cm_2025-12-09.png
2025-12-09 14:28:54.370 | INFO | LogisticRegression submission saved to /workspace/output/logisticregression_ES_seed2_submission.csv
2025-12-09 14:28:54.371 | INFO | LogisticRegression model serialized to /workspace/output/logisticregression_ES_seed2_logistic_regression_2025-12-09.pth
