2025-12-09 14:28:03.131 | INFO | Training LogisticRegression...
2025-12-09 14:28:03.166 | INFO | LogisticRegression validation accuracy: 77.65%
2025-12-09 14:28:03.166 | INFO | Validation report:
                 precision    recall  f1-score   support

Did Not Survive     0.7966    0.8545    0.8246       110
       Survived     0.7377    0.6522    0.6923        69

       accuracy                         0.7765       179
      macro avg     0.7672    0.7534    0.7584       179
   weighted avg     0.7739    0.7765    0.7736       179

2025-12-09 14:28:03.383 | INFO | Confusion matrix saved to /workspace/output/logisticregression_ES_seed45_cm_2025-12-09.png
2025-12-09 14:28:03.391 | INFO | LogisticRegression submission saved to /workspace/output/logisticregression_ES_seed45_submission.csv
2025-12-09 14:28:03.392 | INFO | LogisticRegression model serialized to /workspace/output/logisticregression_ES_seed45_logistic_regression_2025-12-09.pth
2025-12-09 14:28:53.414 | INFO | Training LogisticRegression...
2025-12-09 14:28:53.430 | INFO | LogisticRegression validation accuracy: 77.65%
2025-12-09 14:28:53.430 | INFO | Validation report:
                 precision    recall  f1-score   support

Did Not Survive     0.7966    0.8545    0.8246       110
       Survived     0.7377    0.6522    0.6923        69

       accuracy                         0.7765       179
      macro avg     0.7672    0.7534    0.7584       179
   weighted avg     0.7739    0.7765    0.7736       179

2025-12-09 14:28:53.658 | INFO | Confusion matrix saved to /workspace/output/logisticregression_ES_seed45_cm_2025-12-09.png
2025-12-09 14:28:53.662 | INFO | LogisticRegression submission saved to /workspace/output/logisticregression_ES_seed45_submission.csv
2025-12-09 14:28:53.664 | INFO | LogisticRegression model serialized to /workspace/output/logisticregression_ES_seed45_logistic_regression_2025-12-09.pth
