2025-12-09 14:22:41.155 | INFO | Model: TitanicMLP
2025-12-09 14:22:41.156 | INFO | Optimizer: AdamW
2025-12-09 14:22:41.256 | INFO | Epoch 1/250 | Train Loss 0.6767, Train Acc 57.16% | Val Loss 0.6588, Val Acc 68.16%
2025-12-09 14:22:41.263 | INFO | New best model saved with validation accuracy 68.16%
2025-12-09 14:22:41.318 | INFO | Epoch 2/250 | Train Loss 0.6279, Train Acc 66.57% | Val Loss 0.6230, Val Acc 68.72%
2025-12-09 14:22:41.324 | INFO | New best model saved with validation accuracy 68.72%
2025-12-09 14:22:41.419 | INFO | Epoch 3/250 | Train Loss 0.6124, Train Acc 67.98% | Val Loss 0.6069, Val Acc 69.27%
2025-12-09 14:22:41.425 | INFO | New best model saved with validation accuracy 69.27%
2025-12-09 14:22:41.524 | INFO | Epoch 4/250 | Train Loss 0.6297, Train Acc 69.38% | Val Loss 0.6001, Val Acc 69.27%
2025-12-09 14:22:41.585 | INFO | Epoch 5/250 | Train Loss 0.6192, Train Acc 68.54% | Val Loss 0.6009, Val Acc 68.16%
2025-12-09 14:22:41.688 | INFO | Epoch 6/250 | Train Loss 0.6096, Train Acc 69.10% | Val Loss 0.5977, Val Acc 69.83%
2025-12-09 14:22:41.695 | INFO | New best model saved with validation accuracy 69.83%
2025-12-09 14:22:41.763 | INFO | Epoch 7/250 | Train Loss 0.5939, Train Acc 68.82% | Val Loss 0.5935, Val Acc 68.72%
2025-12-09 14:22:41.838 | INFO | Epoch 8/250 | Train Loss 0.5872, Train Acc 70.65% | Val Loss 0.5915, Val Acc 70.95%
2025-12-09 14:22:41.886 | INFO | New best model saved with validation accuracy 70.95%
2025-12-09 14:22:41.973 | INFO | Epoch 9/250 | Train Loss 0.5826, Train Acc 69.52% | Val Loss 0.5884, Val Acc 69.83%
2025-12-09 14:22:42.033 | INFO | Epoch 10/250 | Train Loss 0.5879, Train Acc 70.65% | Val Loss 0.5850, Val Acc 69.83%
2025-12-09 14:22:42.133 | INFO | Epoch 11/250 | Train Loss 0.5890, Train Acc 70.65% | Val Loss 0.5806, Val Acc 69.27%
2025-12-09 14:22:42.211 | INFO | Epoch 12/250 | Train Loss 0.5833, Train Acc 69.66% | Val Loss 0.5730, Val Acc 69.83%
2025-12-09 14:22:42.290 | INFO | Epoch 13/250 | Train Loss 0.5728, Train Acc 71.63% | Val Loss 0.5688, Val Acc 69.83%
2025-12-09 14:22:42.390 | INFO | Epoch 14/250 | Train Loss 0.5887, Train Acc 70.79% | Val Loss 0.5639, Val Acc 70.95%
2025-12-09 14:22:42.452 | INFO | Epoch 15/250 | Train Loss 0.5667, Train Acc 72.47% | Val Loss 0.5629, Val Acc 70.39%
2025-12-09 14:22:42.540 | INFO | Epoch 16/250 | Train Loss 0.5572, Train Acc 73.88% | Val Loss 0.5584, Val Acc 71.51%
2025-12-09 14:22:42.579 | INFO | New best model saved with validation accuracy 71.51%
2025-12-09 14:22:42.664 | INFO | Epoch 17/250 | Train Loss 0.5570, Train Acc 72.19% | Val Loss 0.5547, Val Acc 72.07%
2025-12-09 14:22:42.671 | INFO | New best model saved with validation accuracy 72.07%
2025-12-09 14:22:42.750 | INFO | Epoch 18/250 | Train Loss 0.5693, Train Acc 72.61% | Val Loss 0.5515, Val Acc 72.63%
2025-12-09 14:22:42.757 | INFO | New best model saved with validation accuracy 72.63%
2025-12-09 14:22:42.856 | INFO | Epoch 19/250 | Train Loss 0.5566, Train Acc 72.89% | Val Loss 0.5480, Val Acc 73.74%
2025-12-09 14:22:42.863 | INFO | New best model saved with validation accuracy 73.74%
2025-12-09 14:22:42.919 | INFO | Epoch 20/250 | Train Loss 0.5514, Train Acc 74.02% | Val Loss 0.5447, Val Acc 75.42%
2025-12-09 14:22:42.947 | INFO | New best model saved with validation accuracy 75.42%
2025-12-09 14:22:43.047 | INFO | Epoch 21/250 | Train Loss 0.5564, Train Acc 72.05% | Val Loss 0.5415, Val Acc 75.42%
2025-12-09 14:22:43.121 | INFO | Epoch 22/250 | Train Loss 0.5628, Train Acc 73.31% | Val Loss 0.5379, Val Acc 75.98%
2025-12-09 14:22:43.129 | INFO | New best model saved with validation accuracy 75.98%
2025-12-09 14:22:43.201 | INFO | Epoch 23/250 | Train Loss 0.5386, Train Acc 73.60% | Val Loss 0.5343, Val Acc 75.42%
2025-12-09 14:22:43.296 | INFO | Epoch 24/250 | Train Loss 0.5453, Train Acc 74.02% | Val Loss 0.5328, Val Acc 75.42%
2025-12-09 14:22:43.360 | INFO | Epoch 25/250 | Train Loss 0.5455, Train Acc 73.74% | Val Loss 0.5258, Val Acc 75.42%
2025-12-09 14:22:43.431 | INFO | Epoch 26/250 | Train Loss 0.5698, Train Acc 72.47% | Val Loss 0.5187, Val Acc 75.42%
2025-12-09 14:22:43.533 | INFO | Epoch 27/250 | Train Loss 0.5502, Train Acc 74.16% | Val Loss 0.5173, Val Acc 75.98%
2025-12-09 14:22:43.595 | INFO | Epoch 28/250 | Train Loss 0.5646, Train Acc 74.44% | Val Loss 0.5178, Val Acc 76.54%
2025-12-09 14:22:43.722 | INFO | New best model saved with validation accuracy 76.54%
2025-12-09 14:22:43.802 | INFO | Epoch 29/250 | Train Loss 0.5483, Train Acc 72.75% | Val Loss 0.5184, Val Acc 76.54%
2025-12-09 14:22:43.864 | INFO | Epoch 30/250 | Train Loss 0.5394, Train Acc 73.74% | Val Loss 0.5212, Val Acc 77.09%
2025-12-09 14:22:43.871 | INFO | New best model saved with validation accuracy 77.09%
2025-12-09 14:22:43.976 | INFO | Epoch 31/250 | Train Loss 0.5667, Train Acc 72.89% | Val Loss 0.5214, Val Acc 77.09%
2025-12-09 14:22:44.046 | INFO | Epoch 32/250 | Train Loss 0.5472, Train Acc 74.30% | Val Loss 0.5186, Val Acc 77.65%
2025-12-09 14:22:44.054 | INFO | New best model saved with validation accuracy 77.65%
2025-12-09 14:22:44.160 | INFO | Epoch 33/250 | Train Loss 0.5380, Train Acc 75.42% | Val Loss 0.5080, Val Acc 77.09%
2025-12-09 14:22:44.252 | INFO | Epoch 34/250 | Train Loss 0.5229, Train Acc 75.14% | Val Loss 0.5041, Val Acc 77.09%
2025-12-09 14:22:44.310 | INFO | Epoch 35/250 | Train Loss 0.5432, Train Acc 74.30% | Val Loss 0.4973, Val Acc 78.21%
2025-12-09 14:22:44.336 | INFO | New best model saved with validation accuracy 78.21%
2025-12-09 14:22:44.435 | INFO | Epoch 36/250 | Train Loss 0.5227, Train Acc 74.58% | Val Loss 0.4929, Val Acc 78.21%
2025-12-09 14:22:44.498 | INFO | Epoch 37/250 | Train Loss 0.5403, Train Acc 74.58% | Val Loss 0.4888, Val Acc 78.21%
2025-12-09 14:22:44.576 | INFO | Epoch 38/250 | Train Loss 0.5185, Train Acc 76.40% | Val Loss 0.4885, Val Acc 78.21%
2025-12-09 14:22:44.673 | INFO | Epoch 39/250 | Train Loss 0.5315, Train Acc 74.02% | Val Loss 0.4880, Val Acc 77.65%
2025-12-09 14:22:44.736 | INFO | Epoch 40/250 | Train Loss 0.5360, Train Acc 73.03% | Val Loss 0.4863, Val Acc 77.65%
2025-12-09 14:22:44.808 | INFO | Epoch 41/250 | Train Loss 0.5165, Train Acc 75.98% | Val Loss 0.4885, Val Acc 78.21%
2025-12-09 14:22:44.909 | INFO | Epoch 42/250 | Train Loss 0.5335, Train Acc 75.28% | Val Loss 0.4869, Val Acc 79.33%
2025-12-09 14:22:44.916 | INFO | New best model saved with validation accuracy 79.33%
2025-12-09 14:22:44.991 | INFO | Epoch 43/250 | Train Loss 0.5268, Train Acc 75.98% | Val Loss 0.4911, Val Acc 78.21%
2025-12-09 14:22:45.061 | INFO | Epoch 44/250 | Train Loss 0.5462, Train Acc 75.56% | Val Loss 0.4886, Val Acc 78.77%
2025-12-09 14:22:45.164 | INFO | Epoch 45/250 | Train Loss 0.5176, Train Acc 75.42% | Val Loss 0.4895, Val Acc 79.33%
2025-12-09 14:22:45.245 | INFO | Epoch 46/250 | Train Loss 0.5210, Train Acc 75.14% | Val Loss 0.4884, Val Acc 78.77%
2025-12-09 14:22:45.303 | INFO | Epoch 47/250 | Train Loss 0.5227, Train Acc 75.00% | Val Loss 0.4803, Val Acc 78.77%
2025-12-09 14:22:45.406 | INFO | Epoch 48/250 | Train Loss 0.5072, Train Acc 75.42% | Val Loss 0.4775, Val Acc 79.33%
2025-12-09 14:22:45.492 | INFO | Epoch 49/250 | Train Loss 0.5075, Train Acc 75.70% | Val Loss 0.4728, Val Acc 79.33%
2025-12-09 14:22:45.539 | INFO | Epoch 50/250 | Train Loss 0.5400, Train Acc 76.69% | Val Loss 0.4710, Val Acc 79.89%
2025-12-09 14:22:45.576 | INFO | New best model saved with validation accuracy 79.89%
2025-12-09 14:22:45.681 | INFO | Epoch 51/250 | Train Loss 0.4959, Train Acc 76.83% | Val Loss 0.4721, Val Acc 79.89%
2025-12-09 14:22:45.753 | INFO | Epoch 52/250 | Train Loss 0.5270, Train Acc 75.84% | Val Loss 0.4732, Val Acc 79.89%
2025-12-09 14:22:45.819 | INFO | Epoch 53/250 | Train Loss 0.5085, Train Acc 76.83% | Val Loss 0.4720, Val Acc 79.89%
2025-12-09 14:22:45.917 | INFO | Epoch 54/250 | Train Loss 0.5092, Train Acc 77.67% | Val Loss 0.4705, Val Acc 79.89%
2025-12-09 14:22:45.988 | INFO | Epoch 55/250 | Train Loss 0.5133, Train Acc 75.00% | Val Loss 0.4718, Val Acc 79.89%
2025-12-09 14:22:46.054 | INFO | Epoch 56/250 | Train Loss 0.5213, Train Acc 75.28% | Val Loss 0.4710, Val Acc 79.33%
2025-12-09 14:22:46.155 | INFO | Epoch 57/250 | Train Loss 0.5270, Train Acc 74.44% | Val Loss 0.4697, Val Acc 79.33%
2025-12-09 14:22:46.229 | INFO | Epoch 58/250 | Train Loss 0.5152, Train Acc 76.26% | Val Loss 0.4705, Val Acc 79.33%
2025-12-09 14:22:46.301 | INFO | Epoch 59/250 | Train Loss 0.5235, Train Acc 74.72% | Val Loss 0.4680, Val Acc 79.33%
2025-12-09 14:22:46.409 | INFO | Epoch 60/250 | Train Loss 0.5044, Train Acc 76.54% | Val Loss 0.4658, Val Acc 79.89%
2025-12-09 14:22:46.474 | INFO | Epoch 61/250 | Train Loss 0.5021, Train Acc 76.12% | Val Loss 0.4661, Val Acc 79.33%
2025-12-09 14:22:46.558 | INFO | Epoch 62/250 | Train Loss 0.4966, Train Acc 77.53% | Val Loss 0.4653, Val Acc 79.89%
2025-12-09 14:22:46.659 | INFO | Epoch 63/250 | Train Loss 0.5052, Train Acc 76.40% | Val Loss 0.4622, Val Acc 79.89%
2025-12-09 14:22:46.724 | INFO | Epoch 64/250 | Train Loss 0.5046, Train Acc 77.25% | Val Loss 0.4601, Val Acc 79.89%
2025-12-09 14:22:46.810 | INFO | Epoch 65/250 | Train Loss 0.5089, Train Acc 76.12% | Val Loss 0.4620, Val Acc 79.89%
2025-12-09 14:22:46.910 | INFO | Epoch 66/250 | Train Loss 0.5062, Train Acc 75.98% | Val Loss 0.4628, Val Acc 79.89%
2025-12-09 14:22:46.958 | INFO | Epoch 67/250 | Train Loss 0.4997, Train Acc 76.97% | Val Loss 0.4644, Val Acc 79.89%
2025-12-09 14:22:47.052 | INFO | Epoch 68/250 | Train Loss 0.5095, Train Acc 76.69% | Val Loss 0.4664, Val Acc 79.89%
2025-12-09 14:22:47.148 | INFO | Epoch 69/250 | Train Loss 0.5002, Train Acc 76.97% | Val Loss 0.4648, Val Acc 79.89%
2025-12-09 14:22:47.192 | INFO | Epoch 70/250 | Train Loss 0.4856, Train Acc 77.81% | Val Loss 0.4636, Val Acc 79.89%
2025-12-09 14:22:47.249 | INFO | Epoch 71/250 | Train Loss 0.5039, Train Acc 77.11% | Val Loss 0.4642, Val Acc 79.89%
2025-12-09 14:22:47.349 | INFO | Epoch 72/250 | Train Loss 0.5122, Train Acc 76.97% | Val Loss 0.4634, Val Acc 79.89%
2025-12-09 14:22:47.421 | INFO | Epoch 73/250 | Train Loss 0.4909, Train Acc 77.95% | Val Loss 0.4622, Val Acc 79.89%
2025-12-09 14:22:47.457 | INFO | Epoch 74/250 | Train Loss 0.5153, Train Acc 75.98% | Val Loss 0.4611, Val Acc 79.89%
2025-12-09 14:22:47.538 | INFO | Epoch 75/250 | Train Loss 0.5054, Train Acc 75.84% | Val Loss 0.4609, Val Acc 79.89%
2025-12-09 14:22:47.633 | INFO | Epoch 76/250 | Train Loss 0.5017, Train Acc 75.84% | Val Loss 0.4616, Val Acc 79.89%
2025-12-09 14:22:47.686 | INFO | Epoch 77/250 | Train Loss 0.5092, Train Acc 76.97% | Val Loss 0.4621, Val Acc 79.89%
2025-12-09 14:22:47.767 | INFO | Epoch 78/250 | Train Loss 0.4953, Train Acc 75.98% | Val Loss 0.4607, Val Acc 79.89%
2025-12-09 14:22:47.865 | INFO | Epoch 79/250 | Train Loss 0.4878, Train Acc 77.67% | Val Loss 0.4616, Val Acc 79.89%
2025-12-09 14:22:47.922 | INFO | Epoch 80/250 | Train Loss 0.5112, Train Acc 75.28% | Val Loss 0.4625, Val Acc 79.89%
2025-12-09 14:22:47.922 | INFO | Early stopping triggered
2025-12-09 14:22:48.341 | INFO | Training history plot saved to /workspace/output/MLP_ES_seed777_training_2025-12-09.png
2025-12-09 14:22:48.359 | INFO | Final validation accuracy: 79.89% (loss 0.4710)
2025-12-09 14:22:48.369 | INFO | Validation report:
                 precision    recall  f1-score   support

Did Not Survive     0.8083    0.8818    0.8435       110
       Survived     0.7797    0.6667    0.7188        69

       accuracy                         0.7989       179
      macro avg     0.7940    0.7742    0.7811       179
   weighted avg     0.7973    0.7989    0.7954       179

2025-12-09 14:22:48.573 | INFO | Confusion matrix saved to /workspace/output/MLP_ES_seed777_cm_2025-12-09.png
2025-12-09 14:22:48.599 | INFO | Submission saved to /workspace/output/MLP_ES_seed777_submission.csv
2025-12-09 14:23:35.468 | INFO | Model: TitanicMLP
2025-12-09 14:23:35.468 | INFO | Optimizer: AdamW
2025-12-09 14:23:35.555 | INFO | Epoch 1/250 | Train Loss 0.6212, Train Acc 67.56% | Val Loss 0.6250, Val Acc 77.09%
2025-12-09 14:23:35.562 | INFO | New best model saved with validation accuracy 77.09%
2025-12-09 14:23:35.661 | INFO | Epoch 2/250 | Train Loss 0.5330, Train Acc 76.54% | Val Loss 0.5063, Val Acc 83.24%
2025-12-09 14:23:35.668 | INFO | New best model saved with validation accuracy 83.24%
2025-12-09 14:23:35.718 | INFO | Epoch 3/250 | Train Loss 0.4668, Train Acc 78.51% | Val Loss 0.4213, Val Acc 85.47%
2025-12-09 14:23:35.725 | INFO | New best model saved with validation accuracy 85.47%
2025-12-09 14:23:35.828 | INFO | Epoch 4/250 | Train Loss 0.4383, Train Acc 81.18% | Val Loss 0.3837, Val Acc 88.27%
2025-12-09 14:23:35.835 | INFO | New best model saved with validation accuracy 88.27%
2025-12-09 14:23:35.923 | INFO | Epoch 5/250 | Train Loss 0.4393, Train Acc 80.20% | Val Loss 0.3682, Val Acc 87.15%
2025-12-09 14:23:35.982 | INFO | Epoch 6/250 | Train Loss 0.4201, Train Acc 82.87% | Val Loss 0.3609, Val Acc 88.27%
2025-12-09 14:23:36.088 | INFO | Epoch 7/250 | Train Loss 0.4161, Train Acc 82.16% | Val Loss 0.3574, Val Acc 88.83%
2025-12-09 14:23:36.095 | INFO | New best model saved with validation accuracy 88.83%
2025-12-09 14:23:36.174 | INFO | Epoch 8/250 | Train Loss 0.4026, Train Acc 83.85% | Val Loss 0.3560, Val Acc 88.27%
2025-12-09 14:23:36.253 | INFO | Epoch 9/250 | Train Loss 0.3867, Train Acc 83.01% | Val Loss 0.3567, Val Acc 89.39%
2025-12-09 14:23:36.260 | INFO | New best model saved with validation accuracy 89.39%
2025-12-09 14:23:36.359 | INFO | Epoch 10/250 | Train Loss 0.3850, Train Acc 83.29% | Val Loss 0.3564, Val Acc 89.94%
2025-12-09 14:23:36.366 | INFO | New best model saved with validation accuracy 89.94%
2025-12-09 14:23:36.424 | INFO | Epoch 11/250 | Train Loss 0.4027, Train Acc 82.87% | Val Loss 0.3572, Val Acc 89.39%
2025-12-09 14:23:36.529 | INFO | Epoch 12/250 | Train Loss 0.4102, Train Acc 81.60% | Val Loss 0.3600, Val Acc 88.27%
2025-12-09 14:23:36.622 | INFO | Epoch 13/250 | Train Loss 0.4046, Train Acc 83.15% | Val Loss 0.3632, Val Acc 87.15%
2025-12-09 14:23:36.686 | INFO | Epoch 14/250 | Train Loss 0.3885, Train Acc 83.15% | Val Loss 0.3624, Val Acc 87.15%
2025-12-09 14:23:36.789 | INFO | Epoch 15/250 | Train Loss 0.3850, Train Acc 83.71% | Val Loss 0.3624, Val Acc 87.71%
2025-12-09 14:23:36.863 | INFO | Epoch 16/250 | Train Loss 0.3905, Train Acc 84.13% | Val Loss 0.3654, Val Acc 87.71%
2025-12-09 14:23:36.937 | INFO | Epoch 17/250 | Train Loss 0.3846, Train Acc 83.99% | Val Loss 0.3687, Val Acc 87.15%
2025-12-09 14:23:37.038 | INFO | Epoch 18/250 | Train Loss 0.3733, Train Acc 83.57% | Val Loss 0.3689, Val Acc 87.71%
2025-12-09 14:23:37.108 | INFO | Epoch 19/250 | Train Loss 0.3669, Train Acc 85.11% | Val Loss 0.3681, Val Acc 86.59%
2025-12-09 14:23:37.201 | INFO | Epoch 20/250 | Train Loss 0.4018, Train Acc 83.29% | Val Loss 0.3669, Val Acc 87.71%
2025-12-09 14:23:37.301 | INFO | Epoch 21/250 | Train Loss 0.3799, Train Acc 84.97% | Val Loss 0.3669, Val Acc 87.71%
2025-12-09 14:23:37.365 | INFO | Epoch 22/250 | Train Loss 0.3894, Train Acc 82.87% | Val Loss 0.3670, Val Acc 88.27%
2025-12-09 14:23:37.471 | INFO | Epoch 23/250 | Train Loss 0.3811, Train Acc 84.41% | Val Loss 0.3676, Val Acc 87.71%
2025-12-09 14:23:37.552 | INFO | Epoch 24/250 | Train Loss 0.3874, Train Acc 83.71% | Val Loss 0.3682, Val Acc 87.71%
2025-12-09 14:23:37.625 | INFO | Epoch 25/250 | Train Loss 0.3723, Train Acc 84.27% | Val Loss 0.3686, Val Acc 87.71%
2025-12-09 14:23:37.729 | INFO | Epoch 26/250 | Train Loss 0.3636, Train Acc 84.69% | Val Loss 0.3695, Val Acc 87.15%
2025-12-09 14:23:37.801 | INFO | Epoch 27/250 | Train Loss 0.3587, Train Acc 85.11% | Val Loss 0.3710, Val Acc 87.71%
2025-12-09 14:23:37.895 | INFO | Epoch 28/250 | Train Loss 0.3818, Train Acc 84.69% | Val Loss 0.3723, Val Acc 88.27%
2025-12-09 14:23:37.998 | INFO | Epoch 29/250 | Train Loss 0.3530, Train Acc 84.97% | Val Loss 0.3709, Val Acc 87.15%
2025-12-09 14:23:38.041 | INFO | Epoch 30/250 | Train Loss 0.3990, Train Acc 83.15% | Val Loss 0.3705, Val Acc 87.15%
2025-12-09 14:23:38.141 | INFO | Epoch 31/250 | Train Loss 0.3787, Train Acc 84.97% | Val Loss 0.3698, Val Acc 87.71%
2025-12-09 14:23:38.236 | INFO | Epoch 32/250 | Train Loss 0.3543, Train Acc 85.25% | Val Loss 0.3706, Val Acc 87.71%
2025-12-09 14:23:38.279 | INFO | Epoch 33/250 | Train Loss 0.3668, Train Acc 85.25% | Val Loss 0.3706, Val Acc 87.71%
2025-12-09 14:23:38.369 | INFO | Epoch 34/250 | Train Loss 0.3627, Train Acc 85.96% | Val Loss 0.3708, Val Acc 87.71%
2025-12-09 14:23:38.467 | INFO | Epoch 35/250 | Train Loss 0.3666, Train Acc 84.13% | Val Loss 0.3717, Val Acc 87.71%
2025-12-09 14:23:38.515 | INFO | Epoch 36/250 | Train Loss 0.3560, Train Acc 85.53% | Val Loss 0.3718, Val Acc 87.71%
2025-12-09 14:23:38.616 | INFO | Epoch 37/250 | Train Loss 0.3913, Train Acc 84.69% | Val Loss 0.3714, Val Acc 87.71%
2025-12-09 14:23:38.713 | INFO | Epoch 38/250 | Train Loss 0.3823, Train Acc 85.39% | Val Loss 0.3718, Val Acc 87.71%
2025-12-09 14:23:38.782 | INFO | Epoch 39/250 | Train Loss 0.3469, Train Acc 84.83% | Val Loss 0.3722, Val Acc 87.71%
2025-12-09 14:23:38.892 | INFO | Epoch 40/250 | Train Loss 0.3483, Train Acc 85.53% | Val Loss 0.3722, Val Acc 87.71%
2025-12-09 14:23:38.893 | INFO | Early stopping triggered
2025-12-09 14:23:39.314 | INFO | Training history plot saved to /workspace/output/MLP_ES_seed777_training_2025-12-09.png
2025-12-09 14:23:39.358 | INFO | Final validation accuracy: 89.94% (loss 0.3564)
2025-12-09 14:23:39.368 | INFO | Validation report:
                 precision    recall  f1-score   support

Did Not Survive     0.9035    0.9364    0.9196       110
       Survived     0.8923    0.8406    0.8657        69

       accuracy                         0.8994       179
      macro avg     0.8979    0.8885    0.8927       179
   weighted avg     0.8992    0.8994    0.8988       179

2025-12-09 14:23:39.565 | INFO | Confusion matrix saved to /workspace/output/MLP_ES_seed777_cm_2025-12-09.png
2025-12-09 14:23:39.578 | INFO | Submission saved to /workspace/output/MLP_ES_seed777_submission.csv
