2025-12-09 14:22:15.306 | INFO | Using device: cuda
2025-12-09 14:22:21.855 | INFO | Loaded 891 training samples with 9 features
2025-12-09 14:22:24.017 | INFO | Model: TitanicMLP
2025-12-09 14:22:24.017 | INFO | Optimizer: AdamW
2025-12-09 14:22:25.857 | INFO | Epoch 1/250 | Train Loss 0.6913, Train Acc 59.69% | Val Loss 0.6231, Val Acc 68.72%
2025-12-09 14:22:25.864 | INFO | New best model saved with validation accuracy 68.72%
2025-12-09 14:22:25.976 | INFO | Epoch 2/250 | Train Loss 0.6281, Train Acc 65.31% | Val Loss 0.5924, Val Acc 68.16%
2025-12-09 14:22:26.062 | INFO | Epoch 3/250 | Train Loss 0.6225, Train Acc 67.13% | Val Loss 0.5732, Val Acc 69.27%
2025-12-09 14:22:26.182 | INFO | New best model saved with validation accuracy 69.27%
2025-12-09 14:22:26.283 | INFO | Epoch 4/250 | Train Loss 0.6098, Train Acc 68.12% | Val Loss 0.5527, Val Acc 70.95%
2025-12-09 14:22:26.302 | INFO | New best model saved with validation accuracy 70.95%
2025-12-09 14:22:26.403 | INFO | Epoch 5/250 | Train Loss 0.6168, Train Acc 67.56% | Val Loss 0.5404, Val Acc 72.07%
2025-12-09 14:22:26.409 | INFO | New best model saved with validation accuracy 72.07%
2025-12-09 14:22:26.513 | INFO | Epoch 6/250 | Train Loss 0.6057, Train Acc 67.98% | Val Loss 0.5309, Val Acc 71.51%
2025-12-09 14:22:26.576 | INFO | Epoch 7/250 | Train Loss 0.6080, Train Acc 67.70% | Val Loss 0.5326, Val Acc 73.74%
2025-12-09 14:22:26.591 | INFO | New best model saved with validation accuracy 73.74%
2025-12-09 14:22:26.705 | INFO | Epoch 8/250 | Train Loss 0.6040, Train Acc 68.54% | Val Loss 0.5308, Val Acc 74.86%
2025-12-09 14:22:26.712 | INFO | New best model saved with validation accuracy 74.86%
2025-12-09 14:22:26.767 | INFO | Epoch 9/250 | Train Loss 0.6166, Train Acc 67.98% | Val Loss 0.5260, Val Acc 75.42%
2025-12-09 14:22:26.774 | INFO | New best model saved with validation accuracy 75.42%
2025-12-09 14:22:26.876 | INFO | Epoch 10/250 | Train Loss 0.6030, Train Acc 70.65% | Val Loss 0.5283, Val Acc 75.42%
2025-12-09 14:22:26.969 | INFO | Epoch 11/250 | Train Loss 0.5977, Train Acc 69.10% | Val Loss 0.5267, Val Acc 73.74%
2025-12-09 14:22:27.041 | INFO | Epoch 12/250 | Train Loss 0.5902, Train Acc 69.66% | Val Loss 0.5266, Val Acc 74.86%
2025-12-09 14:22:27.159 | INFO | Epoch 13/250 | Train Loss 0.5906, Train Acc 69.10% | Val Loss 0.5273, Val Acc 73.74%
2025-12-09 14:22:27.229 | INFO | Epoch 14/250 | Train Loss 0.5988, Train Acc 68.82% | Val Loss 0.5272, Val Acc 75.42%
2025-12-09 14:22:27.330 | INFO | Epoch 15/250 | Train Loss 0.5806, Train Acc 69.80% | Val Loss 0.5276, Val Acc 74.30%
2025-12-09 14:22:27.429 | INFO | Epoch 16/250 | Train Loss 0.5903, Train Acc 69.24% | Val Loss 0.5300, Val Acc 73.74%
2025-12-09 14:22:27.496 | INFO | Epoch 17/250 | Train Loss 0.5669, Train Acc 71.63% | Val Loss 0.5269, Val Acc 73.74%
2025-12-09 14:22:27.607 | INFO | Epoch 18/250 | Train Loss 0.5582, Train Acc 73.88% | Val Loss 0.5215, Val Acc 73.74%
2025-12-09 14:22:27.677 | INFO | Epoch 19/250 | Train Loss 0.5365, Train Acc 75.00% | Val Loss 0.5193, Val Acc 73.74%
2025-12-09 14:22:27.771 | INFO | Epoch 20/250 | Train Loss 0.5529, Train Acc 73.17% | Val Loss 0.5206, Val Acc 75.42%
2025-12-09 14:22:27.877 | INFO | Epoch 21/250 | Train Loss 0.5545, Train Acc 70.65% | Val Loss 0.5151, Val Acc 76.54%
2025-12-09 14:22:27.884 | INFO | New best model saved with validation accuracy 76.54%
2025-12-09 14:22:27.951 | INFO | Epoch 22/250 | Train Loss 0.5429, Train Acc 74.44% | Val Loss 0.5041, Val Acc 77.09%
2025-12-09 14:22:27.959 | INFO | New best model saved with validation accuracy 77.09%
2025-12-09 14:22:28.070 | INFO | Epoch 23/250 | Train Loss 0.5444, Train Acc 73.74% | Val Loss 0.4907, Val Acc 77.09%
2025-12-09 14:22:28.136 | INFO | Epoch 24/250 | Train Loss 0.5574, Train Acc 70.93% | Val Loss 0.4844, Val Acc 77.09%
2025-12-09 14:22:28.237 | INFO | Epoch 25/250 | Train Loss 0.5465, Train Acc 72.89% | Val Loss 0.4874, Val Acc 77.09%
2025-12-09 14:22:28.339 | INFO | Epoch 26/250 | Train Loss 0.5403, Train Acc 71.49% | Val Loss 0.4835, Val Acc 77.09%
2025-12-09 14:22:28.399 | INFO | Epoch 27/250 | Train Loss 0.5366, Train Acc 74.86% | Val Loss 0.4764, Val Acc 77.09%
2025-12-09 14:22:28.506 | INFO | Epoch 28/250 | Train Loss 0.5437, Train Acc 74.02% | Val Loss 0.4758, Val Acc 77.65%
2025-12-09 14:22:28.570 | INFO | New best model saved with validation accuracy 77.65%
2025-12-09 14:22:28.631 | INFO | Epoch 29/250 | Train Loss 0.5406, Train Acc 74.02% | Val Loss 0.4701, Val Acc 78.21%
2025-12-09 14:22:28.637 | INFO | New best model saved with validation accuracy 78.21%
2025-12-09 14:22:28.742 | INFO | Epoch 30/250 | Train Loss 0.5295, Train Acc 74.86% | Val Loss 0.4718, Val Acc 78.77%
2025-12-09 14:22:28.750 | INFO | New best model saved with validation accuracy 78.77%
2025-12-09 14:22:28.814 | INFO | Epoch 31/250 | Train Loss 0.5491, Train Acc 72.75% | Val Loss 0.4712, Val Acc 78.77%
2025-12-09 14:22:28.901 | INFO | Epoch 32/250 | Train Loss 0.4964, Train Acc 76.54% | Val Loss 0.4668, Val Acc 79.33%
2025-12-09 14:22:28.919 | INFO | New best model saved with validation accuracy 79.33%
2025-12-09 14:22:29.022 | INFO | Epoch 33/250 | Train Loss 0.5112, Train Acc 75.42% | Val Loss 0.4623, Val Acc 78.21%
2025-12-09 14:22:29.099 | INFO | Epoch 34/250 | Train Loss 0.5099, Train Acc 76.69% | Val Loss 0.4548, Val Acc 79.33%
2025-12-09 14:22:29.218 | INFO | Epoch 35/250 | Train Loss 0.5131, Train Acc 77.25% | Val Loss 0.4538, Val Acc 78.21%
2025-12-09 14:22:29.279 | INFO | Epoch 36/250 | Train Loss 0.5092, Train Acc 76.40% | Val Loss 0.4543, Val Acc 79.33%
2025-12-09 14:22:29.371 | INFO | Epoch 37/250 | Train Loss 0.5313, Train Acc 73.74% | Val Loss 0.4596, Val Acc 80.45%
2025-12-09 14:22:29.378 | INFO | New best model saved with validation accuracy 80.45%
2025-12-09 14:22:29.478 | INFO | Epoch 38/250 | Train Loss 0.4980, Train Acc 75.42% | Val Loss 0.4562, Val Acc 79.33%
2025-12-09 14:22:29.566 | INFO | Epoch 39/250 | Train Loss 0.5100, Train Acc 77.11% | Val Loss 0.4582, Val Acc 81.56%
2025-12-09 14:22:29.573 | INFO | New best model saved with validation accuracy 81.56%
2025-12-09 14:22:29.687 | INFO | Epoch 40/250 | Train Loss 0.5144, Train Acc 75.98% | Val Loss 0.4560, Val Acc 81.01%
2025-12-09 14:22:29.735 | INFO | Epoch 41/250 | Train Loss 0.4988, Train Acc 77.39% | Val Loss 0.4522, Val Acc 80.45%
2025-12-09 14:22:29.826 | INFO | Epoch 42/250 | Train Loss 0.4993, Train Acc 76.40% | Val Loss 0.4498, Val Acc 80.45%
2025-12-09 14:22:29.937 | INFO | Epoch 43/250 | Train Loss 0.5066, Train Acc 78.37% | Val Loss 0.4480, Val Acc 79.89%
2025-12-09 14:22:29.990 | INFO | Epoch 44/250 | Train Loss 0.5059, Train Acc 78.51% | Val Loss 0.4497, Val Acc 79.89%
2025-12-09 14:22:30.110 | INFO | Epoch 45/250 | Train Loss 0.5035, Train Acc 76.26% | Val Loss 0.4502, Val Acc 81.01%
2025-12-09 14:22:30.188 | INFO | Epoch 46/250 | Train Loss 0.5003, Train Acc 75.98% | Val Loss 0.4536, Val Acc 81.01%
2025-12-09 14:22:30.274 | INFO | Epoch 47/250 | Train Loss 0.4923, Train Acc 77.95% | Val Loss 0.4548, Val Acc 81.56%
2025-12-09 14:22:30.371 | INFO | Epoch 48/250 | Train Loss 0.4911, Train Acc 77.11% | Val Loss 0.4521, Val Acc 80.45%
2025-12-09 14:22:30.447 | INFO | Epoch 49/250 | Train Loss 0.5006, Train Acc 76.54% | Val Loss 0.4545, Val Acc 82.12%
2025-12-09 14:22:30.455 | INFO | New best model saved with validation accuracy 82.12%
2025-12-09 14:22:30.547 | INFO | Epoch 50/250 | Train Loss 0.5035, Train Acc 75.98% | Val Loss 0.4517, Val Acc 82.12%
2025-12-09 14:22:30.661 | INFO | Epoch 51/250 | Train Loss 0.4948, Train Acc 78.51% | Val Loss 0.4514, Val Acc 82.12%
2025-12-09 14:22:30.720 | INFO | Epoch 52/250 | Train Loss 0.4710, Train Acc 76.69% | Val Loss 0.4504, Val Acc 81.56%
2025-12-09 14:22:30.779 | INFO | Epoch 53/250 | Train Loss 0.5032, Train Acc 76.26% | Val Loss 0.4469, Val Acc 80.45%
2025-12-09 14:22:30.881 | INFO | Epoch 54/250 | Train Loss 0.4691, Train Acc 78.09% | Val Loss 0.4421, Val Acc 79.89%
2025-12-09 14:22:30.970 | INFO | Epoch 55/250 | Train Loss 0.4818, Train Acc 78.09% | Val Loss 0.4419, Val Acc 79.33%
2025-12-09 14:22:31.025 | INFO | Epoch 56/250 | Train Loss 0.4738, Train Acc 79.07% | Val Loss 0.4418, Val Acc 80.45%
2025-12-09 14:22:31.127 | INFO | Epoch 57/250 | Train Loss 0.4835, Train Acc 78.65% | Val Loss 0.4428, Val Acc 79.89%
2025-12-09 14:22:31.224 | INFO | Epoch 58/250 | Train Loss 0.4745, Train Acc 78.65% | Val Loss 0.4443, Val Acc 79.33%
2025-12-09 14:22:31.289 | INFO | Epoch 59/250 | Train Loss 0.4644, Train Acc 79.49% | Val Loss 0.4470, Val Acc 79.89%
2025-12-09 14:22:31.390 | INFO | Epoch 60/250 | Train Loss 0.4873, Train Acc 77.95% | Val Loss 0.4459, Val Acc 79.89%
2025-12-09 14:22:31.478 | INFO | Epoch 61/250 | Train Loss 0.5090, Train Acc 77.81% | Val Loss 0.4455, Val Acc 81.01%
2025-12-09 14:22:31.517 | INFO | Epoch 62/250 | Train Loss 0.4912, Train Acc 77.39% | Val Loss 0.4453, Val Acc 81.01%
2025-12-09 14:22:31.621 | INFO | Epoch 63/250 | Train Loss 0.4766, Train Acc 78.51% | Val Loss 0.4420, Val Acc 81.56%
2025-12-09 14:22:31.718 | INFO | Epoch 64/250 | Train Loss 0.5050, Train Acc 76.83% | Val Loss 0.4386, Val Acc 81.01%
2025-12-09 14:22:31.762 | INFO | Epoch 65/250 | Train Loss 0.4837, Train Acc 78.09% | Val Loss 0.4374, Val Acc 80.45%
2025-12-09 14:22:31.869 | INFO | Epoch 66/250 | Train Loss 0.5097, Train Acc 75.56% | Val Loss 0.4375, Val Acc 80.45%
2025-12-09 14:22:31.963 | INFO | Epoch 67/250 | Train Loss 0.4977, Train Acc 75.84% | Val Loss 0.4387, Val Acc 81.01%
2025-12-09 14:22:32.003 | INFO | Epoch 68/250 | Train Loss 0.4885, Train Acc 77.67% | Val Loss 0.4375, Val Acc 81.01%
2025-12-09 14:22:32.105 | INFO | Epoch 69/250 | Train Loss 0.4925, Train Acc 77.81% | Val Loss 0.4378, Val Acc 81.01%
2025-12-09 14:22:32.201 | INFO | Epoch 70/250 | Train Loss 0.4937, Train Acc 79.07% | Val Loss 0.4386, Val Acc 81.01%
2025-12-09 14:22:32.238 | INFO | Epoch 71/250 | Train Loss 0.4814, Train Acc 78.65% | Val Loss 0.4382, Val Acc 80.45%
2025-12-09 14:22:32.339 | INFO | Epoch 72/250 | Train Loss 0.4968, Train Acc 76.83% | Val Loss 0.4380, Val Acc 79.33%
2025-12-09 14:22:32.434 | INFO | Epoch 73/250 | Train Loss 0.4711, Train Acc 80.76% | Val Loss 0.4366, Val Acc 81.01%
2025-12-09 14:22:32.474 | INFO | Epoch 74/250 | Train Loss 0.4925, Train Acc 77.67% | Val Loss 0.4361, Val Acc 81.01%
2025-12-09 14:22:32.573 | INFO | Epoch 75/250 | Train Loss 0.4958, Train Acc 78.09% | Val Loss 0.4357, Val Acc 81.56%
2025-12-09 14:22:32.665 | INFO | Epoch 76/250 | Train Loss 0.5008, Train Acc 79.07% | Val Loss 0.4368, Val Acc 80.45%
2025-12-09 14:22:32.704 | INFO | Epoch 77/250 | Train Loss 0.4657, Train Acc 79.63% | Val Loss 0.4380, Val Acc 80.45%
2025-12-09 14:22:32.805 | INFO | Epoch 78/250 | Train Loss 0.4640, Train Acc 78.79% | Val Loss 0.4367, Val Acc 80.45%
2025-12-09 14:22:32.902 | INFO | Epoch 79/250 | Train Loss 0.5016, Train Acc 76.69% | Val Loss 0.4377, Val Acc 79.89%
2025-12-09 14:22:32.902 | INFO | Early stopping triggered
2025-12-09 14:22:33.336 | INFO | Training history plot saved to /workspace/output/MLP_ES_seed45_training_2025-12-09.png
2025-12-09 14:22:33.352 | INFO | Final validation accuracy: 82.12% (loss 0.4545)
2025-12-09 14:22:33.363 | INFO | Validation report:
                 precision    recall  f1-score   support

Did Not Survive     0.8362    0.8818    0.8584       110
       Survived     0.7937    0.7246    0.7576        69

       accuracy                         0.8212       179
      macro avg     0.8149    0.8032    0.8080       179
   weighted avg     0.8198    0.8212    0.8195       179

2025-12-09 14:22:33.561 | INFO | Confusion matrix saved to /workspace/output/MLP_ES_seed45_cm_2025-12-09.png
2025-12-09 14:22:33.622 | INFO | Submission saved to /workspace/output/MLP_ES_seed45_submission.csv
2025-12-09 14:22:33.683 | INFO | Model: TitanicMLP
2025-12-09 14:22:33.684 | INFO | Optimizer: AdamW
2025-12-09 14:22:33.776 | INFO | Epoch 1/250 | Train Loss 0.6651, Train Acc 62.64% | Val Loss 0.6906, Val Acc 63.69%
2025-12-09 14:22:33.783 | INFO | New best model saved with validation accuracy 63.69%
2025-12-09 14:22:33.840 | INFO | Epoch 2/250 | Train Loss 0.6007, Train Acc 67.98% | Val Loss 0.6681, Val Acc 66.48%
2025-12-09 14:22:33.847 | INFO | New best model saved with validation accuracy 66.48%
2025-12-09 14:22:33.946 | INFO | Epoch 3/250 | Train Loss 0.6223, Train Acc 68.82% | Val Loss 0.6580, Val Acc 65.36%
2025-12-09 14:22:34.017 | INFO | Epoch 4/250 | Train Loss 0.5939, Train Acc 69.80% | Val Loss 0.6470, Val Acc 66.48%
2025-12-09 14:22:34.091 | INFO | Epoch 5/250 | Train Loss 0.6064, Train Acc 70.37% | Val Loss 0.6619, Val Acc 67.60%
2025-12-09 14:22:34.098 | INFO | New best model saved with validation accuracy 67.60%
2025-12-09 14:22:34.197 | INFO | Epoch 6/250 | Train Loss 0.5934, Train Acc 70.22% | Val Loss 0.6626, Val Acc 67.04%
2025-12-09 14:22:34.257 | INFO | Epoch 7/250 | Train Loss 0.6057, Train Acc 69.66% | Val Loss 0.6569, Val Acc 67.04%
2025-12-09 14:22:34.343 | INFO | Epoch 8/250 | Train Loss 0.5971, Train Acc 67.70% | Val Loss 0.6504, Val Acc 67.04%
2025-12-09 14:22:34.441 | INFO | Epoch 9/250 | Train Loss 0.5860, Train Acc 68.96% | Val Loss 0.6479, Val Acc 68.16%
2025-12-09 14:22:34.448 | INFO | New best model saved with validation accuracy 68.16%
2025-12-09 14:22:34.494 | INFO | Epoch 10/250 | Train Loss 0.5907, Train Acc 71.35% | Val Loss 0.6473, Val Acc 68.16%
2025-12-09 14:22:34.548 | INFO | Epoch 11/250 | Train Loss 0.5778, Train Acc 70.37% | Val Loss 0.6416, Val Acc 68.16%
2025-12-09 14:22:34.651 | INFO | Epoch 12/250 | Train Loss 0.5770, Train Acc 71.49% | Val Loss 0.6384, Val Acc 68.72%
2025-12-09 14:22:34.658 | INFO | New best model saved with validation accuracy 68.72%
2025-12-09 14:22:34.730 | INFO | Epoch 13/250 | Train Loss 0.5957, Train Acc 70.22% | Val Loss 0.6291, Val Acc 69.83%
2025-12-09 14:22:34.804 | INFO | New best model saved with validation accuracy 69.83%
2025-12-09 14:22:34.903 | INFO | Epoch 14/250 | Train Loss 0.5908, Train Acc 71.49% | Val Loss 0.6226, Val Acc 69.83%
2025-12-09 14:22:34.962 | INFO | Epoch 15/250 | Train Loss 0.5854, Train Acc 70.93% | Val Loss 0.6263, Val Acc 70.39%
2025-12-09 14:22:34.968 | INFO | New best model saved with validation accuracy 70.39%
2025-12-09 14:22:35.047 | INFO | Epoch 16/250 | Train Loss 0.5623, Train Acc 73.60% | Val Loss 0.6181, Val Acc 70.39%
2025-12-09 14:22:35.141 | INFO | Epoch 17/250 | Train Loss 0.5454, Train Acc 73.46% | Val Loss 0.6169, Val Acc 70.95%
2025-12-09 14:22:35.197 | INFO | New best model saved with validation accuracy 70.95%
2025-12-09 14:22:35.254 | INFO | Epoch 18/250 | Train Loss 0.5587, Train Acc 72.47% | Val Loss 0.6106, Val Acc 70.95%
2025-12-09 14:22:35.353 | INFO | Epoch 19/250 | Train Loss 0.5598, Train Acc 72.19% | Val Loss 0.6051, Val Acc 72.07%
2025-12-09 14:22:35.372 | INFO | New best model saved with validation accuracy 72.07%
2025-12-09 14:22:35.441 | INFO | Epoch 20/250 | Train Loss 0.5355, Train Acc 74.44% | Val Loss 0.6000, Val Acc 70.95%
2025-12-09 14:22:35.521 | INFO | Epoch 21/250 | Train Loss 0.5224, Train Acc 74.30% | Val Loss 0.5899, Val Acc 72.63%
2025-12-09 14:22:35.528 | INFO | New best model saved with validation accuracy 72.63%
2025-12-09 14:22:35.623 | INFO | Epoch 22/250 | Train Loss 0.5283, Train Acc 75.98% | Val Loss 0.5739, Val Acc 73.74%
2025-12-09 14:22:35.632 | INFO | New best model saved with validation accuracy 73.74%
2025-12-09 14:22:35.677 | INFO | Epoch 23/250 | Train Loss 0.5199, Train Acc 75.98% | Val Loss 0.5715, Val Acc 73.18%
2025-12-09 14:22:35.768 | INFO | Epoch 24/250 | Train Loss 0.5020, Train Acc 76.97% | Val Loss 0.5683, Val Acc 72.63%
2025-12-09 14:22:35.866 | INFO | Epoch 25/250 | Train Loss 0.5037, Train Acc 77.11% | Val Loss 0.5587, Val Acc 73.18%
2025-12-09 14:22:35.908 | INFO | Epoch 26/250 | Train Loss 0.5152, Train Acc 75.70% | Val Loss 0.5502, Val Acc 74.86%
2025-12-09 14:22:35.915 | INFO | New best model saved with validation accuracy 74.86%
2025-12-09 14:22:36.020 | INFO | Epoch 27/250 | Train Loss 0.5077, Train Acc 75.98% | Val Loss 0.5469, Val Acc 74.30%
2025-12-09 14:22:36.105 | INFO | Epoch 28/250 | Train Loss 0.4873, Train Acc 77.39% | Val Loss 0.5330, Val Acc 74.86%
2025-12-09 14:22:36.141 | INFO | Epoch 29/250 | Train Loss 0.4788, Train Acc 77.81% | Val Loss 0.5194, Val Acc 73.74%
2025-12-09 14:22:36.224 | INFO | Epoch 30/250 | Train Loss 0.4836, Train Acc 77.53% | Val Loss 0.5116, Val Acc 73.74%
2025-12-09 14:22:36.323 | INFO | Epoch 31/250 | Train Loss 0.4945, Train Acc 77.25% | Val Loss 0.5171, Val Acc 74.30%
2025-12-09 14:22:36.373 | INFO | Epoch 32/250 | Train Loss 0.4984, Train Acc 76.54% | Val Loss 0.5184, Val Acc 76.54%
2025-12-09 14:22:36.380 | INFO | New best model saved with validation accuracy 76.54%
2025-12-09 14:22:36.479 | INFO | Epoch 33/250 | Train Loss 0.4805, Train Acc 78.51% | Val Loss 0.5236, Val Acc 77.65%
2025-12-09 14:22:36.486 | INFO | New best model saved with validation accuracy 77.65%
2025-12-09 14:22:36.575 | INFO | Epoch 34/250 | Train Loss 0.4807, Train Acc 78.65% | Val Loss 0.5252, Val Acc 77.09%
2025-12-09 14:22:36.620 | INFO | Epoch 35/250 | Train Loss 0.4787, Train Acc 78.23% | Val Loss 0.5245, Val Acc 77.09%
2025-12-09 14:22:36.724 | INFO | Epoch 36/250 | Train Loss 0.4626, Train Acc 80.34% | Val Loss 0.5162, Val Acc 74.30%
2025-12-09 14:22:36.808 | INFO | Epoch 37/250 | Train Loss 0.4734, Train Acc 78.51% | Val Loss 0.5170, Val Acc 75.98%
2025-12-09 14:22:36.857 | INFO | Epoch 38/250 | Train Loss 0.4815, Train Acc 77.95% | Val Loss 0.5151, Val Acc 75.42%
2025-12-09 14:22:36.958 | INFO | Epoch 39/250 | Train Loss 0.4858, Train Acc 78.65% | Val Loss 0.5105, Val Acc 77.09%
2025-12-09 14:22:37.041 | INFO | Epoch 40/250 | Train Loss 0.4612, Train Acc 77.67% | Val Loss 0.5053, Val Acc 77.09%
2025-12-09 14:22:37.078 | INFO | Epoch 41/250 | Train Loss 0.4779, Train Acc 78.93% | Val Loss 0.4972, Val Acc 77.09%
2025-12-09 14:22:37.179 | INFO | Epoch 42/250 | Train Loss 0.4943, Train Acc 77.81% | Val Loss 0.4963, Val Acc 77.65%
2025-12-09 14:22:37.271 | INFO | Epoch 43/250 | Train Loss 0.4655, Train Acc 77.81% | Val Loss 0.4945, Val Acc 76.54%
2025-12-09 14:22:37.320 | INFO | Epoch 44/250 | Train Loss 0.4579, Train Acc 79.63% | Val Loss 0.4968, Val Acc 75.42%
2025-12-09 14:22:37.421 | INFO | Epoch 45/250 | Train Loss 0.4439, Train Acc 80.76% | Val Loss 0.5012, Val Acc 75.98%
2025-12-09 14:22:37.502 | INFO | Epoch 46/250 | Train Loss 0.4584, Train Acc 79.92% | Val Loss 0.5014, Val Acc 77.09%
2025-12-09 14:22:37.550 | INFO | Epoch 47/250 | Train Loss 0.4846, Train Acc 77.39% | Val Loss 0.5007, Val Acc 76.54%
2025-12-09 14:22:37.651 | INFO | Epoch 48/250 | Train Loss 0.4582, Train Acc 80.90% | Val Loss 0.5000, Val Acc 77.09%
2025-12-09 14:22:37.733 | INFO | Epoch 49/250 | Train Loss 0.4685, Train Acc 78.23% | Val Loss 0.4982, Val Acc 77.09%
2025-12-09 14:22:37.786 | INFO | Epoch 50/250 | Train Loss 0.4578, Train Acc 79.92% | Val Loss 0.4999, Val Acc 78.21%
2025-12-09 14:22:37.793 | INFO | New best model saved with validation accuracy 78.21%
2025-12-09 14:22:37.893 | INFO | Epoch 51/250 | Train Loss 0.4671, Train Acc 78.23% | Val Loss 0.4964, Val Acc 77.09%
2025-12-09 14:22:37.970 | INFO | Epoch 52/250 | Train Loss 0.4464, Train Acc 80.06% | Val Loss 0.4973, Val Acc 77.65%
2025-12-09 14:22:38.011 | INFO | Epoch 53/250 | Train Loss 0.4619, Train Acc 80.34% | Val Loss 0.4963, Val Acc 78.77%
2025-12-09 14:22:38.018 | INFO | New best model saved with validation accuracy 78.77%
2025-12-09 14:22:38.120 | INFO | Epoch 54/250 | Train Loss 0.4649, Train Acc 79.35% | Val Loss 0.4963, Val Acc 77.65%
2025-12-09 14:22:38.217 | INFO | Epoch 55/250 | Train Loss 0.4721, Train Acc 77.81% | Val Loss 0.4955, Val Acc 77.09%
2025-12-09 14:22:38.273 | INFO | Epoch 56/250 | Train Loss 0.4473, Train Acc 79.35% | Val Loss 0.4939, Val Acc 77.65%
2025-12-09 14:22:38.378 | INFO | Epoch 57/250 | Train Loss 0.4558, Train Acc 78.79% | Val Loss 0.4930, Val Acc 77.65%
2025-12-09 14:22:38.478 | INFO | Epoch 58/250 | Train Loss 0.4412, Train Acc 79.35% | Val Loss 0.4920, Val Acc 77.65%
2025-12-09 14:22:38.531 | INFO | Epoch 59/250 | Train Loss 0.4392, Train Acc 79.35% | Val Loss 0.4934, Val Acc 77.65%
2025-12-09 14:22:38.633 | INFO | Epoch 60/250 | Train Loss 0.4540, Train Acc 80.76% | Val Loss 0.4938, Val Acc 77.65%
2025-12-09 14:22:38.732 | INFO | Epoch 61/250 | Train Loss 0.4444, Train Acc 80.62% | Val Loss 0.4943, Val Acc 77.65%
2025-12-09 14:22:38.772 | INFO | Epoch 62/250 | Train Loss 0.4536, Train Acc 79.63% | Val Loss 0.4937, Val Acc 77.65%
2025-12-09 14:22:38.881 | INFO | Epoch 63/250 | Train Loss 0.4454, Train Acc 81.88% | Val Loss 0.4936, Val Acc 77.65%
2025-12-09 14:22:38.975 | INFO | Epoch 64/250 | Train Loss 0.4424, Train Acc 80.76% | Val Loss 0.4934, Val Acc 77.65%
2025-12-09 14:22:39.016 | INFO | Epoch 65/250 | Train Loss 0.4385, Train Acc 80.62% | Val Loss 0.4941, Val Acc 77.65%
2025-12-09 14:22:39.098 | INFO | Epoch 66/250 | Train Loss 0.4508, Train Acc 79.07% | Val Loss 0.4931, Val Acc 77.65%
2025-12-09 14:22:39.191 | INFO | Epoch 67/250 | Train Loss 0.4421, Train Acc 80.90% | Val Loss 0.4938, Val Acc 77.65%
2025-12-09 14:22:39.250 | INFO | Epoch 68/250 | Train Loss 0.4437, Train Acc 81.60% | Val Loss 0.4941, Val Acc 77.65%
2025-12-09 14:22:39.316 | INFO | Epoch 69/250 | Train Loss 0.4711, Train Acc 79.92% | Val Loss 0.4919, Val Acc 78.21%
2025-12-09 14:22:39.414 | INFO | Epoch 70/250 | Train Loss 0.4486, Train Acc 80.48% | Val Loss 0.4913, Val Acc 78.21%
2025-12-09 14:22:39.490 | INFO | Epoch 71/250 | Train Loss 0.4622, Train Acc 81.46% | Val Loss 0.4920, Val Acc 78.21%
2025-12-09 14:22:39.555 | INFO | Epoch 72/250 | Train Loss 0.4684, Train Acc 79.07% | Val Loss 0.4927, Val Acc 77.65%
2025-12-09 14:22:39.657 | INFO | Epoch 73/250 | Train Loss 0.4525, Train Acc 80.06% | Val Loss 0.4929, Val Acc 78.21%
2025-12-09 14:22:39.727 | INFO | Epoch 74/250 | Train Loss 0.4680, Train Acc 78.51% | Val Loss 0.4928, Val Acc 78.21%
2025-12-09 14:22:39.796 | INFO | Epoch 75/250 | Train Loss 0.4524, Train Acc 79.63% | Val Loss 0.4925, Val Acc 78.21%
2025-12-09 14:22:39.897 | INFO | Epoch 76/250 | Train Loss 0.4441, Train Acc 80.76% | Val Loss 0.4914, Val Acc 78.77%
2025-12-09 14:22:39.971 | INFO | Epoch 77/250 | Train Loss 0.4466, Train Acc 80.48% | Val Loss 0.4904, Val Acc 78.77%
2025-12-09 14:22:40.035 | INFO | Epoch 78/250 | Train Loss 0.4527, Train Acc 80.62% | Val Loss 0.4910, Val Acc 78.21%
2025-12-09 14:22:40.132 | INFO | Epoch 79/250 | Train Loss 0.4525, Train Acc 80.90% | Val Loss 0.4900, Val Acc 78.77%
2025-12-09 14:22:40.204 | INFO | Epoch 80/250 | Train Loss 0.4297, Train Acc 80.76% | Val Loss 0.4897, Val Acc 78.77%
2025-12-09 14:22:40.272 | INFO | Epoch 81/250 | Train Loss 0.4537, Train Acc 79.21% | Val Loss 0.4902, Val Acc 78.21%
2025-12-09 14:22:40.375 | INFO | Epoch 82/250 | Train Loss 0.4467, Train Acc 80.20% | Val Loss 0.4895, Val Acc 78.77%
2025-12-09 14:22:40.436 | INFO | Epoch 83/250 | Train Loss 0.4451, Train Acc 80.48% | Val Loss 0.4906, Val Acc 78.21%
2025-12-09 14:22:40.436 | INFO | Early stopping triggered
2025-12-09 14:22:40.845 | INFO | Training history plot saved to /workspace/output/MLP_ES_seed2025_training_2025-12-09.png
2025-12-09 14:22:40.871 | INFO | Final validation accuracy: 78.77% (loss 0.4963)
2025-12-09 14:22:40.881 | INFO | Validation report:
                 precision    recall  f1-score   support

Did Not Survive     0.8273    0.8273    0.8273       110
       Survived     0.7246    0.7246    0.7246        69

       accuracy                         0.7877       179
      macro avg     0.7760    0.7760    0.7760       179
   weighted avg     0.7877    0.7877    0.7877       179

2025-12-09 14:22:41.082 | INFO | Confusion matrix saved to /workspace/output/MLP_ES_seed2025_cm_2025-12-09.png
2025-12-09 14:22:41.093 | INFO | Submission saved to /workspace/output/MLP_ES_seed2025_submission.csv
2025-12-09 14:22:41.155 | INFO | Model: TitanicMLP
2025-12-09 14:22:41.156 | INFO | Optimizer: AdamW
2025-12-09 14:22:41.256 | INFO | Epoch 1/250 | Train Loss 0.6767, Train Acc 57.16% | Val Loss 0.6588, Val Acc 68.16%
2025-12-09 14:22:41.263 | INFO | New best model saved with validation accuracy 68.16%
2025-12-09 14:22:41.318 | INFO | Epoch 2/250 | Train Loss 0.6279, Train Acc 66.57% | Val Loss 0.6230, Val Acc 68.72%
2025-12-09 14:22:41.324 | INFO | New best model saved with validation accuracy 68.72%
2025-12-09 14:22:41.419 | INFO | Epoch 3/250 | Train Loss 0.6124, Train Acc 67.98% | Val Loss 0.6069, Val Acc 69.27%
2025-12-09 14:22:41.425 | INFO | New best model saved with validation accuracy 69.27%
2025-12-09 14:22:41.524 | INFO | Epoch 4/250 | Train Loss 0.6297, Train Acc 69.38% | Val Loss 0.6001, Val Acc 69.27%
2025-12-09 14:22:41.585 | INFO | Epoch 5/250 | Train Loss 0.6192, Train Acc 68.54% | Val Loss 0.6009, Val Acc 68.16%
2025-12-09 14:22:41.688 | INFO | Epoch 6/250 | Train Loss 0.6096, Train Acc 69.10% | Val Loss 0.5977, Val Acc 69.83%
2025-12-09 14:22:41.695 | INFO | New best model saved with validation accuracy 69.83%
2025-12-09 14:22:41.763 | INFO | Epoch 7/250 | Train Loss 0.5939, Train Acc 68.82% | Val Loss 0.5935, Val Acc 68.72%
2025-12-09 14:22:41.838 | INFO | Epoch 8/250 | Train Loss 0.5872, Train Acc 70.65% | Val Loss 0.5915, Val Acc 70.95%
2025-12-09 14:22:41.886 | INFO | New best model saved with validation accuracy 70.95%
2025-12-09 14:22:41.973 | INFO | Epoch 9/250 | Train Loss 0.5826, Train Acc 69.52% | Val Loss 0.5884, Val Acc 69.83%
2025-12-09 14:22:42.033 | INFO | Epoch 10/250 | Train Loss 0.5879, Train Acc 70.65% | Val Loss 0.5850, Val Acc 69.83%
2025-12-09 14:22:42.133 | INFO | Epoch 11/250 | Train Loss 0.5890, Train Acc 70.65% | Val Loss 0.5806, Val Acc 69.27%
2025-12-09 14:22:42.211 | INFO | Epoch 12/250 | Train Loss 0.5833, Train Acc 69.66% | Val Loss 0.5730, Val Acc 69.83%
2025-12-09 14:22:42.290 | INFO | Epoch 13/250 | Train Loss 0.5728, Train Acc 71.63% | Val Loss 0.5688, Val Acc 69.83%
2025-12-09 14:22:42.390 | INFO | Epoch 14/250 | Train Loss 0.5887, Train Acc 70.79% | Val Loss 0.5639, Val Acc 70.95%
2025-12-09 14:22:42.452 | INFO | Epoch 15/250 | Train Loss 0.5667, Train Acc 72.47% | Val Loss 0.5629, Val Acc 70.39%
2025-12-09 14:22:42.540 | INFO | Epoch 16/250 | Train Loss 0.5572, Train Acc 73.88% | Val Loss 0.5584, Val Acc 71.51%
2025-12-09 14:22:42.579 | INFO | New best model saved with validation accuracy 71.51%
2025-12-09 14:22:42.664 | INFO | Epoch 17/250 | Train Loss 0.5570, Train Acc 72.19% | Val Loss 0.5547, Val Acc 72.07%
2025-12-09 14:22:42.671 | INFO | New best model saved with validation accuracy 72.07%
2025-12-09 14:22:42.750 | INFO | Epoch 18/250 | Train Loss 0.5693, Train Acc 72.61% | Val Loss 0.5515, Val Acc 72.63%
2025-12-09 14:22:42.757 | INFO | New best model saved with validation accuracy 72.63%
2025-12-09 14:22:42.856 | INFO | Epoch 19/250 | Train Loss 0.5566, Train Acc 72.89% | Val Loss 0.5480, Val Acc 73.74%
2025-12-09 14:22:42.863 | INFO | New best model saved with validation accuracy 73.74%
2025-12-09 14:22:42.919 | INFO | Epoch 20/250 | Train Loss 0.5514, Train Acc 74.02% | Val Loss 0.5447, Val Acc 75.42%
2025-12-09 14:22:42.947 | INFO | New best model saved with validation accuracy 75.42%
2025-12-09 14:22:43.047 | INFO | Epoch 21/250 | Train Loss 0.5564, Train Acc 72.05% | Val Loss 0.5415, Val Acc 75.42%
2025-12-09 14:22:43.121 | INFO | Epoch 22/250 | Train Loss 0.5628, Train Acc 73.31% | Val Loss 0.5379, Val Acc 75.98%
2025-12-09 14:22:43.129 | INFO | New best model saved with validation accuracy 75.98%
2025-12-09 14:22:43.201 | INFO | Epoch 23/250 | Train Loss 0.5386, Train Acc 73.60% | Val Loss 0.5343, Val Acc 75.42%
2025-12-09 14:22:43.296 | INFO | Epoch 24/250 | Train Loss 0.5453, Train Acc 74.02% | Val Loss 0.5328, Val Acc 75.42%
2025-12-09 14:22:43.360 | INFO | Epoch 25/250 | Train Loss 0.5455, Train Acc 73.74% | Val Loss 0.5258, Val Acc 75.42%
2025-12-09 14:22:43.431 | INFO | Epoch 26/250 | Train Loss 0.5698, Train Acc 72.47% | Val Loss 0.5187, Val Acc 75.42%
2025-12-09 14:22:43.533 | INFO | Epoch 27/250 | Train Loss 0.5502, Train Acc 74.16% | Val Loss 0.5173, Val Acc 75.98%
2025-12-09 14:22:43.595 | INFO | Epoch 28/250 | Train Loss 0.5646, Train Acc 74.44% | Val Loss 0.5178, Val Acc 76.54%
2025-12-09 14:22:43.722 | INFO | New best model saved with validation accuracy 76.54%
2025-12-09 14:22:43.802 | INFO | Epoch 29/250 | Train Loss 0.5483, Train Acc 72.75% | Val Loss 0.5184, Val Acc 76.54%
2025-12-09 14:22:43.864 | INFO | Epoch 30/250 | Train Loss 0.5394, Train Acc 73.74% | Val Loss 0.5212, Val Acc 77.09%
2025-12-09 14:22:43.871 | INFO | New best model saved with validation accuracy 77.09%
2025-12-09 14:22:43.976 | INFO | Epoch 31/250 | Train Loss 0.5667, Train Acc 72.89% | Val Loss 0.5214, Val Acc 77.09%
2025-12-09 14:22:44.046 | INFO | Epoch 32/250 | Train Loss 0.5472, Train Acc 74.30% | Val Loss 0.5186, Val Acc 77.65%
2025-12-09 14:22:44.054 | INFO | New best model saved with validation accuracy 77.65%
2025-12-09 14:22:44.160 | INFO | Epoch 33/250 | Train Loss 0.5380, Train Acc 75.42% | Val Loss 0.5080, Val Acc 77.09%
2025-12-09 14:22:44.252 | INFO | Epoch 34/250 | Train Loss 0.5229, Train Acc 75.14% | Val Loss 0.5041, Val Acc 77.09%
2025-12-09 14:22:44.310 | INFO | Epoch 35/250 | Train Loss 0.5432, Train Acc 74.30% | Val Loss 0.4973, Val Acc 78.21%
2025-12-09 14:22:44.336 | INFO | New best model saved with validation accuracy 78.21%
2025-12-09 14:22:44.435 | INFO | Epoch 36/250 | Train Loss 0.5227, Train Acc 74.58% | Val Loss 0.4929, Val Acc 78.21%
2025-12-09 14:22:44.498 | INFO | Epoch 37/250 | Train Loss 0.5403, Train Acc 74.58% | Val Loss 0.4888, Val Acc 78.21%
2025-12-09 14:22:44.576 | INFO | Epoch 38/250 | Train Loss 0.5185, Train Acc 76.40% | Val Loss 0.4885, Val Acc 78.21%
2025-12-09 14:22:44.673 | INFO | Epoch 39/250 | Train Loss 0.5315, Train Acc 74.02% | Val Loss 0.4880, Val Acc 77.65%
2025-12-09 14:22:44.736 | INFO | Epoch 40/250 | Train Loss 0.5360, Train Acc 73.03% | Val Loss 0.4863, Val Acc 77.65%
2025-12-09 14:22:44.808 | INFO | Epoch 41/250 | Train Loss 0.5165, Train Acc 75.98% | Val Loss 0.4885, Val Acc 78.21%
2025-12-09 14:22:44.909 | INFO | Epoch 42/250 | Train Loss 0.5335, Train Acc 75.28% | Val Loss 0.4869, Val Acc 79.33%
2025-12-09 14:22:44.916 | INFO | New best model saved with validation accuracy 79.33%
2025-12-09 14:22:44.991 | INFO | Epoch 43/250 | Train Loss 0.5268, Train Acc 75.98% | Val Loss 0.4911, Val Acc 78.21%
2025-12-09 14:22:45.061 | INFO | Epoch 44/250 | Train Loss 0.5462, Train Acc 75.56% | Val Loss 0.4886, Val Acc 78.77%
2025-12-09 14:22:45.164 | INFO | Epoch 45/250 | Train Loss 0.5176, Train Acc 75.42% | Val Loss 0.4895, Val Acc 79.33%
2025-12-09 14:22:45.245 | INFO | Epoch 46/250 | Train Loss 0.5210, Train Acc 75.14% | Val Loss 0.4884, Val Acc 78.77%
2025-12-09 14:22:45.303 | INFO | Epoch 47/250 | Train Loss 0.5227, Train Acc 75.00% | Val Loss 0.4803, Val Acc 78.77%
2025-12-09 14:22:45.406 | INFO | Epoch 48/250 | Train Loss 0.5072, Train Acc 75.42% | Val Loss 0.4775, Val Acc 79.33%
2025-12-09 14:22:45.492 | INFO | Epoch 49/250 | Train Loss 0.5075, Train Acc 75.70% | Val Loss 0.4728, Val Acc 79.33%
2025-12-09 14:22:45.539 | INFO | Epoch 50/250 | Train Loss 0.5400, Train Acc 76.69% | Val Loss 0.4710, Val Acc 79.89%
2025-12-09 14:22:45.576 | INFO | New best model saved with validation accuracy 79.89%
2025-12-09 14:22:45.681 | INFO | Epoch 51/250 | Train Loss 0.4959, Train Acc 76.83% | Val Loss 0.4721, Val Acc 79.89%
2025-12-09 14:22:45.753 | INFO | Epoch 52/250 | Train Loss 0.5270, Train Acc 75.84% | Val Loss 0.4732, Val Acc 79.89%
2025-12-09 14:22:45.819 | INFO | Epoch 53/250 | Train Loss 0.5085, Train Acc 76.83% | Val Loss 0.4720, Val Acc 79.89%
2025-12-09 14:22:45.917 | INFO | Epoch 54/250 | Train Loss 0.5092, Train Acc 77.67% | Val Loss 0.4705, Val Acc 79.89%
2025-12-09 14:22:45.988 | INFO | Epoch 55/250 | Train Loss 0.5133, Train Acc 75.00% | Val Loss 0.4718, Val Acc 79.89%
2025-12-09 14:22:46.054 | INFO | Epoch 56/250 | Train Loss 0.5213, Train Acc 75.28% | Val Loss 0.4710, Val Acc 79.33%
2025-12-09 14:22:46.155 | INFO | Epoch 57/250 | Train Loss 0.5270, Train Acc 74.44% | Val Loss 0.4697, Val Acc 79.33%
2025-12-09 14:22:46.229 | INFO | Epoch 58/250 | Train Loss 0.5152, Train Acc 76.26% | Val Loss 0.4705, Val Acc 79.33%
2025-12-09 14:22:46.301 | INFO | Epoch 59/250 | Train Loss 0.5235, Train Acc 74.72% | Val Loss 0.4680, Val Acc 79.33%
2025-12-09 14:22:46.409 | INFO | Epoch 60/250 | Train Loss 0.5044, Train Acc 76.54% | Val Loss 0.4658, Val Acc 79.89%
2025-12-09 14:22:46.474 | INFO | Epoch 61/250 | Train Loss 0.5021, Train Acc 76.12% | Val Loss 0.4661, Val Acc 79.33%
2025-12-09 14:22:46.558 | INFO | Epoch 62/250 | Train Loss 0.4966, Train Acc 77.53% | Val Loss 0.4653, Val Acc 79.89%
2025-12-09 14:22:46.659 | INFO | Epoch 63/250 | Train Loss 0.5052, Train Acc 76.40% | Val Loss 0.4622, Val Acc 79.89%
2025-12-09 14:22:46.724 | INFO | Epoch 64/250 | Train Loss 0.5046, Train Acc 77.25% | Val Loss 0.4601, Val Acc 79.89%
2025-12-09 14:22:46.810 | INFO | Epoch 65/250 | Train Loss 0.5089, Train Acc 76.12% | Val Loss 0.4620, Val Acc 79.89%
2025-12-09 14:22:46.910 | INFO | Epoch 66/250 | Train Loss 0.5062, Train Acc 75.98% | Val Loss 0.4628, Val Acc 79.89%
2025-12-09 14:22:46.958 | INFO | Epoch 67/250 | Train Loss 0.4997, Train Acc 76.97% | Val Loss 0.4644, Val Acc 79.89%
2025-12-09 14:22:47.052 | INFO | Epoch 68/250 | Train Loss 0.5095, Train Acc 76.69% | Val Loss 0.4664, Val Acc 79.89%
2025-12-09 14:22:47.148 | INFO | Epoch 69/250 | Train Loss 0.5002, Train Acc 76.97% | Val Loss 0.4648, Val Acc 79.89%
2025-12-09 14:22:47.192 | INFO | Epoch 70/250 | Train Loss 0.4856, Train Acc 77.81% | Val Loss 0.4636, Val Acc 79.89%
2025-12-09 14:22:47.249 | INFO | Epoch 71/250 | Train Loss 0.5039, Train Acc 77.11% | Val Loss 0.4642, Val Acc 79.89%
2025-12-09 14:22:47.349 | INFO | Epoch 72/250 | Train Loss 0.5122, Train Acc 76.97% | Val Loss 0.4634, Val Acc 79.89%
2025-12-09 14:22:47.421 | INFO | Epoch 73/250 | Train Loss 0.4909, Train Acc 77.95% | Val Loss 0.4622, Val Acc 79.89%
2025-12-09 14:22:47.457 | INFO | Epoch 74/250 | Train Loss 0.5153, Train Acc 75.98% | Val Loss 0.4611, Val Acc 79.89%
2025-12-09 14:22:47.538 | INFO | Epoch 75/250 | Train Loss 0.5054, Train Acc 75.84% | Val Loss 0.4609, Val Acc 79.89%
2025-12-09 14:22:47.633 | INFO | Epoch 76/250 | Train Loss 0.5017, Train Acc 75.84% | Val Loss 0.4616, Val Acc 79.89%
2025-12-09 14:22:47.686 | INFO | Epoch 77/250 | Train Loss 0.5092, Train Acc 76.97% | Val Loss 0.4621, Val Acc 79.89%
2025-12-09 14:22:47.767 | INFO | Epoch 78/250 | Train Loss 0.4953, Train Acc 75.98% | Val Loss 0.4607, Val Acc 79.89%
2025-12-09 14:22:47.865 | INFO | Epoch 79/250 | Train Loss 0.4878, Train Acc 77.67% | Val Loss 0.4616, Val Acc 79.89%
2025-12-09 14:22:47.922 | INFO | Epoch 80/250 | Train Loss 0.5112, Train Acc 75.28% | Val Loss 0.4625, Val Acc 79.89%
2025-12-09 14:22:47.922 | INFO | Early stopping triggered
2025-12-09 14:22:48.341 | INFO | Training history plot saved to /workspace/output/MLP_ES_seed777_training_2025-12-09.png
2025-12-09 14:22:48.359 | INFO | Final validation accuracy: 79.89% (loss 0.4710)
2025-12-09 14:22:48.369 | INFO | Validation report:
                 precision    recall  f1-score   support

Did Not Survive     0.8083    0.8818    0.8435       110
       Survived     0.7797    0.6667    0.7188        69

       accuracy                         0.7989       179
      macro avg     0.7940    0.7742    0.7811       179
   weighted avg     0.7973    0.7989    0.7954       179

2025-12-09 14:22:48.573 | INFO | Confusion matrix saved to /workspace/output/MLP_ES_seed777_cm_2025-12-09.png
2025-12-09 14:22:48.599 | INFO | Submission saved to /workspace/output/MLP_ES_seed777_submission.csv
2025-12-09 14:22:48.600 | INFO | Best seed 45 achieved validation accuracy 82.12% with submission /workspace/output/MLP_ES_seed45_submission.csv
2025-12-09 14:22:48.802 | INFO | Submitting '/workspace/output/MLP_ES_seed45_submission.csv' to Kaggle competition 'titanic'
2025-12-09 14:23:25.303 | INFO | Using device: cuda
2025-12-09 14:23:25.357 | INFO | Loaded 891 training samples with 27 features
2025-12-09 14:23:26.753 | INFO | Model: TitanicMLP
2025-12-09 14:23:26.754 | INFO | Optimizer: AdamW
2025-12-09 14:23:27.038 | INFO | Epoch 1/250 | Train Loss 0.6448, Train Acc 64.19% | Val Loss 0.6385, Val Acc 75.98%
2025-12-09 14:23:27.045 | INFO | New best model saved with validation accuracy 75.98%
2025-12-09 14:23:27.138 | INFO | Epoch 2/250 | Train Loss 0.4955, Train Acc 76.40% | Val Loss 0.5390, Val Acc 75.98%
2025-12-09 14:23:27.236 | INFO | Epoch 3/250 | Train Loss 0.4704, Train Acc 80.48% | Val Loss 0.4658, Val Acc 79.33%
2025-12-09 14:23:27.244 | INFO | New best model saved with validation accuracy 79.33%
2025-12-09 14:23:27.300 | INFO | Epoch 4/250 | Train Loss 0.4433, Train Acc 80.62% | Val Loss 0.4198, Val Acc 80.45%
2025-12-09 14:23:27.308 | INFO | New best model saved with validation accuracy 80.45%
2025-12-09 14:23:27.427 | INFO | Epoch 5/250 | Train Loss 0.4328, Train Acc 81.18% | Val Loss 0.3934, Val Acc 82.68%
2025-12-09 14:23:27.435 | INFO | New best model saved with validation accuracy 82.68%
2025-12-09 14:23:27.494 | INFO | Epoch 6/250 | Train Loss 0.4349, Train Acc 81.32% | Val Loss 0.3812, Val Acc 82.68%
2025-12-09 14:23:27.588 | INFO | Epoch 7/250 | Train Loss 0.4195, Train Acc 82.30% | Val Loss 0.3812, Val Acc 82.68%
2025-12-09 14:23:27.697 | INFO | Epoch 8/250 | Train Loss 0.3979, Train Acc 83.57% | Val Loss 0.3806, Val Acc 83.80%
2025-12-09 14:23:27.704 | INFO | New best model saved with validation accuracy 83.80%
2025-12-09 14:23:27.752 | INFO | Epoch 9/250 | Train Loss 0.4078, Train Acc 83.29% | Val Loss 0.3728, Val Acc 84.36%
2025-12-09 14:23:28.339 | INFO | New best model saved with validation accuracy 84.36%
2025-12-09 14:23:28.413 | INFO | Epoch 10/250 | Train Loss 0.3809, Train Acc 83.43% | Val Loss 0.3677, Val Acc 85.47%
2025-12-09 14:23:28.421 | INFO | New best model saved with validation accuracy 85.47%
2025-12-09 14:23:28.515 | INFO | Epoch 11/250 | Train Loss 0.3990, Train Acc 83.57% | Val Loss 0.3695, Val Acc 85.47%
2025-12-09 14:23:28.615 | INFO | Epoch 12/250 | Train Loss 0.3742, Train Acc 84.27% | Val Loss 0.3705, Val Acc 85.47%
2025-12-09 14:23:28.675 | INFO | Epoch 13/250 | Train Loss 0.3839, Train Acc 85.39% | Val Loss 0.3753, Val Acc 84.92%
2025-12-09 14:23:28.763 | INFO | Epoch 14/250 | Train Loss 0.4056, Train Acc 83.29% | Val Loss 0.3778, Val Acc 83.80%
2025-12-09 14:23:28.862 | INFO | Epoch 15/250 | Train Loss 0.3813, Train Acc 85.25% | Val Loss 0.3793, Val Acc 84.92%
2025-12-09 14:23:28.922 | INFO | Epoch 16/250 | Train Loss 0.3716, Train Acc 84.41% | Val Loss 0.3748, Val Acc 85.47%
2025-12-09 14:23:29.005 | INFO | Epoch 17/250 | Train Loss 0.3894, Train Acc 84.27% | Val Loss 0.3747, Val Acc 85.47%
2025-12-09 14:23:29.105 | INFO | Epoch 18/250 | Train Loss 0.3745, Train Acc 85.53% | Val Loss 0.3752, Val Acc 84.92%
2025-12-09 14:23:29.172 | INFO | Epoch 19/250 | Train Loss 0.3622, Train Acc 85.39% | Val Loss 0.3794, Val Acc 83.80%
2025-12-09 14:23:29.255 | INFO | Epoch 20/250 | Train Loss 0.3713, Train Acc 84.41% | Val Loss 0.3810, Val Acc 83.80%
2025-12-09 14:23:29.353 | INFO | Epoch 21/250 | Train Loss 0.3771, Train Acc 85.25% | Val Loss 0.3878, Val Acc 83.24%
2025-12-09 14:23:29.414 | INFO | Epoch 22/250 | Train Loss 0.3922, Train Acc 85.96% | Val Loss 0.3898, Val Acc 83.80%
2025-12-09 14:23:29.500 | INFO | Epoch 23/250 | Train Loss 0.3764, Train Acc 84.55% | Val Loss 0.3905, Val Acc 83.80%
2025-12-09 14:23:29.599 | INFO | Epoch 24/250 | Train Loss 0.3657, Train Acc 85.11% | Val Loss 0.3872, Val Acc 83.80%
2025-12-09 14:23:29.662 | INFO | Epoch 25/250 | Train Loss 0.3703, Train Acc 85.81% | Val Loss 0.3855, Val Acc 83.80%
2025-12-09 14:23:29.760 | INFO | Epoch 26/250 | Train Loss 0.3618, Train Acc 85.39% | Val Loss 0.3822, Val Acc 83.80%
2025-12-09 14:23:29.861 | INFO | Epoch 27/250 | Train Loss 0.3717, Train Acc 85.39% | Val Loss 0.3812, Val Acc 83.80%
2025-12-09 14:23:29.905 | INFO | Epoch 28/250 | Train Loss 0.3776, Train Acc 85.39% | Val Loss 0.3817, Val Acc 84.36%
2025-12-09 14:23:30.010 | INFO | Epoch 29/250 | Train Loss 0.3632, Train Acc 85.96% | Val Loss 0.3839, Val Acc 84.36%
2025-12-09 14:23:30.103 | INFO | Epoch 30/250 | Train Loss 0.3682, Train Acc 85.11% | Val Loss 0.3851, Val Acc 83.80%
2025-12-09 14:23:30.142 | INFO | Epoch 31/250 | Train Loss 0.3667, Train Acc 85.81% | Val Loss 0.3866, Val Acc 84.36%
2025-12-09 14:23:30.247 | INFO | Epoch 32/250 | Train Loss 0.3500, Train Acc 85.11% | Val Loss 0.3867, Val Acc 83.80%
2025-12-09 14:23:30.339 | INFO | Epoch 33/250 | Train Loss 0.3645, Train Acc 85.25% | Val Loss 0.3881, Val Acc 83.80%
2025-12-09 14:23:30.397 | INFO | Epoch 34/250 | Train Loss 0.3362, Train Acc 87.22% | Val Loss 0.3889, Val Acc 82.68%
2025-12-09 14:23:30.500 | INFO | Epoch 35/250 | Train Loss 0.3450, Train Acc 86.10% | Val Loss 0.3895, Val Acc 83.80%
2025-12-09 14:23:30.586 | INFO | Epoch 36/250 | Train Loss 0.3650, Train Acc 84.83% | Val Loss 0.3893, Val Acc 83.80%
2025-12-09 14:23:30.632 | INFO | Epoch 37/250 | Train Loss 0.3447, Train Acc 85.53% | Val Loss 0.3896, Val Acc 82.68%
2025-12-09 14:23:30.735 | INFO | Epoch 38/250 | Train Loss 0.3747, Train Acc 86.38% | Val Loss 0.3906, Val Acc 82.68%
2025-12-09 14:23:30.829 | INFO | Epoch 39/250 | Train Loss 0.3533, Train Acc 86.10% | Val Loss 0.3894, Val Acc 82.68%
2025-12-09 14:23:30.891 | INFO | Epoch 40/250 | Train Loss 0.3585, Train Acc 85.67% | Val Loss 0.3903, Val Acc 82.68%
2025-12-09 14:23:30.891 | INFO | Early stopping triggered
2025-12-09 14:23:31.384 | INFO | Training history plot saved to /workspace/output/MLP_ES_seed45_training_2025-12-09.png
2025-12-09 14:23:31.452 | INFO | Final validation accuracy: 85.47% (loss 0.3677)
2025-12-09 14:23:31.471 | INFO | Validation report:
                 precision    recall  f1-score   support

Did Not Survive     0.8750    0.8909    0.8829       110
       Survived     0.8209    0.7971    0.8088        69

       accuracy                         0.8547       179
      macro avg     0.8479    0.8440    0.8459       179
   weighted avg     0.8541    0.8547    0.8543       179

2025-12-09 14:23:31.694 | INFO | Confusion matrix saved to /workspace/output/MLP_ES_seed45_cm_2025-12-09.png
2025-12-09 14:23:31.717 | INFO | Submission saved to /workspace/output/MLP_ES_seed45_submission.csv
2025-12-09 14:23:31.788 | INFO | Model: TitanicMLP
2025-12-09 14:23:31.788 | INFO | Optimizer: AdamW
2025-12-09 14:23:31.899 | INFO | Epoch 1/250 | Train Loss 0.6387, Train Acc 64.75% | Val Loss 0.6401, Val Acc 77.09%
2025-12-09 14:23:31.907 | INFO | New best model saved with validation accuracy 77.09%
2025-12-09 14:23:31.954 | INFO | Epoch 2/250 | Train Loss 0.5075, Train Acc 75.70% | Val Loss 0.5459, Val Acc 78.77%
2025-12-09 14:23:31.961 | INFO | New best model saved with validation accuracy 78.77%
2025-12-09 14:23:32.068 | INFO | Epoch 3/250 | Train Loss 0.4673, Train Acc 79.21% | Val Loss 0.4780, Val Acc 81.01%
2025-12-09 14:23:32.076 | INFO | New best model saved with validation accuracy 81.01%
2025-12-09 14:23:32.157 | INFO | Epoch 4/250 | Train Loss 0.4592, Train Acc 81.74% | Val Loss 0.4472, Val Acc 81.56%
2025-12-09 14:23:32.165 | INFO | New best model saved with validation accuracy 81.56%
2025-12-09 14:23:32.212 | INFO | Epoch 5/250 | Train Loss 0.4086, Train Acc 82.30% | Val Loss 0.4383, Val Acc 81.56%
2025-12-09 14:23:32.315 | INFO | Epoch 6/250 | Train Loss 0.4076, Train Acc 83.15% | Val Loss 0.4383, Val Acc 82.68%
2025-12-09 14:23:32.323 | INFO | New best model saved with validation accuracy 82.68%
2025-12-09 14:23:32.405 | INFO | Epoch 7/250 | Train Loss 0.3960, Train Acc 84.13% | Val Loss 0.4345, Val Acc 81.01%
2025-12-09 14:23:32.468 | INFO | Epoch 8/250 | Train Loss 0.4011, Train Acc 83.99% | Val Loss 0.4330, Val Acc 81.56%
2025-12-09 14:23:32.571 | INFO | Epoch 9/250 | Train Loss 0.3880, Train Acc 83.71% | Val Loss 0.4366, Val Acc 80.45%
2025-12-09 14:23:32.642 | INFO | Epoch 10/250 | Train Loss 0.3774, Train Acc 84.55% | Val Loss 0.4347, Val Acc 81.56%
2025-12-09 14:23:32.712 | INFO | Epoch 11/250 | Train Loss 0.3789, Train Acc 84.83% | Val Loss 0.4323, Val Acc 80.45%
2025-12-09 14:23:32.812 | INFO | Epoch 12/250 | Train Loss 0.3692, Train Acc 86.10% | Val Loss 0.4283, Val Acc 81.01%
2025-12-09 14:23:32.877 | INFO | Epoch 13/250 | Train Loss 0.3877, Train Acc 85.25% | Val Loss 0.4253, Val Acc 80.45%
2025-12-09 14:23:32.955 | INFO | Epoch 14/250 | Train Loss 0.3865, Train Acc 84.41% | Val Loss 0.4254, Val Acc 80.45%
2025-12-09 14:23:33.057 | INFO | Epoch 15/250 | Train Loss 0.3692, Train Acc 85.11% | Val Loss 0.4249, Val Acc 80.45%
2025-12-09 14:23:33.115 | INFO | Epoch 16/250 | Train Loss 0.3735, Train Acc 85.53% | Val Loss 0.4239, Val Acc 81.01%
2025-12-09 14:23:33.207 | INFO | Epoch 17/250 | Train Loss 0.3701, Train Acc 85.39% | Val Loss 0.4229, Val Acc 80.45%
2025-12-09 14:23:33.304 | INFO | Epoch 18/250 | Train Loss 0.3692, Train Acc 84.97% | Val Loss 0.4205, Val Acc 81.01%
2025-12-09 14:23:33.352 | INFO | Epoch 19/250 | Train Loss 0.3723, Train Acc 84.97% | Val Loss 0.4186, Val Acc 81.01%
2025-12-09 14:23:33.429 | INFO | Epoch 20/250 | Train Loss 0.3553, Train Acc 85.39% | Val Loss 0.4188, Val Acc 81.56%
2025-12-09 14:23:33.524 | INFO | Epoch 21/250 | Train Loss 0.3776, Train Acc 84.97% | Val Loss 0.4189, Val Acc 81.01%
2025-12-09 14:23:33.590 | INFO | Epoch 22/250 | Train Loss 0.3663, Train Acc 85.39% | Val Loss 0.4197, Val Acc 81.01%
2025-12-09 14:23:33.667 | INFO | Epoch 23/250 | Train Loss 0.3606, Train Acc 84.55% | Val Loss 0.4192, Val Acc 81.01%
2025-12-09 14:23:33.775 | INFO | Epoch 24/250 | Train Loss 0.3922, Train Acc 86.52% | Val Loss 0.4191, Val Acc 81.01%
2025-12-09 14:23:33.829 | INFO | Epoch 25/250 | Train Loss 0.3538, Train Acc 85.81% | Val Loss 0.4192, Val Acc 81.01%
2025-12-09 14:23:33.921 | INFO | Epoch 26/250 | Train Loss 0.3459, Train Acc 87.08% | Val Loss 0.4179, Val Acc 80.45%
2025-12-09 14:23:34.022 | INFO | Epoch 27/250 | Train Loss 0.3501, Train Acc 85.96% | Val Loss 0.4185, Val Acc 80.45%
2025-12-09 14:23:34.065 | INFO | Epoch 28/250 | Train Loss 0.3514, Train Acc 85.96% | Val Loss 0.4183, Val Acc 80.45%
2025-12-09 14:23:34.166 | INFO | Epoch 29/250 | Train Loss 0.3644, Train Acc 84.97% | Val Loss 0.4182, Val Acc 80.45%
2025-12-09 14:23:34.262 | INFO | Epoch 30/250 | Train Loss 0.3549, Train Acc 86.94% | Val Loss 0.4184, Val Acc 80.45%
2025-12-09 14:23:34.305 | INFO | Epoch 31/250 | Train Loss 0.3730, Train Acc 86.52% | Val Loss 0.4191, Val Acc 81.01%
2025-12-09 14:23:34.383 | INFO | Epoch 32/250 | Train Loss 0.3678, Train Acc 86.24% | Val Loss 0.4202, Val Acc 81.01%
2025-12-09 14:23:34.481 | INFO | Epoch 33/250 | Train Loss 0.3371, Train Acc 85.96% | Val Loss 0.4208, Val Acc 80.45%
2025-12-09 14:23:34.542 | INFO | Epoch 34/250 | Train Loss 0.3689, Train Acc 85.11% | Val Loss 0.4204, Val Acc 81.01%
2025-12-09 14:23:34.635 | INFO | Epoch 35/250 | Train Loss 0.3287, Train Acc 86.24% | Val Loss 0.4203, Val Acc 81.01%
2025-12-09 14:23:34.736 | INFO | Epoch 36/250 | Train Loss 0.3618, Train Acc 86.38% | Val Loss 0.4208, Val Acc 81.01%
2025-12-09 14:23:34.737 | INFO | Early stopping triggered
2025-12-09 14:23:35.160 | INFO | Training history plot saved to /workspace/output/MLP_ES_seed2025_training_2025-12-09.png
2025-12-09 14:23:35.219 | INFO | Final validation accuracy: 82.68% (loss 0.4383)
2025-12-09 14:23:35.230 | INFO | Validation report:
                 precision    recall  f1-score   support

Did Not Survive     0.8496    0.8727    0.8610       110
       Survived     0.7879    0.7536    0.7704        69

       accuracy                         0.8268       179
      macro avg     0.8187    0.8132    0.8157       179
   weighted avg     0.8258    0.8268    0.8261       179

2025-12-09 14:23:35.431 | INFO | Confusion matrix saved to /workspace/output/MLP_ES_seed2025_cm_2025-12-09.png
2025-12-09 14:23:35.452 | INFO | Submission saved to /workspace/output/MLP_ES_seed2025_submission.csv
2025-12-09 14:23:35.468 | INFO | Model: TitanicMLP
2025-12-09 14:23:35.468 | INFO | Optimizer: AdamW
2025-12-09 14:23:35.555 | INFO | Epoch 1/250 | Train Loss 0.6212, Train Acc 67.56% | Val Loss 0.6250, Val Acc 77.09%
2025-12-09 14:23:35.562 | INFO | New best model saved with validation accuracy 77.09%
2025-12-09 14:23:35.661 | INFO | Epoch 2/250 | Train Loss 0.5330, Train Acc 76.54% | Val Loss 0.5063, Val Acc 83.24%
2025-12-09 14:23:35.668 | INFO | New best model saved with validation accuracy 83.24%
2025-12-09 14:23:35.718 | INFO | Epoch 3/250 | Train Loss 0.4668, Train Acc 78.51% | Val Loss 0.4213, Val Acc 85.47%
2025-12-09 14:23:35.725 | INFO | New best model saved with validation accuracy 85.47%
2025-12-09 14:23:35.828 | INFO | Epoch 4/250 | Train Loss 0.4383, Train Acc 81.18% | Val Loss 0.3837, Val Acc 88.27%
2025-12-09 14:23:35.835 | INFO | New best model saved with validation accuracy 88.27%
2025-12-09 14:23:35.923 | INFO | Epoch 5/250 | Train Loss 0.4393, Train Acc 80.20% | Val Loss 0.3682, Val Acc 87.15%
2025-12-09 14:23:35.982 | INFO | Epoch 6/250 | Train Loss 0.4201, Train Acc 82.87% | Val Loss 0.3609, Val Acc 88.27%
2025-12-09 14:23:36.088 | INFO | Epoch 7/250 | Train Loss 0.4161, Train Acc 82.16% | Val Loss 0.3574, Val Acc 88.83%
2025-12-09 14:23:36.095 | INFO | New best model saved with validation accuracy 88.83%
2025-12-09 14:23:36.174 | INFO | Epoch 8/250 | Train Loss 0.4026, Train Acc 83.85% | Val Loss 0.3560, Val Acc 88.27%
2025-12-09 14:23:36.253 | INFO | Epoch 9/250 | Train Loss 0.3867, Train Acc 83.01% | Val Loss 0.3567, Val Acc 89.39%
2025-12-09 14:23:36.260 | INFO | New best model saved with validation accuracy 89.39%
2025-12-09 14:23:36.359 | INFO | Epoch 10/250 | Train Loss 0.3850, Train Acc 83.29% | Val Loss 0.3564, Val Acc 89.94%
2025-12-09 14:23:36.366 | INFO | New best model saved with validation accuracy 89.94%
2025-12-09 14:23:36.424 | INFO | Epoch 11/250 | Train Loss 0.4027, Train Acc 82.87% | Val Loss 0.3572, Val Acc 89.39%
2025-12-09 14:23:36.529 | INFO | Epoch 12/250 | Train Loss 0.4102, Train Acc 81.60% | Val Loss 0.3600, Val Acc 88.27%
2025-12-09 14:23:36.622 | INFO | Epoch 13/250 | Train Loss 0.4046, Train Acc 83.15% | Val Loss 0.3632, Val Acc 87.15%
2025-12-09 14:23:36.686 | INFO | Epoch 14/250 | Train Loss 0.3885, Train Acc 83.15% | Val Loss 0.3624, Val Acc 87.15%
2025-12-09 14:23:36.789 | INFO | Epoch 15/250 | Train Loss 0.3850, Train Acc 83.71% | Val Loss 0.3624, Val Acc 87.71%
2025-12-09 14:23:36.863 | INFO | Epoch 16/250 | Train Loss 0.3905, Train Acc 84.13% | Val Loss 0.3654, Val Acc 87.71%
2025-12-09 14:23:36.937 | INFO | Epoch 17/250 | Train Loss 0.3846, Train Acc 83.99% | Val Loss 0.3687, Val Acc 87.15%
2025-12-09 14:23:37.038 | INFO | Epoch 18/250 | Train Loss 0.3733, Train Acc 83.57% | Val Loss 0.3689, Val Acc 87.71%
2025-12-09 14:23:37.108 | INFO | Epoch 19/250 | Train Loss 0.3669, Train Acc 85.11% | Val Loss 0.3681, Val Acc 86.59%
2025-12-09 14:23:37.201 | INFO | Epoch 20/250 | Train Loss 0.4018, Train Acc 83.29% | Val Loss 0.3669, Val Acc 87.71%
2025-12-09 14:23:37.301 | INFO | Epoch 21/250 | Train Loss 0.3799, Train Acc 84.97% | Val Loss 0.3669, Val Acc 87.71%
2025-12-09 14:23:37.365 | INFO | Epoch 22/250 | Train Loss 0.3894, Train Acc 82.87% | Val Loss 0.3670, Val Acc 88.27%
2025-12-09 14:23:37.471 | INFO | Epoch 23/250 | Train Loss 0.3811, Train Acc 84.41% | Val Loss 0.3676, Val Acc 87.71%
2025-12-09 14:23:37.552 | INFO | Epoch 24/250 | Train Loss 0.3874, Train Acc 83.71% | Val Loss 0.3682, Val Acc 87.71%
2025-12-09 14:23:37.625 | INFO | Epoch 25/250 | Train Loss 0.3723, Train Acc 84.27% | Val Loss 0.3686, Val Acc 87.71%
2025-12-09 14:23:37.729 | INFO | Epoch 26/250 | Train Loss 0.3636, Train Acc 84.69% | Val Loss 0.3695, Val Acc 87.15%
2025-12-09 14:23:37.801 | INFO | Epoch 27/250 | Train Loss 0.3587, Train Acc 85.11% | Val Loss 0.3710, Val Acc 87.71%
2025-12-09 14:23:37.895 | INFO | Epoch 28/250 | Train Loss 0.3818, Train Acc 84.69% | Val Loss 0.3723, Val Acc 88.27%
2025-12-09 14:23:37.998 | INFO | Epoch 29/250 | Train Loss 0.3530, Train Acc 84.97% | Val Loss 0.3709, Val Acc 87.15%
2025-12-09 14:23:38.041 | INFO | Epoch 30/250 | Train Loss 0.3990, Train Acc 83.15% | Val Loss 0.3705, Val Acc 87.15%
2025-12-09 14:23:38.141 | INFO | Epoch 31/250 | Train Loss 0.3787, Train Acc 84.97% | Val Loss 0.3698, Val Acc 87.71%
2025-12-09 14:23:38.236 | INFO | Epoch 32/250 | Train Loss 0.3543, Train Acc 85.25% | Val Loss 0.3706, Val Acc 87.71%
2025-12-09 14:23:38.279 | INFO | Epoch 33/250 | Train Loss 0.3668, Train Acc 85.25% | Val Loss 0.3706, Val Acc 87.71%
2025-12-09 14:23:38.369 | INFO | Epoch 34/250 | Train Loss 0.3627, Train Acc 85.96% | Val Loss 0.3708, Val Acc 87.71%
2025-12-09 14:23:38.467 | INFO | Epoch 35/250 | Train Loss 0.3666, Train Acc 84.13% | Val Loss 0.3717, Val Acc 87.71%
2025-12-09 14:23:38.515 | INFO | Epoch 36/250 | Train Loss 0.3560, Train Acc 85.53% | Val Loss 0.3718, Val Acc 87.71%
2025-12-09 14:23:38.616 | INFO | Epoch 37/250 | Train Loss 0.3913, Train Acc 84.69% | Val Loss 0.3714, Val Acc 87.71%
2025-12-09 14:23:38.713 | INFO | Epoch 38/250 | Train Loss 0.3823, Train Acc 85.39% | Val Loss 0.3718, Val Acc 87.71%
2025-12-09 14:23:38.782 | INFO | Epoch 39/250 | Train Loss 0.3469, Train Acc 84.83% | Val Loss 0.3722, Val Acc 87.71%
2025-12-09 14:23:38.892 | INFO | Epoch 40/250 | Train Loss 0.3483, Train Acc 85.53% | Val Loss 0.3722, Val Acc 87.71%
2025-12-09 14:23:38.893 | INFO | Early stopping triggered
2025-12-09 14:23:39.314 | INFO | Training history plot saved to /workspace/output/MLP_ES_seed777_training_2025-12-09.png
2025-12-09 14:23:39.358 | INFO | Final validation accuracy: 89.94% (loss 0.3564)
2025-12-09 14:23:39.368 | INFO | Validation report:
                 precision    recall  f1-score   support

Did Not Survive     0.9035    0.9364    0.9196       110
       Survived     0.8923    0.8406    0.8657        69

       accuracy                         0.8994       179
      macro avg     0.8979    0.8885    0.8927       179
   weighted avg     0.8992    0.8994    0.8988       179

2025-12-09 14:23:39.565 | INFO | Confusion matrix saved to /workspace/output/MLP_ES_seed777_cm_2025-12-09.png
2025-12-09 14:23:39.578 | INFO | Submission saved to /workspace/output/MLP_ES_seed777_submission.csv
2025-12-09 14:23:39.578 | INFO | Best seed 777 achieved validation accuracy 89.94% with submission /workspace/output/MLP_ES_seed777_submission.csv
2025-12-09 14:23:39.789 | INFO | Submitting '/workspace/output/MLP_ES_seed777_submission.csv' to Kaggle competition 'titanic'
2025-12-09 14:25:37.514 | INFO | Using device: cuda
2025-12-09 14:25:37.566 | INFO | Loaded 891 training samples with 27 features
2025-12-09 14:25:51.172 | INFO | Using device: cuda
2025-12-09 14:25:51.224 | INFO | Loaded 891 training samples with 27 features
2025-12-09 14:25:52.615 | INFO | Model: TitanicMLP
2025-12-09 14:25:52.616 | INFO | Optimizer: AdamW
2025-12-09 14:25:52.952 | INFO | Epoch 1/250 | Train Loss 0.6448, Train Acc 64.19% | Val Loss 0.6385, Val Acc 75.98%
2025-12-09 14:25:52.961 | INFO | New best model saved with validation accuracy 75.98%
2025-12-09 14:25:53.026 | INFO | Epoch 2/250 | Train Loss 0.4955, Train Acc 76.40% | Val Loss 0.5390, Val Acc 75.98%
2025-12-09 14:25:53.128 | INFO | Epoch 3/250 | Train Loss 0.4704, Train Acc 80.48% | Val Loss 0.4658, Val Acc 79.33%
2025-12-09 14:25:53.134 | INFO | New best model saved with validation accuracy 79.33%
2025-12-09 14:25:53.198 | INFO | Epoch 4/250 | Train Loss 0.4433, Train Acc 80.62% | Val Loss 0.4198, Val Acc 80.45%
2025-12-09 14:25:53.205 | INFO | New best model saved with validation accuracy 80.45%
2025-12-09 14:25:53.303 | INFO | Epoch 5/250 | Train Loss 0.4328, Train Acc 81.18% | Val Loss 0.3934, Val Acc 82.68%
2025-12-09 14:25:53.309 | INFO | New best model saved with validation accuracy 82.68%
2025-12-09 14:25:53.401 | INFO | Epoch 6/250 | Train Loss 0.4349, Train Acc 81.32% | Val Loss 0.3812, Val Acc 82.68%
2025-12-09 14:25:53.438 | INFO | Epoch 7/250 | Train Loss 0.4195, Train Acc 82.30% | Val Loss 0.3812, Val Acc 82.68%
2025-12-09 14:25:53.531 | INFO | Epoch 8/250 | Train Loss 0.3979, Train Acc 83.57% | Val Loss 0.3806, Val Acc 83.80%
2025-12-09 14:25:53.538 | INFO | New best model saved with validation accuracy 83.80%
2025-12-09 14:25:53.630 | INFO | Epoch 9/250 | Train Loss 0.4078, Train Acc 83.29% | Val Loss 0.3728, Val Acc 84.36%
2025-12-09 14:25:53.637 | INFO | New best model saved with validation accuracy 84.36%
2025-12-09 14:25:53.680 | INFO | Epoch 10/250 | Train Loss 0.3809, Train Acc 83.43% | Val Loss 0.3677, Val Acc 85.47%
2025-12-09 14:25:53.687 | INFO | New best model saved with validation accuracy 85.47%
2025-12-09 14:25:53.787 | INFO | Epoch 11/250 | Train Loss 0.3990, Train Acc 83.57% | Val Loss 0.3695, Val Acc 85.47%
2025-12-09 14:25:53.869 | INFO | Epoch 12/250 | Train Loss 0.3742, Train Acc 84.27% | Val Loss 0.3705, Val Acc 85.47%
2025-12-09 14:25:53.908 | INFO | Epoch 13/250 | Train Loss 0.3839, Train Acc 85.39% | Val Loss 0.3753, Val Acc 84.92%
2025-12-09 14:25:54.011 | INFO | Epoch 14/250 | Train Loss 0.4056, Train Acc 83.29% | Val Loss 0.3778, Val Acc 83.80%
2025-12-09 14:25:54.101 | INFO | Epoch 15/250 | Train Loss 0.3813, Train Acc 85.25% | Val Loss 0.3793, Val Acc 84.92%
2025-12-09 14:25:54.153 | INFO | Epoch 16/250 | Train Loss 0.3716, Train Acc 84.41% | Val Loss 0.3748, Val Acc 85.47%
2025-12-09 14:25:54.254 | INFO | Epoch 17/250 | Train Loss 0.3894, Train Acc 84.27% | Val Loss 0.3747, Val Acc 85.47%
2025-12-09 14:25:54.338 | INFO | Epoch 18/250 | Train Loss 0.3745, Train Acc 85.53% | Val Loss 0.3752, Val Acc 84.92%
2025-12-09 14:25:54.407 | INFO | Epoch 19/250 | Train Loss 0.3622, Train Acc 85.39% | Val Loss 0.3794, Val Acc 83.80%
2025-12-09 14:25:54.507 | INFO | Epoch 20/250 | Train Loss 0.3713, Train Acc 84.41% | Val Loss 0.3810, Val Acc 83.80%
2025-12-09 14:25:54.574 | INFO | Epoch 21/250 | Train Loss 0.3771, Train Acc 85.25% | Val Loss 0.3878, Val Acc 83.24%
2025-12-09 14:25:54.636 | INFO | Epoch 22/250 | Train Loss 0.3922, Train Acc 85.96% | Val Loss 0.3898, Val Acc 83.80%
2025-12-09 14:25:54.734 | INFO | Epoch 23/250 | Train Loss 0.3764, Train Acc 84.55% | Val Loss 0.3905, Val Acc 83.80%
2025-12-09 14:25:54.812 | INFO | Epoch 24/250 | Train Loss 0.3657, Train Acc 85.11% | Val Loss 0.3872, Val Acc 83.80%
2025-12-09 14:25:54.881 | INFO | Epoch 25/250 | Train Loss 0.3703, Train Acc 85.81% | Val Loss 0.3855, Val Acc 83.80%
2025-12-09 14:25:54.985 | INFO | Epoch 26/250 | Train Loss 0.3618, Train Acc 85.39% | Val Loss 0.3822, Val Acc 83.80%
2025-12-09 14:25:55.068 | INFO | Epoch 27/250 | Train Loss 0.3717, Train Acc 85.39% | Val Loss 0.3812, Val Acc 83.80%
2025-12-09 14:25:55.143 | INFO | Epoch 28/250 | Train Loss 0.3776, Train Acc 85.39% | Val Loss 0.3817, Val Acc 84.36%
2025-12-09 14:25:55.247 | INFO | Epoch 29/250 | Train Loss 0.3632, Train Acc 85.96% | Val Loss 0.3839, Val Acc 84.36%
2025-12-09 14:25:55.325 | INFO | Epoch 30/250 | Train Loss 0.3682, Train Acc 85.11% | Val Loss 0.3851, Val Acc 83.80%
2025-12-09 14:25:55.325 | INFO | Early stopping triggered
2025-12-09 14:25:55.756 | INFO | Training history plot saved to /workspace/output/MLP_ES_seed45_training_2025-12-09.png
2025-12-09 14:25:55.791 | INFO | Final validation accuracy: 85.47% (loss 0.3677)
2025-12-09 14:25:55.803 | INFO | Validation report:
                 precision    recall  f1-score   support

Did Not Survive     0.8750    0.8909    0.8829       110
       Survived     0.8209    0.7971    0.8088        69

       accuracy                         0.8547       179
      macro avg     0.8479    0.8440    0.8459       179
   weighted avg     0.8541    0.8547    0.8543       179

2025-12-09 14:25:56.020 | INFO | Confusion matrix saved to /workspace/output/MLP_ES_seed45_cm_2025-12-09.png
2025-12-09 14:25:56.039 | INFO | Submission saved to /workspace/output/MLP_ES_seed45_submission.csv
2025-12-09 14:25:56.105 | INFO | Model: TitanicMLP
2025-12-09 14:25:56.106 | INFO | Optimizer: AdamW
2025-12-09 14:25:56.205 | INFO | Epoch 1/250 | Train Loss 0.6448, Train Acc 64.19% | Val Loss 0.6385, Val Acc 75.98%
2025-12-09 14:25:56.212 | INFO | New best model saved with validation accuracy 75.98%
2025-12-09 14:25:56.272 | INFO | Epoch 2/250 | Train Loss 0.4955, Train Acc 76.40% | Val Loss 0.5390, Val Acc 75.98%
2025-12-09 14:25:56.366 | INFO | Epoch 3/250 | Train Loss 0.4704, Train Acc 80.48% | Val Loss 0.4658, Val Acc 79.33%
2025-12-09 14:25:56.373 | INFO | New best model saved with validation accuracy 79.33%
2025-12-09 14:25:56.479 | INFO | Epoch 4/250 | Train Loss 0.4433, Train Acc 80.62% | Val Loss 0.4198, Val Acc 80.45%
2025-12-09 14:25:56.485 | INFO | New best model saved with validation accuracy 80.45%
2025-12-09 14:25:56.546 | INFO | Epoch 5/250 | Train Loss 0.4328, Train Acc 81.18% | Val Loss 0.3934, Val Acc 82.68%
2025-12-09 14:25:56.553 | INFO | New best model saved with validation accuracy 82.68%
2025-12-09 14:25:56.652 | INFO | Epoch 6/250 | Train Loss 0.4349, Train Acc 81.32% | Val Loss 0.3812, Val Acc 82.68%
2025-12-09 14:25:56.726 | INFO | Epoch 7/250 | Train Loss 0.4195, Train Acc 82.30% | Val Loss 0.3812, Val Acc 82.68%
2025-12-09 14:25:56.799 | INFO | Epoch 8/250 | Train Loss 0.3979, Train Acc 83.57% | Val Loss 0.3806, Val Acc 83.80%
2025-12-09 14:25:56.815 | INFO | New best model saved with validation accuracy 83.80%
2025-12-09 14:25:56.911 | INFO | Epoch 9/250 | Train Loss 0.4078, Train Acc 83.29% | Val Loss 0.3728, Val Acc 84.36%
2025-12-09 14:25:58.301 | INFO | New best model saved with validation accuracy 84.36%
2025-12-09 14:25:58.399 | INFO | Epoch 10/250 | Train Loss 0.3809, Train Acc 83.43% | Val Loss 0.3677, Val Acc 85.47%
2025-12-09 14:25:58.560 | INFO | New best model saved with validation accuracy 85.47%
2025-12-09 14:25:58.656 | INFO | Epoch 11/250 | Train Loss 0.3990, Train Acc 83.57% | Val Loss 0.3695, Val Acc 85.47%
2025-12-09 14:25:58.724 | INFO | Epoch 12/250 | Train Loss 0.3742, Train Acc 84.27% | Val Loss 0.3705, Val Acc 85.47%
2025-12-09 14:25:58.824 | INFO | Epoch 13/250 | Train Loss 0.3839, Train Acc 85.39% | Val Loss 0.3753, Val Acc 84.92%
2025-12-09 14:25:58.895 | INFO | Epoch 14/250 | Train Loss 0.4056, Train Acc 83.29% | Val Loss 0.3778, Val Acc 83.80%
2025-12-09 14:25:58.978 | INFO | Epoch 15/250 | Train Loss 0.3813, Train Acc 85.25% | Val Loss 0.3793, Val Acc 84.92%
2025-12-09 14:25:59.082 | INFO | Epoch 16/250 | Train Loss 0.3716, Train Acc 84.41% | Val Loss 0.3748, Val Acc 85.47%
2025-12-09 14:25:59.134 | INFO | Epoch 17/250 | Train Loss 0.3894, Train Acc 84.27% | Val Loss 0.3747, Val Acc 85.47%
2025-12-09 14:25:59.228 | INFO | Epoch 18/250 | Train Loss 0.3745, Train Acc 85.53% | Val Loss 0.3752, Val Acc 84.92%
2025-12-09 14:25:59.329 | INFO | Epoch 19/250 | Train Loss 0.3622, Train Acc 85.39% | Val Loss 0.3794, Val Acc 83.80%
2025-12-09 14:25:59.389 | INFO | Epoch 20/250 | Train Loss 0.3713, Train Acc 84.41% | Val Loss 0.3810, Val Acc 83.80%
2025-12-09 14:25:59.495 | INFO | Epoch 21/250 | Train Loss 0.3771, Train Acc 85.25% | Val Loss 0.3878, Val Acc 83.24%
2025-12-09 14:25:59.571 | INFO | Epoch 22/250 | Train Loss 0.3922, Train Acc 85.96% | Val Loss 0.3898, Val Acc 83.80%
2025-12-09 14:25:59.648 | INFO | Epoch 23/250 | Train Loss 0.3764, Train Acc 84.55% | Val Loss 0.3905, Val Acc 83.80%
2025-12-09 14:25:59.752 | INFO | Epoch 24/250 | Train Loss 0.3657, Train Acc 85.11% | Val Loss 0.3872, Val Acc 83.80%
2025-12-09 14:25:59.810 | INFO | Epoch 25/250 | Train Loss 0.3703, Train Acc 85.81% | Val Loss 0.3855, Val Acc 83.80%
2025-12-09 14:25:59.891 | INFO | Epoch 26/250 | Train Loss 0.3618, Train Acc 85.39% | Val Loss 0.3822, Val Acc 83.80%
2025-12-09 14:25:59.994 | INFO | Epoch 27/250 | Train Loss 0.3717, Train Acc 85.39% | Val Loss 0.3812, Val Acc 83.80%
2025-12-09 14:26:00.065 | INFO | Epoch 28/250 | Train Loss 0.3776, Train Acc 85.39% | Val Loss 0.3817, Val Acc 84.36%
2025-12-09 14:26:00.173 | INFO | Epoch 29/250 | Train Loss 0.3632, Train Acc 85.96% | Val Loss 0.3839, Val Acc 84.36%
2025-12-09 14:26:00.264 | INFO | Epoch 30/250 | Train Loss 0.3682, Train Acc 85.11% | Val Loss 0.3851, Val Acc 83.80%
2025-12-09 14:26:00.264 | INFO | Early stopping triggered
2025-12-09 14:26:00.667 | INFO | Training history plot saved to /workspace/output/MLP_ES_seed45_training_2025-12-09.png
2025-12-09 14:26:00.685 | INFO | Final validation accuracy: 85.47% (loss 0.3677)
2025-12-09 14:26:00.695 | INFO | Validation report:
                 precision    recall  f1-score   support

Did Not Survive     0.8750    0.8909    0.8829       110
       Survived     0.8209    0.7971    0.8088        69

       accuracy                         0.8547       179
      macro avg     0.8479    0.8440    0.8459       179
   weighted avg     0.8541    0.8547    0.8543       179

2025-12-09 14:26:00.900 | INFO | Confusion matrix saved to /workspace/output/MLP_ES_seed45_cm_2025-12-09.png
2025-12-09 14:26:00.911 | INFO | Submission saved to /workspace/output/MLP_ES_seed45_submission.csv
2025-12-09 14:26:00.911 | INFO | Best seed 45 achieved validation accuracy 85.47% with submission /workspace/output/MLP_ES_seed45_submission.csv
2025-12-09 14:26:01.103 | INFO | Submitting '/workspace/output/MLP_ES_seed45_submission.csv' to Kaggle competition 'titanic'
