2025-12-09 13:57:46.649 | INFO | Using device: cuda
2025-12-09 13:57:46.702 | INFO | Loaded 891 training samples with 27 features
2025-12-09 13:57:46.712 | INFO | Training RandomForestClassifier...
2025-12-09 13:57:50.159 | INFO | RandomForest validation accuracy: 82.12%
2025-12-09 13:57:50.160 | INFO | Validation report:
                 precision    recall  f1-score   support

Did Not Survive     0.8362    0.8818    0.8584       110
       Survived     0.7937    0.7246    0.7576        69

       accuracy                         0.8212       179
      macro avg     0.8149    0.8032    0.8080       179
   weighted avg     0.8198    0.8212    0.8195       179

2025-12-09 13:57:50.355 | INFO | Confusion matrix saved to /workspace/output/RandomForest_ES_seed45_cm_2025-12-09.png
2025-12-09 13:57:50.580 | INFO | RandomForest submission saved to /workspace/output/RandomForest_ES_seed45_submission.csv
2025-12-09 13:57:51.184 | INFO | RandomForest model serialized to /workspace/output/RandomForest_ES_seed45_random_forest_2025-12-09.pth
2025-12-09 13:57:51.197 | INFO | Training RandomForestClassifier...
2025-12-09 13:57:54.399 | INFO | RandomForest validation accuracy: 82.12%
2025-12-09 13:57:54.400 | INFO | Validation report:
                 precision    recall  f1-score   support

Did Not Survive     0.8362    0.8818    0.8584       110
       Survived     0.7937    0.7246    0.7576        69

       accuracy                         0.8212       179
      macro avg     0.8149    0.8032    0.8080       179
   weighted avg     0.8198    0.8212    0.8195       179

2025-12-09 13:57:54.588 | INFO | Confusion matrix saved to /workspace/output/RandomForest_ES_seed2025_cm_2025-12-09.png
2025-12-09 13:57:54.812 | INFO | RandomForest submission saved to /workspace/output/RandomForest_ES_seed2025_submission.csv
2025-12-09 13:57:55.389 | INFO | RandomForest model serialized to /workspace/output/RandomForest_ES_seed2025_random_forest_2025-12-09.pth
2025-12-09 13:57:55.401 | INFO | Training RandomForestClassifier...
2025-12-09 13:57:58.572 | INFO | RandomForest validation accuracy: 87.15%
2025-12-09 13:57:58.572 | INFO | Validation report:
                 precision    recall  f1-score   support

Did Not Survive     0.8655    0.9364    0.8996       110
       Survived     0.8833    0.7681    0.8217        69

       accuracy                         0.8715       179
      macro avg     0.8744    0.8522    0.8606       179
   weighted avg     0.8724    0.8715    0.8696       179

2025-12-09 13:57:58.746 | INFO | Confusion matrix saved to /workspace/output/RandomForest_ES_seed777_cm_2025-12-09.png
2025-12-09 13:57:58.981 | INFO | RandomForest submission saved to /workspace/output/RandomForest_ES_seed777_submission.csv
2025-12-09 13:57:59.585 | INFO | RandomForest model serialized to /workspace/output/RandomForest_ES_seed777_random_forest_2025-12-09.pth
2025-12-09 13:57:59.588 | INFO | Best seed 777 achieved validation accuracy 87.15% with submission /workspace/output/RandomForest_ES_seed777_submission.csv
2025-12-09 13:58:38.669 | INFO | Using device: cuda
2025-12-09 13:58:38.717 | INFO | Loaded 891 training samples with 27 features
2025-12-09 13:58:38.727 | INFO | Training RandomForestClassifier...
2025-12-09 13:58:42.129 | INFO | RandomForest validation accuracy: 82.12%
2025-12-09 13:58:42.130 | INFO | Validation report:
                 precision    recall  f1-score   support

Did Not Survive     0.8362    0.8818    0.8584       110
       Survived     0.7937    0.7246    0.7576        69

       accuracy                         0.8212       179
      macro avg     0.8149    0.8032    0.8080       179
   weighted avg     0.8198    0.8212    0.8195       179

2025-12-09 13:58:42.333 | INFO | Confusion matrix saved to /workspace/output/RandomForest_ES_seed45_cm_2025-12-09.png
2025-12-09 13:58:42.556 | INFO | RandomForest submission saved to /workspace/output/RandomForest_ES_seed45_submission.csv
2025-12-09 13:58:43.214 | INFO | RandomForest model serialized to /workspace/output/RandomForest_ES_seed45_random_forest_2025-12-09.pth
2025-12-09 13:58:43.247 | INFO | Training RandomForestClassifier...
2025-12-09 13:58:46.449 | INFO | RandomForest validation accuracy: 82.12%
2025-12-09 13:58:46.449 | INFO | Validation report:
                 precision    recall  f1-score   support

Did Not Survive     0.8362    0.8818    0.8584       110
       Survived     0.7937    0.7246    0.7576        69

       accuracy                         0.8212       179
      macro avg     0.8149    0.8032    0.8080       179
   weighted avg     0.8198    0.8212    0.8195       179

2025-12-09 13:58:46.655 | INFO | Confusion matrix saved to /workspace/output/RandomForest_ES_seed2025_cm_2025-12-09.png
2025-12-09 13:58:46.893 | INFO | RandomForest submission saved to /workspace/output/RandomForest_ES_seed2025_submission.csv
2025-12-09 13:58:47.521 | INFO | RandomForest model serialized to /workspace/output/RandomForest_ES_seed2025_random_forest_2025-12-09.pth
2025-12-09 13:58:47.535 | INFO | Training RandomForestClassifier...
2025-12-09 13:58:50.742 | INFO | RandomForest validation accuracy: 87.15%
2025-12-09 13:58:50.743 | INFO | Validation report:
                 precision    recall  f1-score   support

Did Not Survive     0.8655    0.9364    0.8996       110
       Survived     0.8833    0.7681    0.8217        69

       accuracy                         0.8715       179
      macro avg     0.8744    0.8522    0.8606       179
   weighted avg     0.8724    0.8715    0.8696       179

2025-12-09 13:58:50.917 | INFO | Confusion matrix saved to /workspace/output/RandomForest_ES_seed777_cm_2025-12-09.png
2025-12-09 13:58:51.162 | INFO | RandomForest submission saved to /workspace/output/RandomForest_ES_seed777_submission.csv
2025-12-09 13:58:51.775 | INFO | RandomForest model serialized to /workspace/output/RandomForest_ES_seed777_random_forest_2025-12-09.pth
2025-12-09 13:58:51.778 | INFO | Best seed 777 achieved validation accuracy 87.15% with submission /workspace/output/RandomForest_ES_seed777_submission.csv
2025-12-09 13:58:51.958 | INFO | Submitting '/workspace/output/RandomForest_ES_seed777_submission.csv' to Kaggle competition 'titanic'
2025-12-09 14:20:07.476 | INFO | Using device: cuda
2025-12-09 14:20:07.526 | INFO | Loaded 891 training samples with 27 features
2025-12-09 14:20:07.536 | INFO | Training RandomForestClassifier...
2025-12-09 14:20:11.210 | INFO | RandomForest validation accuracy: 82.12%
2025-12-09 14:20:11.210 | INFO | Validation report:
                 precision    recall  f1-score   support

Did Not Survive     0.8362    0.8818    0.8584       110
       Survived     0.7937    0.7246    0.7576        69

       accuracy                         0.8212       179
      macro avg     0.8149    0.8032    0.8080       179
   weighted avg     0.8198    0.8212    0.8195       179

2025-12-09 14:20:11.436 | INFO | Confusion matrix saved to /workspace/output/RandomForest_ES_seed45_cm_2025-12-09.png
2025-12-09 14:20:11.703 | INFO | RandomForest submission saved to /workspace/output/RandomForest_ES_seed45_submission.csv
2025-12-09 14:20:12.440 | INFO | RandomForest model serialized to /workspace/output/RandomForest_ES_seed45_random_forest_2025-12-09.pth
2025-12-09 14:20:12.453 | INFO | Training RandomForestClassifier...
2025-12-09 14:20:16.080 | INFO | RandomForest validation accuracy: 82.12%
2025-12-09 14:20:16.081 | INFO | Validation report:
                 precision    recall  f1-score   support

Did Not Survive     0.8362    0.8818    0.8584       110
       Survived     0.7937    0.7246    0.7576        69

       accuracy                         0.8212       179
      macro avg     0.8149    0.8032    0.8080       179
   weighted avg     0.8198    0.8212    0.8195       179

2025-12-09 14:20:16.294 | INFO | Confusion matrix saved to /workspace/output/RandomForest_ES_seed2025_cm_2025-12-09.png
2025-12-09 14:20:16.575 | INFO | RandomForest submission saved to /workspace/output/RandomForest_ES_seed2025_submission.csv
2025-12-09 14:20:17.215 | INFO | RandomForest model serialized to /workspace/output/RandomForest_ES_seed2025_random_forest_2025-12-09.pth
2025-12-09 14:20:17.231 | INFO | Training RandomForestClassifier...
2025-12-09 14:20:20.669 | INFO | RandomForest validation accuracy: 87.15%
2025-12-09 14:20:20.669 | INFO | Validation report:
                 precision    recall  f1-score   support

Did Not Survive     0.8655    0.9364    0.8996       110
       Survived     0.8833    0.7681    0.8217        69

       accuracy                         0.8715       179
      macro avg     0.8744    0.8522    0.8606       179
   weighted avg     0.8724    0.8715    0.8696       179

2025-12-09 14:20:20.865 | INFO | Confusion matrix saved to /workspace/output/RandomForest_ES_seed777_cm_2025-12-09.png
2025-12-09 14:20:21.140 | INFO | RandomForest submission saved to /workspace/output/RandomForest_ES_seed777_submission.csv
2025-12-09 14:20:21.751 | INFO | RandomForest model serialized to /workspace/output/RandomForest_ES_seed777_random_forest_2025-12-09.pth
2025-12-09 14:20:21.754 | INFO | Best seed 777 achieved validation accuracy 87.15% with submission /workspace/output/RandomForest_ES_seed777_submission.csv
2025-12-09 14:20:21.965 | INFO | Submitting '/workspace/output/RandomForest_ES_seed777_submission.csv' to Kaggle competition 'titanic'
2025-12-09 14:20:46.680 | INFO | Using device: cuda
2025-12-09 14:20:53.145 | INFO | Loaded 891 training samples with 9 features
2025-12-09 14:20:53.156 | INFO | Training RandomForestClassifier...
2025-12-09 14:20:56.524 | INFO | RandomForest validation accuracy: 80.45%
2025-12-09 14:20:56.524 | INFO | Validation report:
                 precision    recall  f1-score   support

Did Not Survive     0.8378    0.8455    0.8416       110
       Survived     0.7500    0.7391    0.7445        69

       accuracy                         0.8045       179
      macro avg     0.7939    0.7923    0.7931       179
   weighted avg     0.8040    0.8045    0.8042       179

2025-12-09 14:20:56.744 | INFO | Confusion matrix saved to /workspace/output/RandomForest_ES_seed45_cm_2025-12-09.png
2025-12-09 14:20:57.017 | INFO | RandomForest submission saved to /workspace/output/RandomForest_ES_seed45_submission.csv
2025-12-09 14:20:57.549 | INFO | RandomForest model serialized to /workspace/output/RandomForest_ES_seed45_random_forest_2025-12-09.pth
2025-12-09 14:20:57.561 | INFO | Training RandomForestClassifier...
2025-12-09 14:21:01.195 | INFO | RandomForest validation accuracy: 80.45%
2025-12-09 14:21:01.196 | INFO | Validation report:
                 precision    recall  f1-score   support

Did Not Survive     0.8151    0.8818    0.8472       110
       Survived     0.7833    0.6812    0.7287        69

       accuracy                         0.8045       179
      macro avg     0.7992    0.7815    0.7879       179
   weighted avg     0.8029    0.8045    0.8015       179

2025-12-09 14:21:01.401 | INFO | Confusion matrix saved to /workspace/output/RandomForest_ES_seed2025_cm_2025-12-09.png
2025-12-09 14:21:01.690 | INFO | RandomForest submission saved to /workspace/output/RandomForest_ES_seed2025_submission.csv
2025-12-09 14:21:02.204 | INFO | RandomForest model serialized to /workspace/output/RandomForest_ES_seed2025_random_forest_2025-12-09.pth
2025-12-09 14:21:02.217 | INFO | Training RandomForestClassifier...
2025-12-09 14:21:05.891 | INFO | RandomForest validation accuracy: 86.59%
2025-12-09 14:21:05.892 | INFO | Validation report:
                 precision    recall  f1-score   support

Did Not Survive     0.8583    0.9364    0.8957       110
       Survived     0.8814    0.7536    0.8125        69

       accuracy                         0.8659       179
      macro avg     0.8698    0.8450    0.8541       179
   weighted avg     0.8672    0.8659    0.8636       179

2025-12-09 14:21:06.085 | INFO | Confusion matrix saved to /workspace/output/RandomForest_ES_seed777_cm_2025-12-09.png
2025-12-09 14:21:06.365 | INFO | RandomForest submission saved to /workspace/output/RandomForest_ES_seed777_submission.csv
2025-12-09 14:21:06.906 | INFO | RandomForest model serialized to /workspace/output/RandomForest_ES_seed777_random_forest_2025-12-09.pth
2025-12-09 14:21:06.909 | INFO | Best seed 777 achieved validation accuracy 86.59% with submission /workspace/output/RandomForest_ES_seed777_submission.csv
2025-12-09 14:21:07.112 | INFO | Submitting '/workspace/output/RandomForest_ES_seed777_submission.csv' to Kaggle competition 'titanic'
2025-12-09 14:44:37.929 | INFO | Using device: cuda
2025-12-09 14:44:44.503 | INFO | Loaded 891 training samples with 9 features
2025-12-09 14:44:44.514 | INFO | Training RandomForestClassifier...
2025-12-09 14:44:47.192 | INFO | RandomForest validation accuracy: 84.36%
2025-12-09 14:44:47.193 | INFO | Validation report:
                 precision    recall  f1-score   support

Did Not Survive     0.8475    0.9091    0.8772       110
       Survived     0.8361    0.7391    0.7846        69

       accuracy                         0.8436       179
      macro avg     0.8418    0.8241    0.8309       179
   weighted avg     0.8431    0.8436    0.8415       179

2025-12-09 14:44:47.405 | INFO | Confusion matrix saved to /workspace/output/RandomForest_ES_seed45_cm_2025-12-09.png
2025-12-09 14:44:47.657 | INFO | RandomForest submission saved to /workspace/output/RandomForest_ES_seed45_submission.csv
2025-12-09 14:44:47.929 | INFO | RandomForest model serialized to /workspace/output/RandomForest_ES_seed45_random_forest_2025-12-09.pth
2025-12-09 14:44:47.942 | INFO | Training RandomForestClassifier...
2025-12-09 14:44:50.804 | INFO | RandomForest validation accuracy: 81.56%
2025-12-09 14:44:50.804 | INFO | Validation report:
                 precision    recall  f1-score   support

Did Not Survive     0.8130    0.9091    0.8584       110
       Survived     0.8214    0.6667    0.7360        69

       accuracy                         0.8156       179
      macro avg     0.8172    0.7879    0.7972       179
   weighted avg     0.8163    0.8156    0.8112       179

2025-12-09 14:44:51.029 | INFO | Confusion matrix saved to /workspace/output/RandomForest_ES_seed2025_cm_2025-12-09.png
2025-12-09 14:44:51.295 | INFO | RandomForest submission saved to /workspace/output/RandomForest_ES_seed2025_submission.csv
2025-12-09 14:44:51.579 | INFO | RandomForest model serialized to /workspace/output/RandomForest_ES_seed2025_random_forest_2025-12-09.pth
2025-12-09 14:44:51.592 | INFO | Training RandomForestClassifier...
2025-12-09 14:44:54.325 | INFO | RandomForest validation accuracy: 85.47%
2025-12-09 14:44:54.326 | INFO | Validation report:
                 precision    recall  f1-score   support

Did Not Survive     0.8559    0.9182    0.8860       110
       Survived     0.8525    0.7536    0.8000        69

       accuracy                         0.8547       179
      macro avg     0.8542    0.8359    0.8430       179
   weighted avg     0.8546    0.8547    0.8528       179

2025-12-09 14:44:54.508 | INFO | Confusion matrix saved to /workspace/output/RandomForest_ES_seed777_cm_2025-12-09.png
2025-12-09 14:44:54.766 | INFO | RandomForest submission saved to /workspace/output/RandomForest_ES_seed777_submission.csv
2025-12-09 14:44:55.049 | INFO | RandomForest model serialized to /workspace/output/RandomForest_ES_seed777_random_forest_2025-12-09.pth
2025-12-09 14:44:55.052 | INFO | Best seed 777 achieved validation accuracy 85.47% with submission /workspace/output/RandomForest_ES_seed777_submission.csv
2025-12-09 14:50:21.739 | INFO | Using device: cuda
2025-12-09 14:50:28.023 | INFO | Loaded 891 training samples with 9 features
2025-12-09 14:50:28.034 | INFO | Training RandomForestClassifier...
2025-12-09 14:50:29.547 | INFO | RandomForest validation accuracy: 85.47%
2025-12-09 14:50:29.547 | INFO | Validation report:
                 precision    recall  f1-score   support

Did Not Survive     0.8559    0.9182    0.8860       110
       Survived     0.8525    0.7536    0.8000        69

       accuracy                         0.8547       179
      macro avg     0.8542    0.8359    0.8430       179
   weighted avg     0.8546    0.8547    0.8528       179

2025-12-09 14:50:29.743 | INFO | Confusion matrix saved to /workspace/output/RandomForest_ES_seed45_cm_2025-12-09.png
2025-12-09 14:50:29.882 | INFO | RandomForest submission saved to /workspace/output/RandomForest_ES_seed45_submission.csv
2025-12-09 14:50:30.000 | INFO | RandomForest model serialized to /workspace/output/RandomForest_ES_seed45_random_forest_2025-12-09.pth
2025-12-09 14:50:30.013 | INFO | Training RandomForestClassifier...
2025-12-09 14:50:31.405 | INFO | RandomForest validation accuracy: 82.12%
2025-12-09 14:50:31.405 | INFO | Validation report:
                 precision    recall  f1-score   support

Did Not Survive     0.8197    0.9091    0.8621       110
       Survived     0.8246    0.6812    0.7460        69

       accuracy                         0.8212       179
      macro avg     0.8221    0.7951    0.8041       179
   weighted avg     0.8216    0.8212    0.8173       179

2025-12-09 14:50:31.614 | INFO | Confusion matrix saved to /workspace/output/RandomForest_ES_seed2025_cm_2025-12-09.png
2025-12-09 14:50:31.767 | INFO | RandomForest submission saved to /workspace/output/RandomForest_ES_seed2025_submission.csv
2025-12-09 14:50:31.883 | INFO | RandomForest model serialized to /workspace/output/RandomForest_ES_seed2025_random_forest_2025-12-09.pth
2025-12-09 14:50:31.894 | INFO | Training RandomForestClassifier...
2025-12-09 14:50:33.281 | INFO | RandomForest validation accuracy: 85.47%
2025-12-09 14:50:33.282 | INFO | Validation report:
                 precision    recall  f1-score   support

Did Not Survive     0.8559    0.9182    0.8860       110
       Survived     0.8525    0.7536    0.8000        69

       accuracy                         0.8547       179
      macro avg     0.8542    0.8359    0.8430       179
   weighted avg     0.8546    0.8547    0.8528       179

2025-12-09 14:50:33.459 | INFO | Confusion matrix saved to /workspace/output/RandomForest_ES_seed777_cm_2025-12-09.png
2025-12-09 14:50:33.604 | INFO | RandomForest submission saved to /workspace/output/RandomForest_ES_seed777_submission.csv
2025-12-09 14:50:33.718 | INFO | RandomForest model serialized to /workspace/output/RandomForest_ES_seed777_random_forest_2025-12-09.pth
2025-12-09 14:50:33.720 | INFO | Best seed 45 achieved validation accuracy 85.47% with submission /workspace/output/RandomForest_ES_seed45_submission.csv
2025-12-09 15:49:42.017 | INFO | Using device: cuda
2025-12-09 15:49:48.740 | INFO | Loaded 891 training samples with 9 features
2025-12-09 15:49:48.751 | INFO | Training RandomForestClassifier...
2025-12-09 15:49:51.613 | INFO | RandomForest validation accuracy: 84.36%
2025-12-09 15:49:51.613 | INFO | Validation report:
                 precision    recall  f1-score   support

Did Not Survive     0.8475    0.9091    0.8772       110
       Survived     0.8361    0.7391    0.7846        69

       accuracy                         0.8436       179
      macro avg     0.8418    0.8241    0.8309       179
   weighted avg     0.8431    0.8436    0.8415       179

2025-12-09 15:49:51.861 | INFO | Confusion matrix saved to /workspace/output/RandomForest_ES_seed45_cm_2025-12-09.png
2025-12-09 15:49:52.124 | INFO | RandomForest submission saved to /workspace/output/RandomForest_ES_seed45_submission.csv
2025-12-09 15:49:52.414 | INFO | RandomForest model serialized to /workspace/output/RandomForest_ES_seed45_random_forest_2025-12-09.pth
2025-12-09 15:49:52.429 | INFO | Submission accuracy vs corrected ground truth: 0.7823 (327/418)
2025-12-09 15:49:52.439 | INFO | Training RandomForestClassifier...
2025-12-09 15:49:55.154 | INFO | RandomForest validation accuracy: 81.56%
2025-12-09 15:49:55.154 | INFO | Validation report:
                 precision    recall  f1-score   support

Did Not Survive     0.8130    0.9091    0.8584       110
       Survived     0.8214    0.6667    0.7360        69

       accuracy                         0.8156       179
      macro avg     0.8172    0.7879    0.7972       179
   weighted avg     0.8163    0.8156    0.8112       179

2025-12-09 15:49:55.371 | INFO | Confusion matrix saved to /workspace/output/RandomForest_ES_seed2025_cm_2025-12-09.png
2025-12-09 15:49:55.629 | INFO | RandomForest submission saved to /workspace/output/RandomForest_ES_seed2025_submission.csv
2025-12-09 15:49:55.914 | INFO | RandomForest model serialized to /workspace/output/RandomForest_ES_seed2025_random_forest_2025-12-09.pth
2025-12-09 15:49:55.920 | INFO | Submission accuracy vs corrected ground truth: 0.7799 (326/418)
2025-12-09 15:49:55.932 | INFO | Training RandomForestClassifier...
2025-12-09 15:49:58.619 | INFO | RandomForest validation accuracy: 85.47%
2025-12-09 15:49:58.620 | INFO | Validation report:
                 precision    recall  f1-score   support

Did Not Survive     0.8559    0.9182    0.8860       110
       Survived     0.8525    0.7536    0.8000        69

       accuracy                         0.8547       179
      macro avg     0.8542    0.8359    0.8430       179
   weighted avg     0.8546    0.8547    0.8528       179

2025-12-09 15:49:58.792 | INFO | Confusion matrix saved to /workspace/output/RandomForest_ES_seed777_cm_2025-12-09.png
2025-12-09 15:49:59.036 | INFO | RandomForest submission saved to /workspace/output/RandomForest_ES_seed777_submission.csv
2025-12-09 15:49:59.321 | INFO | RandomForest model serialized to /workspace/output/RandomForest_ES_seed777_random_forest_2025-12-09.pth
2025-12-09 15:49:59.327 | INFO | Submission accuracy vs corrected ground truth: 0.7967 (333/418)
2025-12-09 15:49:59.327 | INFO | Best seed 777 achieved validation accuracy 85.47% with submission /workspace/output/RandomForest_ES_seed777_submission.csv
