2025-12-10 13:50:46.656 | INFO | Running GridSearchCV for SVM (RBF kernel) with scaling...
2025-12-10 13:50:46.767 | INFO | Best SVM params: {'svc__C': 5.0, 'svc__gamma': 0.05} (cv accuracy 0.8174)
2025-12-10 13:50:46.777 | INFO | SVM validation accuracy: 86.03%
2025-12-10 13:50:46.777 | INFO | Validation report:
                 precision    recall  f1-score   support

Did Not Survive     0.8761    0.9000    0.8879       110
       Survived     0.8333    0.7971    0.8148        69

       accuracy                         0.8603       179
      macro avg     0.8547    0.8486    0.8514       179
   weighted avg     0.8596    0.8603    0.8597       179

2025-12-10 13:50:46.899 | INFO | Confusion matrix saved to E:\Henry\Github\Titanic-Machine-Learning-from-Disaster\output\svm_ES_seed777_cm_2025-12-10.png
2025-12-10 13:50:46.910 | INFO | SVM submission saved to E:\Henry\Github\Titanic-Machine-Learning-from-Disaster\output\svm_ES_seed777_submission.csv
2025-12-10 13:50:46.912 | INFO | SVM model serialized to E:\Henry\Github\Titanic-Machine-Learning-from-Disaster\output\svm_ES_seed777_svm_2025-12-10.pth
2025-12-10 13:50:46.914 | INFO | Submission accuracy vs corrected ground truth: 0.7727 (323/418)
2025-12-10 13:52:44.907 | INFO | Running GridSearchCV for SVM (RBF kernel) with scaling...
2025-12-10 13:52:45.014 | INFO | Best SVM params: {'svc__C': 5.0, 'svc__gamma': 0.05} (cv accuracy 0.8061)
2025-12-10 13:52:45.026 | INFO | SVM validation accuracy: 86.03%
2025-12-10 13:52:45.027 | INFO | Validation report:
                 precision    recall  f1-score   support

Did Not Survive     0.8829    0.8909    0.8869       110
       Survived     0.8235    0.8116    0.8175        69

       accuracy                         0.8603       179
      macro avg     0.8532    0.8513    0.8522       179
   weighted avg     0.8600    0.8603    0.8601       179

2025-12-10 13:52:45.154 | INFO | Confusion matrix saved to E:\Henry\Github\Titanic-Machine-Learning-from-Disaster\output\svm_ES_seed777_cm_2025-12-10.png
2025-12-10 13:52:45.166 | INFO | SVM submission saved to E:\Henry\Github\Titanic-Machine-Learning-from-Disaster\output\svm_ES_seed777_submission.csv
2025-12-10 13:52:45.167 | INFO | SVM model serialized to E:\Henry\Github\Titanic-Machine-Learning-from-Disaster\output\svm_ES_seed777_svm_2025-12-10.pth
2025-12-10 13:52:45.169 | INFO | Submission accuracy vs corrected ground truth: 0.7703 (322/418)
