2025-12-10 13:50:46.417 | INFO | Running GridSearchCV for SVM (RBF kernel) with scaling...
2025-12-10 13:50:46.509 | INFO | Best SVM params: {'svc__C': 2.0, 'svc__gamma': 0.05} (cv accuracy 0.8203)
2025-12-10 13:50:46.519 | INFO | SVM validation accuracy: 83.24%
2025-12-10 13:50:46.519 | INFO | Validation report:
                 precision    recall  f1-score   support

Did Not Survive     0.8571    0.8727    0.8649       110
       Survived     0.7910    0.7681    0.7794        69

       accuracy                         0.8324       179
      macro avg     0.8241    0.8204    0.8221       179
   weighted avg     0.8317    0.8324    0.8319       179

2025-12-10 13:50:46.639 | INFO | Confusion matrix saved to E:\Henry\Github\Titanic-Machine-Learning-from-Disaster\output\svm_ES_seed2025_cm_2025-12-10.png
2025-12-10 13:50:46.650 | INFO | SVM submission saved to E:\Henry\Github\Titanic-Machine-Learning-from-Disaster\output\svm_ES_seed2025_submission.csv
2025-12-10 13:50:46.651 | INFO | SVM model serialized to E:\Henry\Github\Titanic-Machine-Learning-from-Disaster\output\svm_ES_seed2025_svm_2025-12-10.pth
2025-12-10 13:50:46.653 | INFO | Submission accuracy vs corrected ground truth: 0.7656 (320/418)
2025-12-10 13:52:44.637 | INFO | Running GridSearchCV for SVM (RBF kernel) with scaling...
2025-12-10 13:52:44.745 | INFO | Best SVM params: {'svc__C': 1.0, 'svc__gamma': 0.05} (cv accuracy 0.8161)
2025-12-10 13:52:44.757 | INFO | SVM validation accuracy: 81.01%
2025-12-10 13:52:44.758 | INFO | Validation report:
                 precision    recall  f1-score   support

Did Not Survive     0.8455    0.8455    0.8455       110
       Survived     0.7536    0.7536    0.7536        69

       accuracy                         0.8101       179
      macro avg     0.7995    0.7995    0.7995       179
   weighted avg     0.8101    0.8101    0.8101       179

2025-12-10 13:52:44.887 | INFO | Confusion matrix saved to E:\Henry\Github\Titanic-Machine-Learning-from-Disaster\output\svm_ES_seed2025_cm_2025-12-10.png
2025-12-10 13:52:44.899 | INFO | SVM submission saved to E:\Henry\Github\Titanic-Machine-Learning-from-Disaster\output\svm_ES_seed2025_submission.csv
2025-12-10 13:52:44.901 | INFO | SVM model serialized to E:\Henry\Github\Titanic-Machine-Learning-from-Disaster\output\svm_ES_seed2025_svm_2025-12-10.pth
2025-12-10 13:52:44.903 | INFO | Submission accuracy vs corrected ground truth: 0.7608 (318/418)
